07:38:38 **** Incremental Build of configuration Debug for project Aufgabenblock_2 ****
make all 
make: Nothing to be done for `all'.
07:38:41 **** Incremental Build of configuration Debug for project Aufgabenblock_2 ****
make all 
make: Nothing to be done for `all'.
07:38:50 **** Incremental Build of configuration Debug for project Aufgabenblock_2 ****
make all 
make: Nothing to be done for `all'.
07:39:55 **** Incremental Build of configuration Debug for project Aufgabenblock_2 ****
make all 
make: Nothing to be done for `all'.
18:08:53 **** Incremental Build of configuration Debug for project Aufgabenblock_2 ****
make all 
Building file: ../src/Fahrrad.cpp
Invoking: GCC C++ Compiler
g++ -std=c++17 -O0 -g3 -Wall -c -fmessage-length=0 -MMD -MP -MF"src/Fahrrad.d" -MT"src/Fahrrad.o" -o "src/Fahrrad.o" "../src/Fahrrad.cpp"
Finished building: ../src/Fahrrad.cpp
 
Building file: ../src/Fahrzeug.cpp
Invoking: GCC C++ Compiler
g++ -std=c++17 -O0 -g3 -Wall -c -fmessage-length=0 -MMD -MP -MF"src/Fahrzeug.d" -MT"src/Fahrzeug.o" -o "src/Fahrzeug.o" "../src/Fahrzeug.cpp"
Finished building: ../src/Fahrzeug.cpp
 
Building file: ../src/PKW.cpp
Invoking: GCC C++ Compiler
g++ -std=c++17 -O0 -g3 -Wall -c -fmessage-length=0 -MMD -MP -MF"src/PKW.d" -MT"src/PKW.o" -o "src/PKW.o" "../src/PKW.cpp"
Finished building: ../src/PKW.cpp
 
Building file: ../src/Simulationsobjekt.cpp
Invoking: GCC C++ Compiler
g++ -std=c++17 -O0 -g3 -Wall -c -fmessage-length=0 -MMD -MP -MF"src/Simulationsobjekt.d" -MT"src/Simulationsobjekt.o" -o "src/Simulationsobjekt.o" "../src/Simulationsobjekt.cpp"
Finished building: ../src/Simulationsobjekt.cpp
 
Building file: ../src/Weg.cpp
Invoking: GCC C++ Compiler
g++ -std=c++17 -O0 -g3 -Wall -c -fmessage-length=0 -MMD -MP -MF"src/Weg.d" -MT"src/Weg.o" -o "src/Weg.o" "../src/Weg.cpp"
In file included from ../src/Weg.cpp:4:
../src/Weg.h:12:17: error: use of class template 'std::unique_ptr' requires template arguments
        std::list<std::unique_ptr> p_pFahrzeuge;
                       ^
/Library/Developer/CommandLineTools/SDKs/MacOSX.sdk/usr/include/c++/v1/__memory/unique_ptr.h:121:59: note: template is declared here
class _LIBCPP_UNIQUE_PTR_TRIVIAL_ABI _LIBCPP_TEMPLATE_VIS unique_ptr {
                                                          ^
In file included from ../src/Weg.cpp:4:
../src/Weg.h:11:9: warning: private field 'p_dLaenge' is not used [-Wunused-private-field]
        double p_dLaenge;
               ^
../src/Weg.h:12:29: warning: private field 'p_pFahrzeuge' is not used [-Wunused-private-field]
        std::list<std::unique_ptr> p_pFahrzeuge;
                                   ^
2 warnings and 1 error generated.
make: *** [src/Weg.o] Error 1
"make all" terminated with exit code 2. Build might be incomplete.
18:10:23 **** Incremental Build of configuration Debug for project Aufgabenblock_2 ****
make all 
Building file: ../src/Weg.cpp
Invoking: GCC C++ Compiler
g++ -std=c++17 -O0 -g3 -Wall -c -fmessage-length=0 -MMD -MP -MF"src/Weg.d" -MT"src/Weg.o" -o "src/Weg.o" "../src/Weg.cpp"
Finished building: ../src/Weg.cpp
 
Building file: ../src/main.cpp
Invoking: GCC C++ Compiler
g++ -std=c++17 -O0 -g3 -Wall -c -fmessage-length=0 -MMD -MP -MF"src/main.d" -MT"src/main.o" -o "src/main.o" "../src/main.cpp"
Finished building: ../src/main.cpp
 
Building target: Aufgabenblock_2
Invoking: MacOS X C++ Linker
g++  -o "Aufgabenblock_2"  ./src/Fahrrad.o ./src/Fahrzeug.o ./src/PKW.o ./src/Simulationsobjekt.o ./src/Weg.o ./src/main.o   
Finished building target: Aufgabenblock_2
 
12:23:31 **** Incremental Build of configuration Debug for project Aufgabenblock_2 ****
make all 
Building file: ../src/Weg.cpp
Invoking: GCC C++ Compiler
g++ -std=c++17 -O0 -g3 -Wall -c -fmessage-length=0 -MMD -MP -MF"src/Weg.d" -MT"src/Weg.o" -o "src/Weg.o" "../src/Weg.cpp"
Finished building: ../src/Weg.cpp
 
Building target: Aufgabenblock_2
Invoking: MacOS X C++ Linker
g++  -o "Aufgabenblock_2"  ./src/Fahrrad.o ./src/Fahrzeug.o ./src/PKW.o ./src/Simulationsobjekt.o ./src/Weg.o ./src/main.o   
Finished building target: Aufgabenblock_2
 
12:30:13 **** Incremental Build of configuration Debug for project Aufgabenblock_2 ****
make all 
Building file: ../src/main.cpp
Invoking: GCC C++ Compiler
g++ -std=c++17 -O0 -g3 -Wall -c -fmessage-length=0 -MMD -MP -MF"src/main.d" -MT"src/main.o" -o "src/main.o" "../src/main.cpp"
Finished building: ../src/main.cpp
 
Building target: Aufgabenblock_2
Invoking: MacOS X C++ Linker
g++  -o "Aufgabenblock_2"  ./src/Fahrrad.o ./src/Fahrzeug.o ./src/PKW.o ./src/Simulationsobjekt.o ./src/Weg.o ./src/main.o   
Finished building target: Aufgabenblock_2
 
12:31:18 **** Incremental Build of configuration Debug for project Aufgabenblock_2 ****
make all 
Building file: ../src/main.cpp
Invoking: GCC C++ Compiler
g++ -std=c++17 -O0 -g3 -Wall -c -fmessage-length=0 -MMD -MP -MF"src/main.d" -MT"src/main.o" -o "src/main.o" "../src/main.cpp"
Finished building: ../src/main.cpp
 
Building target: Aufgabenblock_2
Invoking: MacOS X C++ Linker
g++  -o "Aufgabenblock_2"  ./src/Fahrrad.o ./src/Fahrzeug.o ./src/PKW.o ./src/Simulationsobjekt.o ./src/Weg.o ./src/main.o   
Finished building target: Aufgabenblock_2
 
12:31:56 **** Incremental Build of configuration Debug for project Aufgabenblock_2 ****
make all 
Building file: ../src/main.cpp
Invoking: GCC C++ Compiler
g++ -std=c++17 -O0 -g3 -Wall -c -fmessage-length=0 -MMD -MP -MF"src/main.d" -MT"src/main.o" -o "src/main.o" "../src/main.cpp"
Finished building: ../src/main.cpp
 
Building target: Aufgabenblock_2
Invoking: MacOS X C++ Linker
g++  -o "Aufgabenblock_2"  ./src/Fahrrad.o ./src/Fahrzeug.o ./src/PKW.o ./src/Simulationsobjekt.o ./src/Weg.o ./src/main.o   
Finished building target: Aufgabenblock_2
 
12:35:42 **** Incremental Build of configuration Debug for project Aufgabenblock_2 ****
make all 
Building file: ../src/Weg.cpp
Invoking: GCC C++ Compiler
g++ -std=c++17 -O0 -g3 -Wall -c -fmessage-length=0 -MMD -MP -MF"src/Weg.d" -MT"src/Weg.o" -o "src/Weg.o" "../src/Weg.cpp"
../src/Weg.cpp:58:27: error: use of undeclared identifier 'getFahrzeuge'; did you mean 'Fahrzeug'?
  std::string fahrzeuge = getFahrzeuge(p_pFahrzeuge);
                          ^
../src/Fahrzeug.h:11:7: note: 'Fahrzeug' declared here
class Fahrzeug : public Simulationsobjekt {
      ^
In file included from ../src/Weg.cpp:1:
In file included from /Library/Developer/CommandLineTools/SDKs/MacOSX.sdk/usr/include/c++/v1/iostream:37:
In file included from /Library/Developer/CommandLineTools/SDKs/MacOSX.sdk/usr/include/c++/v1/ios:214:
In file included from /Library/Developer/CommandLineTools/SDKs/MacOSX.sdk/usr/include/c++/v1/__locale:15:
In file included from /Library/Developer/CommandLineTools/SDKs/MacOSX.sdk/usr/include/c++/v1/string:522:
In file included from /Library/Developer/CommandLineTools/SDKs/MacOSX.sdk/usr/include/c++/v1/algorithm:653:
In file included from /Library/Developer/CommandLineTools/SDKs/MacOSX.sdk/usr/include/c++/v1/functional:500:
In file included from /Library/Developer/CommandLineTools/SDKs/MacOSX.sdk/usr/include/c++/v1/__functional/function.h:20:
In file included from /Library/Developer/CommandLineTools/SDKs/MacOSX.sdk/usr/include/c++/v1/__memory/shared_ptr.h:22:
/Library/Developer/CommandLineTools/SDKs/MacOSX.sdk/usr/include/c++/v1/__memory/allocator.h:154:28: error: call to implicitly-deleted copy constructor of 'std::unique_ptr<Fahrzeug>'
        ::new ((void*)__p) _Up(_VSTD::forward<_Args>(__args)...);
                           ^   ~~~~~~~~~~~~~~~~~~~~~~~~~~~~~
/Library/Developer/CommandLineTools/SDKs/MacOSX.sdk/usr/include/c++/v1/__memory/allocator_traits.h:290:13: note: in instantiation of function template specialization 'std::allocator<std::__list_node<std::unique_ptr<Fahrzeug>, void *>>::construct<std::unique_ptr<Fahrzeug>, const std::unique_ptr<Fahrzeug> &>' requested here
        __a.construct(__p, _VSTD::forward<_Args>(__args)...);
            ^
/Library/Developer/CommandLineTools/SDKs/MacOSX.sdk/usr/include/c++/v1/list:1617:26: note: in instantiation of function template specialization 'std::allocator_traits<std::allocator<std::__list_node<std::unique_ptr<Fahrzeug>, void *>>>::construct<std::unique_ptr<Fahrzeug>, const std::unique_ptr<Fahrzeug> &, void>' requested here
    __node_alloc_traits::construct(__na, _VSTD::addressof(__hold->__value_), __x);
                         ^
/Library/Developer/CommandLineTools/SDKs/MacOSX.sdk/usr/include/c++/v1/list:1286:9: note: in instantiation of member function 'std::list<std::unique_ptr<Fahrzeug>>::push_back' requested here
        push_back(*__i);
        ^
../src/Weg.cpp:85:40: note: in instantiation of member function 'std::list<std::unique_ptr<Fahrzeug>>::list' requested here
  std::string fahrzeuge = getFahrzeuge(p_pFahrzeuge);
                                       ^
/Library/Developer/CommandLineTools/SDKs/MacOSX.sdk/usr/include/c++/v1/__memory/unique_ptr.h:213:3: note: copy constructor is implicitly deleted because 'unique_ptr<Fahrzeug>' has a user-declared move constructor
  unique_ptr(unique_ptr&& __u) _NOEXCEPT
  ^
2 errors generated.
make: *** [src/Weg.o] Error 1
"make all" terminated with exit code 2. Build might be incomplete.
12:37:20 **** Incremental Build of configuration Debug for project Aufgabenblock_2 ****
make all 
Building file: ../src/Weg.cpp
Invoking: GCC C++ Compiler
g++ -std=c++17 -O0 -g3 -Wall -c -fmessage-length=0 -MMD -MP -MF"src/Weg.d" -MT"src/Weg.o" -o "src/Weg.o" "../src/Weg.cpp"
../src/Weg.cpp:85:32: error: 'this' argument to member function 'getFahrzeuge' has type 'const Weg', but function is not marked const
  std::string fahrzeuge = Weg::getFahrzeuge(p_pFahrzeuge);
                               ^~~~~~~~~~~~
../src/Weg.cpp:69:18: note: 'getFahrzeuge' declared here
std::string Weg::getFahrzeuge(std::list<std::unique_ptr<Fahrzeug>> p_pFahrzeuge) {
                 ^
In file included from ../src/Weg.cpp:1:
In file included from /Library/Developer/CommandLineTools/SDKs/MacOSX.sdk/usr/include/c++/v1/iostream:37:
In file included from /Library/Developer/CommandLineTools/SDKs/MacOSX.sdk/usr/include/c++/v1/ios:214:
In file included from /Library/Developer/CommandLineTools/SDKs/MacOSX.sdk/usr/include/c++/v1/__locale:15:
In file included from /Library/Developer/CommandLineTools/SDKs/MacOSX.sdk/usr/include/c++/v1/string:522:
In file included from /Library/Developer/CommandLineTools/SDKs/MacOSX.sdk/usr/include/c++/v1/algorithm:653:
In file included from /Library/Developer/CommandLineTools/SDKs/MacOSX.sdk/usr/include/c++/v1/functional:500:
In file included from /Library/Developer/CommandLineTools/SDKs/MacOSX.sdk/usr/include/c++/v1/__functional/function.h:20:
In file included from /Library/Developer/CommandLineTools/SDKs/MacOSX.sdk/usr/include/c++/v1/__memory/shared_ptr.h:22:
/Library/Developer/CommandLineTools/SDKs/MacOSX.sdk/usr/include/c++/v1/__memory/allocator.h:154:28: error: call to implicitly-deleted copy constructor of 'std::unique_ptr<Fahrzeug>'
        ::new ((void*)__p) _Up(_VSTD::forward<_Args>(__args)...);
                           ^   ~~~~~~~~~~~~~~~~~~~~~~~~~~~~~
/Library/Developer/CommandLineTools/SDKs/MacOSX.sdk/usr/include/c++/v1/__memory/allocator_traits.h:290:13: note: in instantiation of function template specialization 'std::allocator<std::__list_node<std::unique_ptr<Fahrzeug>, void *>>::construct<std::unique_ptr<Fahrzeug>, const std::unique_ptr<Fahrzeug> &>' requested here
        __a.construct(__p, _VSTD::forward<_Args>(__args)...);
            ^
/Library/Developer/CommandLineTools/SDKs/MacOSX.sdk/usr/include/c++/v1/list:1617:26: note: in instantiation of function template specialization 'std::allocator_traits<std::allocator<std::__list_node<std::unique_ptr<Fahrzeug>, void *>>>::construct<std::unique_ptr<Fahrzeug>, const std::unique_ptr<Fahrzeug> &, void>' requested here
    __node_alloc_traits::construct(__na, _VSTD::addressof(__hold->__value_), __x);
                         ^
/Library/Developer/CommandLineTools/SDKs/MacOSX.sdk/usr/include/c++/v1/list:1286:9: note: in instantiation of member function 'std::list<std::unique_ptr<Fahrzeug>>::push_back' requested here
        push_back(*__i);
        ^
../src/Weg.cpp:58:45: note: in instantiation of member function 'std::list<std::unique_ptr<Fahrzeug>>::list' requested here
  std::string fahrzeuge = Weg::getFahrzeuge(p_pFahrzeuge);
                                            ^
/Library/Developer/CommandLineTools/SDKs/MacOSX.sdk/usr/include/c++/v1/__memory/unique_ptr.h:213:3: note: copy constructor is implicitly deleted because 'unique_ptr<Fahrzeug>' has a user-declared move constructor
  unique_ptr(unique_ptr&& __u) _NOEXCEPT
  ^
2 errors generated.
make: *** [src/Weg.o] Error 1
"make all" terminated with exit code 2. Build might be incomplete.
12:38:09 **** Incremental Build of configuration Debug for project Aufgabenblock_2 ****
make all 
Building file: ../src/Weg.cpp
Invoking: GCC C++ Compiler
g++ -std=c++17 -O0 -g3 -Wall -c -fmessage-length=0 -MMD -MP -MF"src/Weg.d" -MT"src/Weg.o" -o "src/Weg.o" "../src/Weg.cpp"
../src/Weg.cpp:69:18: error: out-of-line definition of 'getFahrzeuge' does not match any declaration in 'Weg'
std::string Weg::getFahrzeuge(std::list<std::unique_ptr<Fahrzeug>> p_pFahrzeuge) const {
                 ^~~~~~~~~~~~
../src/Weg.h:46:14: note: member declaration does not match because it is not const qualified
        std::string getFahrzeuge(std::list<std::unique_ptr<Fahrzeug>> p_pFahrzeuge);
                    ^                                                             ~
../src/Weg.cpp:85:32: error: 'this' argument to member function 'getFahrzeuge' has type 'const Weg', but function is not marked const
  std::string fahrzeuge = Weg::getFahrzeuge(p_pFahrzeuge);
                               ^~~~~~~~~~~~
../src/Weg.h:46:14: note: 'getFahrzeuge' declared here
        std::string getFahrzeuge(std::list<std::unique_ptr<Fahrzeug>> p_pFahrzeuge);
                    ^
In file included from ../src/Weg.cpp:1:
In file included from /Library/Developer/CommandLineTools/SDKs/MacOSX.sdk/usr/include/c++/v1/iostream:37:
In file included from /Library/Developer/CommandLineTools/SDKs/MacOSX.sdk/usr/include/c++/v1/ios:214:
In file included from /Library/Developer/CommandLineTools/SDKs/MacOSX.sdk/usr/include/c++/v1/__locale:15:
In file included from /Library/Developer/CommandLineTools/SDKs/MacOSX.sdk/usr/include/c++/v1/string:522:
In file included from /Library/Developer/CommandLineTools/SDKs/MacOSX.sdk/usr/include/c++/v1/algorithm:653:
In file included from /Library/Developer/CommandLineTools/SDKs/MacOSX.sdk/usr/include/c++/v1/functional:500:
In file included from /Library/Developer/CommandLineTools/SDKs/MacOSX.sdk/usr/include/c++/v1/__functional/function.h:20:
In file included from /Library/Developer/CommandLineTools/SDKs/MacOSX.sdk/usr/include/c++/v1/__memory/shared_ptr.h:22:
/Library/Developer/CommandLineTools/SDKs/MacOSX.sdk/usr/include/c++/v1/__memory/allocator.h:154:28: error: call to implicitly-deleted copy constructor of 'std::unique_ptr<Fahrzeug>'
        ::new ((void*)__p) _Up(_VSTD::forward<_Args>(__args)...);
                           ^   ~~~~~~~~~~~~~~~~~~~~~~~~~~~~~
/Library/Developer/CommandLineTools/SDKs/MacOSX.sdk/usr/include/c++/v1/__memory/allocator_traits.h:290:13: note: in instantiation of function template specialization 'std::allocator<std::__list_node<std::unique_ptr<Fahrzeug>, void *>>::construct<std::unique_ptr<Fahrzeug>, const std::unique_ptr<Fahrzeug> &>' requested here
        __a.construct(__p, _VSTD::forward<_Args>(__args)...);
            ^
/Library/Developer/CommandLineTools/SDKs/MacOSX.sdk/usr/include/c++/v1/list:1617:26: note: in instantiation of function template specialization 'std::allocator_traits<std::allocator<std::__list_node<std::unique_ptr<Fahrzeug>, void *>>>::construct<std::unique_ptr<Fahrzeug>, const std::unique_ptr<Fahrzeug> &, void>' requested here
    __node_alloc_traits::construct(__na, _VSTD::addressof(__hold->__value_), __x);
                         ^
/Library/Developer/CommandLineTools/SDKs/MacOSX.sdk/usr/include/c++/v1/list:1286:9: note: in instantiation of member function 'std::list<std::unique_ptr<Fahrzeug>>::push_back' requested here
        push_back(*__i);
        ^
../src/Weg.cpp:58:45: note: in instantiation of member function 'std::list<std::unique_ptr<Fahrzeug>>::list' requested here
  std::string fahrzeuge = Weg::getFahrzeuge(p_pFahrzeuge);
                                            ^
/Library/Developer/CommandLineTools/SDKs/MacOSX.sdk/usr/include/c++/v1/__memory/unique_ptr.h:213:3: note: copy constructor is implicitly deleted because 'unique_ptr<Fahrzeug>' has a user-declared move constructor
  unique_ptr(unique_ptr&& __u) _NOEXCEPT
  ^
3 errors generated.
make: *** [src/Weg.o] Error 1
"make all" terminated with exit code 2. Build might be incomplete.
12:38:45 **** Incremental Build of configuration Debug for project Aufgabenblock_2 ****
make all 
Building file: ../src/Weg.cpp
Invoking: GCC C++ Compiler
g++ -std=c++17 -O0 -g3 -Wall -c -fmessage-length=0 -MMD -MP -MF"src/Weg.d" -MT"src/Weg.o" -o "src/Weg.o" "../src/Weg.cpp"
Finished building: ../src/Weg.cpp
 
Building file: ../src/main.cpp
Invoking: GCC C++ Compiler
g++ -std=c++17 -O0 -g3 -Wall -c -fmessage-length=0 -MMD -MP -MF"src/main.d" -MT"src/main.o" -o "src/main.o" "../src/main.cpp"
Finished building: ../src/main.cpp
 
Building target: Aufgabenblock_2
Invoking: MacOS X C++ Linker
g++  -o "Aufgabenblock_2"  ./src/Fahrrad.o ./src/Fahrzeug.o ./src/PKW.o ./src/Simulationsobjekt.o ./src/Weg.o ./src/main.o   
Finished building target: Aufgabenblock_2
 
12:39:39 **** Incremental Build of configuration Debug for project Aufgabenblock_2 ****
make all 
Building file: ../src/Weg.cpp
Invoking: GCC C++ Compiler
g++ -std=c++17 -O0 -g3 -Wall -c -fmessage-length=0 -MMD -MP -MF"src/Weg.d" -MT"src/Weg.o" -o "src/Weg.o" "../src/Weg.cpp"
Finished building: ../src/Weg.cpp
 
Building target: Aufgabenblock_2
Invoking: MacOS X C++ Linker
g++  -o "Aufgabenblock_2"  ./src/Fahrrad.o ./src/Fahrzeug.o ./src/PKW.o ./src/Simulationsobjekt.o ./src/Weg.o ./src/main.o   
Finished building target: Aufgabenblock_2
 
12:40:28 **** Incremental Build of configuration Debug for project Aufgabenblock_2 ****
make all 
Building file: ../src/Weg.cpp
Invoking: GCC C++ Compiler
g++ -std=c++17 -O0 -g3 -Wall -c -fmessage-length=0 -MMD -MP -MF"src/Weg.d" -MT"src/Weg.o" -o "src/Weg.o" "../src/Weg.cpp"
Finished building: ../src/Weg.cpp
 
Building target: Aufgabenblock_2
Invoking: MacOS X C++ Linker
g++  -o "Aufgabenblock_2"  ./src/Fahrrad.o ./src/Fahrzeug.o ./src/PKW.o ./src/Simulationsobjekt.o ./src/Weg.o ./src/main.o   
Finished building target: Aufgabenblock_2
 
12:40:42 **** Incremental Build of configuration Debug for project Aufgabenblock_2 ****
make all 
Building file: ../src/Weg.cpp
Invoking: GCC C++ Compiler
g++ -std=c++17 -O0 -g3 -Wall -c -fmessage-length=0 -MMD -MP -MF"src/Weg.d" -MT"src/Weg.o" -o "src/Weg.o" "../src/Weg.cpp"
Finished building: ../src/Weg.cpp
 
Building target: Aufgabenblock_2
Invoking: MacOS X C++ Linker
g++  -o "Aufgabenblock_2"  ./src/Fahrrad.o ./src/Fahrzeug.o ./src/PKW.o ./src/Simulationsobjekt.o ./src/Weg.o ./src/main.o   
Finished building target: Aufgabenblock_2
 
12:41:05 **** Incremental Build of configuration Debug for project Aufgabenblock_2 ****
make all 
Building file: ../src/main.cpp
Invoking: GCC C++ Compiler
g++ -std=c++17 -O0 -g3 -Wall -c -fmessage-length=0 -MMD -MP -MF"src/main.d" -MT"src/main.o" -o "src/main.o" "../src/main.cpp"
Finished building: ../src/main.cpp
 
Building target: Aufgabenblock_2
Invoking: MacOS X C++ Linker
g++  -o "Aufgabenblock_2"  ./src/Fahrrad.o ./src/Fahrzeug.o ./src/PKW.o ./src/Simulationsobjekt.o ./src/Weg.o ./src/main.o   
Finished building target: Aufgabenblock_2
 
12:48:35 **** Incremental Build of configuration Debug for project Aufgabenblock_2 ****
make all 
Building file: ../src/Weg.cpp
Invoking: GCC C++ Compiler
g++ -std=c++17 -O0 -g3 -Wall -c -fmessage-length=0 -MMD -MP -MF"src/Weg.d" -MT"src/Weg.o" -o "src/Weg.o" "../src/Weg.cpp"
Finished building: ../src/Weg.cpp
 
Building file: ../src/main.cpp
Invoking: GCC C++ Compiler
g++ -std=c++17 -O0 -g3 -Wall -c -fmessage-length=0 -MMD -MP -MF"src/main.d" -MT"src/main.o" -o "src/main.o" "../src/main.cpp"
Finished building: ../src/main.cpp
 
Building target: Aufgabenblock_2
Invoking: MacOS X C++ Linker
g++  -o "Aufgabenblock_2"  ./src/Fahrrad.o ./src/Fahrzeug.o ./src/PKW.o ./src/Simulationsobjekt.o ./src/Weg.o ./src/main.o   
Finished building target: Aufgabenblock_2
 
12:48:46 **** Incremental Build of configuration Debug for project Aufgabenblock_2 ****
make all 
Building file: ../src/Fahrrad.cpp
Invoking: GCC C++ Compiler
g++ -std=c++17 -O0 -g3 -Wall -c -fmessage-length=0 -MMD -MP -MF"src/Fahrrad.d" -MT"src/Fahrrad.o" -o "src/Fahrrad.o" "../src/Fahrrad.cpp"
Finished building: ../src/Fahrrad.cpp
 
Building file: ../src/Fahrzeug.cpp
Invoking: GCC C++ Compiler
g++ -std=c++17 -O0 -g3 -Wall -c -fmessage-length=0 -MMD -MP -MF"src/Fahrzeug.d" -MT"src/Fahrzeug.o" -o "src/Fahrzeug.o" "../src/Fahrzeug.cpp"
Finished building: ../src/Fahrzeug.cpp
 
Building file: ../src/PKW.cpp
Invoking: GCC C++ Compiler
g++ -std=c++17 -O0 -g3 -Wall -c -fmessage-length=0 -MMD -MP -MF"src/PKW.d" -MT"src/PKW.o" -o "src/PKW.o" "../src/PKW.cpp"
Finished building: ../src/PKW.cpp
 
Building file: ../src/Simulationsobjekt.cpp
Invoking: GCC C++ Compiler
g++ -std=c++17 -O0 -g3 -Wall -c -fmessage-length=0 -MMD -MP -MF"src/Simulationsobjekt.d" -MT"src/Simulationsobjekt.o" -o "src/Simulationsobjekt.o" "../src/Simulationsobjekt.cpp"
Finished building: ../src/Simulationsobjekt.cpp
 
Building file: ../src/Weg.cpp
Invoking: GCC C++ Compiler
g++ -std=c++17 -O0 -g3 -Wall -c -fmessage-length=0 -MMD -MP -MF"src/Weg.d" -MT"src/Weg.o" -o "src/Weg.o" "../src/Weg.cpp"
Finished building: ../src/Weg.cpp
 
Building file: ../src/main.cpp
Invoking: GCC C++ Compiler
g++ -std=c++17 -O0 -g3 -Wall -c -fmessage-length=0 -MMD -MP -MF"src/main.d" -MT"src/main.o" -o "src/main.o" "../src/main.cpp"
Finished building: ../src/main.cpp
 
Building target: Aufgabenblock_2
Invoking: MacOS X C++ Linker
g++  -o "Aufgabenblock_2"  ./src/Fahrrad.o ./src/Fahrzeug.o ./src/PKW.o ./src/Simulationsobjekt.o ./src/Weg.o ./src/main.o   
Finished building target: Aufgabenblock_2
 
12:53:11 **** Incremental Build of configuration Debug for project Aufgabenblock_2 ****
make all 
Building file: ../src/Weg.cpp
Invoking: GCC C++ Compiler
g++ -std=c++17 -O0 -g3 -Wall -c -fmessage-length=0 -MMD -MP -MF"src/Weg.d" -MT"src/Weg.o" -o "src/Weg.o" "../src/Weg.cpp"
Finished building: ../src/Weg.cpp
 
Building file: ../src/main.cpp
Invoking: GCC C++ Compiler
g++ -std=c++17 -O0 -g3 -Wall -c -fmessage-length=0 -MMD -MP -MF"src/main.d" -MT"src/main.o" -o "src/main.o" "../src/main.cpp"
Finished building: ../src/main.cpp
 
Building target: Aufgabenblock_2
Invoking: MacOS X C++ Linker
g++  -o "Aufgabenblock_2"  ./src/Fahrrad.o ./src/Fahrzeug.o ./src/PKW.o ./src/Simulationsobjekt.o ./src/Weg.o ./src/main.o   
Finished building target: Aufgabenblock_2
 
12:53:29 **** Incremental Build of configuration Debug for project Aufgabenblock_2 ****
make all 
Building file: ../src/main.cpp
Invoking: GCC C++ Compiler
g++ -std=c++17 -O0 -g3 -Wall -c -fmessage-length=0 -MMD -MP -MF"src/main.d" -MT"src/main.o" -o "src/main.o" "../src/main.cpp"
Finished building: ../src/main.cpp
 
Building target: Aufgabenblock_2
Invoking: MacOS X C++ Linker
g++  -o "Aufgabenblock_2"  ./src/Fahrrad.o ./src/Fahrzeug.o ./src/PKW.o ./src/Simulationsobjekt.o ./src/Weg.o ./src/main.o   
Finished building target: Aufgabenblock_2
 
12:53:37 **** Incremental Build of configuration Debug for project Aufgabenblock_2 ****
make all 
Building file: ../src/main.cpp
Invoking: GCC C++ Compiler
g++ -std=c++17 -O0 -g3 -Wall -c -fmessage-length=0 -MMD -MP -MF"src/main.d" -MT"src/main.o" -o "src/main.o" "../src/main.cpp"
Finished building: ../src/main.cpp
 
Building target: Aufgabenblock_2
Invoking: MacOS X C++ Linker
g++  -o "Aufgabenblock_2"  ./src/Fahrrad.o ./src/Fahrzeug.o ./src/PKW.o ./src/Simulationsobjekt.o ./src/Weg.o ./src/main.o   
Finished building target: Aufgabenblock_2
 
12:53:57 **** Incremental Build of configuration Debug for project Aufgabenblock_2 ****
make all 
Building file: ../src/main.cpp
Invoking: GCC C++ Compiler
g++ -std=c++17 -O0 -g3 -Wall -c -fmessage-length=0 -MMD -MP -MF"src/main.d" -MT"src/main.o" -o "src/main.o" "../src/main.cpp"
Finished building: ../src/main.cpp
 
Building target: Aufgabenblock_2
Invoking: MacOS X C++ Linker
g++  -o "Aufgabenblock_2"  ./src/Fahrrad.o ./src/Fahrzeug.o ./src/PKW.o ./src/Simulationsobjekt.o ./src/Weg.o ./src/main.o   
Finished building target: Aufgabenblock_2
 
13:06:58 **** Incremental Build of configuration Debug for project Aufgabenblock_2 ****
make all 
Building file: ../src/Fahrrad.cpp
Invoking: GCC C++ Compiler
g++ -std=c++17 -O0 -g3 -Wall -c -fmessage-length=0 -MMD -MP -MF"src/Fahrrad.d" -MT"src/Fahrrad.o" -o "src/Fahrrad.o" "../src/Fahrrad.cpp"
In file included from ../src/Fahrrad.cpp:3:
../src/Fahrrad.h:8:24: error: base class has incomplete type
class Fahrrad : public Fahrzeug {
                ~~~~~~~^~~~~~~~
../src/Fahrrad.h:6:7: note: forward declaration of 'Fahrzeug'
class Fahrzeug;
      ^
../src/Fahrrad.h:17:28: error: only virtual member functions can be marked 'override'
        double dGeschwindigkeit() override;
                                  ^~~~~~~~
../src/Fahrrad.h:20:19: error: only virtual member functions can be marked 'override'
        void vAusgeben() override;
                         ^~~~~~~~
../src/Fahrrad.h:23:40: error: only virtual member functions can be marked 'override'
        void vAusgeben(std::ostream& o) const override;
                                              ^~~~~~~~
../src/Fahrrad.h:26:21: error: only virtual member functions can be marked 'override'
        void vSimulieren() override;
                           ^~~~~~~~
../src/Fahrrad.cpp:6:22: error: type 'Fahrzeug' is not a direct or virtual base of 'Fahrrad'
Fahrrad::Fahrrad() : Fahrzeug() {
                     ^~~~~~~~
../src/Fahrrad.cpp:7:7: error: no member named 'cout' in namespace 'std'
        std::cout << "Das Fahrzeug ist ein Fahrrad." << std::endl;
        ~~~~~^
../src/Fahrrad.cpp:12:4: error: type 'Fahrzeug' is not a direct or virtual base of 'Fahrrad'
        : Fahrzeug(sName, dMaxGeschwindigkeit) {
          ^~~~~~~~
../src/Fahrrad.cpp:13:7: error: no member named 'cout' in namespace 'std'
        std::cout << "Das Fahrzeug ist ein Fahrrad." << std::endl;
        ~~~~~^
../src/Fahrrad.cpp:18:7: error: no member named 'cout' in namespace 'std'
        std::cout << "(-) " << "Das Fahrzeug ist ein Fahrrad." << std::endl;
        ~~~~~^
../src/Fahrrad.cpp:23:5: error: use of undeclared identifier 'p_dMaxGeschwindigkeit'
        if(p_dMaxGeschwindigkeit < 12) {
           ^
../src/Fahrrad.cpp:24:29: error: use of undeclared identifier 'p_dMaxGeschwindigkeit'
                double dGeschwindigkeit = p_dMaxGeschwindigkeit;
                                          ^
../src/Fahrrad.cpp:29:27: error: use of undeclared identifier 'p_dGesamtStrecke'
        int iAbschnitte = (int) (p_dGesamtStrecke / 20);
                                 ^
../src/Fahrrad.cpp:32:28: error: use of undeclared identifier 'p_dMaxGeschwindigkeit'
        double dGeschwindigkeit = p_dMaxGeschwindigkeit * pow(1.0-0.1, iAbschnitte);
                                  ^
../src/Fahrrad.cpp:43:2: error: use of undeclared identifier 'Simulationsobjekt'
        Simulationsobjekt::vAusgeben();
        ^
../src/Fahrrad.cpp:44:2: error: incomplete type 'Fahrzeug' named in nested name specifier
        Fahrzeug::vAusgeben();
        ^~~~~~~~~~
../src/Fahrrad.h:6:7: note: forward declaration of 'Fahrzeug'
class Fahrzeug;
      ^
../src/Fahrrad.cpp:45:7: error: no member named 'cout' in namespace 'std'
        std::cout << std::setw(30)
        ~~~~~^
../src/Fahrrad.cpp:54:2: error: use of undeclared identifier 'Simulationsobjekt'
        Simulationsobjekt::vAusgeben(o);
        ^
../src/Fahrrad.cpp:55:2: error: incomplete type 'Fahrzeug' named in nested name specifier
        Fahrzeug::vAusgeben(o);
        ^~~~~~~~~~
../src/Fahrrad.h:6:7: note: forward declaration of 'Fahrzeug'
class Fahrzeug;
      ^
fatal error: too many errors emitted, stopping now [-ferror-limit=]
20 errors generated.
make: *** [src/Fahrrad.o] Error 1
"make all" terminated with exit code 2. Build might be incomplete.
13:08:41 **** Incremental Build of configuration Debug for project Aufgabenblock_2 ****
make all 
Building file: ../src/Fahrrad.cpp
Invoking: GCC C++ Compiler
g++ -std=c++17 -O0 -g3 -Wall -c -fmessage-length=0 -MMD -MP -MF"src/Fahrrad.d" -MT"src/Fahrrad.o" -o "src/Fahrrad.o" "../src/Fahrrad.cpp"
Finished building: ../src/Fahrrad.cpp
 
Building file: ../src/Fahrzeug.cpp
Invoking: GCC C++ Compiler
g++ -std=c++17 -O0 -g3 -Wall -c -fmessage-length=0 -MMD -MP -MF"src/Fahrzeug.d" -MT"src/Fahrzeug.o" -o "src/Fahrzeug.o" "../src/Fahrzeug.cpp"
Finished building: ../src/Fahrzeug.cpp
 
Building file: ../src/PKW.cpp
Invoking: GCC C++ Compiler
g++ -std=c++17 -O0 -g3 -Wall -c -fmessage-length=0 -MMD -MP -MF"src/PKW.d" -MT"src/PKW.o" -o "src/PKW.o" "../src/PKW.cpp"
Finished building: ../src/PKW.cpp
 
Building file: ../src/Simulationsobjekt.cpp
Invoking: GCC C++ Compiler
g++ -std=c++17 -O0 -g3 -Wall -c -fmessage-length=0 -MMD -MP -MF"src/Simulationsobjekt.d" -MT"src/Simulationsobjekt.o" -o "src/Simulationsobjekt.o" "../src/Simulationsobjekt.cpp"
Finished building: ../src/Simulationsobjekt.cpp
 
Building file: ../src/Verhalten.cpp
Invoking: GCC C++ Compiler
g++ -std=c++17 -O0 -g3 -Wall -c -fmessage-length=0 -MMD -MP -MF"src/Verhalten.d" -MT"src/Verhalten.o" -o "src/Verhalten.o" "../src/Verhalten.cpp"
In file included from ../src/Verhalten.cpp:8:
In file included from ../src/Verhalten.h:1:
../src/Weg.h:16:13: error: field has incomplete type 'Tempolimit'
        Tempolimit p_eTempolimit;
                   ^
../src/Weg.h:9:7: note: forward declaration of 'Tempolimit'
class Tempolimit;
      ^
../src/Weg.h:25:66: error: use of undeclared identifier 'AUTOBAHN'
        Weg(std::string sName, double dLaenge, Tempolimit eTempolimit = AUTOBAHN);
                                                                        ^
../src/Weg.h:50:46: error: member access into incomplete type 'Fahrzeug'
                std::string fahrzeug_name = fahrzeug->get()->getName();
                                                           ^
../src/Weg.h:8:7: note: forward declaration of 'Fahrzeug'
class Fahrzeug;
      ^
../src/Weg.h:30:9: error: use of undeclared identifier 'INNERORTS'
                        case INNERORTS:
                             ^
../src/Weg.h:32:9: error: use of undeclared identifier 'LANDSTRASSE'
                        case LANDSTRASSE:
                             ^
5 errors generated.
make: *** [src/Verhalten.o] Error 1
"make all" terminated with exit code 2. Build might be incomplete.
13:11:08 **** Incremental Build of configuration Debug for project Aufgabenblock_2 ****
make all 
Building file: ../src/Verhalten.cpp
Invoking: GCC C++ Compiler
g++ -std=c++17 -O0 -g3 -Wall -c -fmessage-length=0 -MMD -MP -MF"src/Verhalten.d" -MT"src/Verhalten.o" -o "src/Verhalten.o" "../src/Verhalten.cpp"
In file included from ../src/Verhalten.cpp:8:
In file included from ../src/Verhalten.h:1:
../src/Weg.h:49:46: error: member access into incomplete type 'Fahrzeug'
                std::string fahrzeug_name = fahrzeug->get()->getName();
                                                           ^
../src/Weg.h:9:7: note: forward declaration of 'Fahrzeug'
class Fahrzeug;
      ^
1 error generated.
make: *** [src/Verhalten.o] Error 1
"make all" terminated with exit code 2. Build might be incomplete.
13:11:12 **** Incremental Build of configuration Debug for project Aufgabenblock_2 ****
make all 
Building file: ../src/Verhalten.cpp
Invoking: GCC C++ Compiler
g++ -std=c++17 -O0 -g3 -Wall -c -fmessage-length=0 -MMD -MP -MF"src/Verhalten.d" -MT"src/Verhalten.o" -o "src/Verhalten.o" "../src/Verhalten.cpp"
In file included from ../src/Verhalten.cpp:8:
In file included from ../src/Verhalten.h:1:
../src/Weg.h:49:46: error: member access into incomplete type 'Fahrzeug'
                std::string fahrzeug_name = fahrzeug->get()->getName();
                                                           ^
../src/Weg.h:9:7: note: forward declaration of 'Fahrzeug'
class Fahrzeug;
      ^
1 error generated.
make: *** [src/Verhalten.o] Error 1
"make all" terminated with exit code 2. Build might be incomplete.
13:11:33 **** Incremental Build of configuration Debug for project Aufgabenblock_2 ****
make all 
Building file: ../src/Verhalten.cpp
Invoking: GCC C++ Compiler
g++ -std=c++17 -O0 -g3 -Wall -c -fmessage-length=0 -MMD -MP -MF"src/Verhalten.d" -MT"src/Verhalten.o" -o "src/Verhalten.o" "../src/Verhalten.cpp"
Finished building: ../src/Verhalten.cpp
 
Building file: ../src/Weg.cpp
Invoking: GCC C++ Compiler
g++ -std=c++17 -O0 -g3 -Wall -c -fmessage-length=0 -MMD -MP -MF"src/Weg.d" -MT"src/Weg.o" -o "src/Weg.o" "../src/Weg.cpp"
../src/Weg.cpp:10:2: error: cannot initialize a member subobject of type 'Tempolimit' with an rvalue of type 'std::numeric_limits<int>::type' (aka 'int')
        p_eTempolimit(std::numeric_limits<int>::max()) {
        ^             ~~~~~~~~~~~~~~~~~~~~~~~~~~~~~~~
1 error generated.
make: *** [src/Weg.o] Error 1
"make all" terminated with exit code 2. Build might be incomplete.
13:13:06 **** Incremental Build of configuration Debug for project Aufgabenblock_2 ****
make all 
Building file: ../src/Verhalten.cpp
Invoking: GCC C++ Compiler
g++ -std=c++17 -O0 -g3 -Wall -c -fmessage-length=0 -MMD -MP -MF"src/Verhalten.d" -MT"src/Verhalten.o" -o "src/Verhalten.o" "../src/Verhalten.cpp"
Finished building: ../src/Verhalten.cpp
 
Building file: ../src/Weg.cpp
Invoking: GCC C++ Compiler
g++ -std=c++17 -O0 -g3 -Wall -c -fmessage-length=0 -MMD -MP -MF"src/Weg.d" -MT"src/Weg.o" -o "src/Weg.o" "../src/Weg.cpp"
Finished building: ../src/Weg.cpp
 
Building file: ../src/main.cpp
Invoking: GCC C++ Compiler
g++ -std=c++17 -O0 -g3 -Wall -c -fmessage-length=0 -MMD -MP -MF"src/main.d" -MT"src/main.o" -o "src/main.o" "../src/main.cpp"
Finished building: ../src/main.cpp
 
Building target: Aufgabenblock_2
Invoking: MacOS X C++ Linker
g++  -o "Aufgabenblock_2"  ./src/Fahrrad.o ./src/Fahrzeug.o ./src/PKW.o ./src/Simulationsobjekt.o ./src/Verhalten.o ./src/Weg.o ./src/main.o   
Finished building target: Aufgabenblock_2
 
13:55:20 **** Incremental Build of configuration Debug for project Aufgabenblock_2 ****
make all 
Building file: ../src/Fahrrad.cpp
Invoking: GCC C++ Compiler
g++ -std=c++17 -O0 -g3 -Wall -c -fmessage-length=0 -MMD -MP -MF"src/Fahrrad.d" -MT"src/Fahrrad.o" -o "src/Fahrrad.o" "../src/Fahrrad.cpp"
Finished building: ../src/Fahrrad.cpp
 
Building file: ../src/Fahrzeug.cpp
Invoking: GCC C++ Compiler
g++ -std=c++17 -O0 -g3 -Wall -c -fmessage-length=0 -MMD -MP -MF"src/Fahrzeug.d" -MT"src/Fahrzeug.o" -o "src/Fahrzeug.o" "../src/Fahrzeug.cpp"
../src/Fahrzeug.cpp:77:9: warning: unused variable 'dTeilstrecke' [-Wunused-variable]
        double dTeilstrecke = p_pVerhalten->dStrecke(*this, dZeitraum);
               ^
../src/Fahrzeug.cpp:102:21: error: allocating an object of abstract class type 'Verhalten'
        p_pVerhalten = new Verhalten(weg);
                           ^
../src/Verhalten.h:13:17: note: unimplemented pure virtual method 'dStrecke' in 'Verhalten'
        virtual double dStrecke(Fahrzeug& aFzg, double dZeitIntervall) = 0;
                       ^
1 warning and 1 error generated.
make: *** [src/Fahrzeug.o] Error 1
"make all" terminated with exit code 2. Build might be incomplete.
13:56:21 **** Incremental Build of configuration Debug for project Aufgabenblock_2 ****
make all 
Building file: ../src/Fahrzeug.cpp
Invoking: GCC C++ Compiler
g++ -std=c++17 -O0 -g3 -Wall -c -fmessage-length=0 -MMD -MP -MF"src/Fahrzeug.d" -MT"src/Fahrzeug.o" -o "src/Fahrzeug.o" "../src/Fahrzeug.cpp"
Finished building: ../src/Fahrzeug.cpp
 
Building file: ../src/PKW.cpp
Invoking: GCC C++ Compiler
g++ -std=c++17 -O0 -g3 -Wall -c -fmessage-length=0 -MMD -MP -MF"src/PKW.d" -MT"src/PKW.o" -o "src/PKW.o" "../src/PKW.cpp"
Finished building: ../src/PKW.cpp
 
Building file: ../src/Verhalten.cpp
Invoking: GCC C++ Compiler
g++ -std=c++17 -O0 -g3 -Wall -c -fmessage-length=0 -MMD -MP -MF"src/Verhalten.d" -MT"src/Verhalten.o" -o "src/Verhalten.o" "../src/Verhalten.cpp"
Finished building: ../src/Verhalten.cpp
 
Building file: ../src/Weg.cpp
Invoking: GCC C++ Compiler
g++ -std=c++17 -O0 -g3 -Wall -c -fmessage-length=0 -MMD -MP -MF"src/Weg.d" -MT"src/Weg.o" -o "src/Weg.o" "../src/Weg.cpp"
In file included from ../src/Weg.cpp:1:
In file included from /Library/Developer/CommandLineTools/SDKs/MacOSX.sdk/usr/include/c++/v1/iostream:37:
In file included from /Library/Developer/CommandLineTools/SDKs/MacOSX.sdk/usr/include/c++/v1/ios:214:
In file included from /Library/Developer/CommandLineTools/SDKs/MacOSX.sdk/usr/include/c++/v1/__locale:15:
In file included from /Library/Developer/CommandLineTools/SDKs/MacOSX.sdk/usr/include/c++/v1/string:522:
In file included from /Library/Developer/CommandLineTools/SDKs/MacOSX.sdk/usr/include/c++/v1/algorithm:653:
In file included from /Library/Developer/CommandLineTools/SDKs/MacOSX.sdk/usr/include/c++/v1/functional:500:
In file included from /Library/Developer/CommandLineTools/SDKs/MacOSX.sdk/usr/include/c++/v1/__functional/function.h:20:
In file included from /Library/Developer/CommandLineTools/SDKs/MacOSX.sdk/usr/include/c++/v1/__memory/shared_ptr.h:22:
/Library/Developer/CommandLineTools/SDKs/MacOSX.sdk/usr/include/c++/v1/__memory/allocator.h:154:28: error: call to implicitly-deleted copy constructor of 'std::unique_ptr<Fahrzeug>'
        ::new ((void*)__p) _Up(_VSTD::forward<_Args>(__args)...);
                           ^   ~~~~~~~~~~~~~~~~~~~~~~~~~~~~~
/Library/Developer/CommandLineTools/SDKs/MacOSX.sdk/usr/include/c++/v1/__memory/allocator_traits.h:290:13: note: in instantiation of function template specialization 'std::allocator<std::__list_node<std::unique_ptr<Fahrzeug>, void *>>::construct<std::unique_ptr<Fahrzeug>, const std::unique_ptr<Fahrzeug> &>' requested here
        __a.construct(__p, _VSTD::forward<_Args>(__args)...);
            ^
/Library/Developer/CommandLineTools/SDKs/MacOSX.sdk/usr/include/c++/v1/list:1617:26: note: in instantiation of function template specialization 'std::allocator_traits<std::allocator<std::__list_node<std::unique_ptr<Fahrzeug>, void *>>>::construct<std::unique_ptr<Fahrzeug>, const std::unique_ptr<Fahrzeug> &, void>' requested here
    __node_alloc_traits::construct(__na, _VSTD::addressof(__hold->__value_), __x);
                         ^
../src/Weg.cpp:100:15: note: in instantiation of member function 'std::list<std::unique_ptr<Fahrzeug>>::push_back' requested here
        p_pFahrzeuge.push_back(fahrzeug);
                     ^
/Library/Developer/CommandLineTools/SDKs/MacOSX.sdk/usr/include/c++/v1/__memory/unique_ptr.h:213:3: note: copy constructor is implicitly deleted because 'unique_ptr<Fahrzeug>' has a user-declared move constructor
  unique_ptr(unique_ptr&& __u) _NOEXCEPT
  ^
1 error generated.
make: *** [src/Weg.o] Error 1
"make all" terminated with exit code 2. Build might be incomplete.
13:58:08 **** Incremental Build of configuration Debug for project Aufgabenblock_2 ****
make all 
Building file: ../src/Weg.cpp
Invoking: GCC C++ Compiler
g++ -std=c++17 -O0 -g3 -Wall -c -fmessage-length=0 -MMD -MP -MF"src/Weg.d" -MT"src/Weg.o" -o "src/Weg.o" "../src/Weg.cpp"
Finished building: ../src/Weg.cpp
 
Building file: ../src/main.cpp
Invoking: GCC C++ Compiler
g++ -std=c++17 -O0 -g3 -Wall -c -fmessage-length=0 -MMD -MP -MF"src/main.d" -MT"src/main.o" -o "src/main.o" "../src/main.cpp"
../src/main.cpp:314:16: error: use of undeclared identifier 'move'; did you mean 'std::move'?
        weg->vAnnahme(move(fahrzeug));
                      ^~~~
                      std::move
/Library/Developer/CommandLineTools/SDKs/MacOSX.sdk/usr/include/c++/v1/__utility/move.h:27:1: note: 'std::move' declared here
move(_Tp&& __t) _NOEXCEPT {
^
../src/main.cpp:314:16: error: no viable conversion from 'typename remove_reference<Fahrzeug *&>::type' (aka 'Fahrzeug *') to 'std::unique_ptr<Fahrzeug>'
        weg->vAnnahme(move(fahrzeug));
                      ^~~~~~~~~~~~~~
/Library/Developer/CommandLineTools/SDKs/MacOSX.sdk/usr/include/c++/v1/__memory/unique_ptr.h:121:59: note: candidate constructor (the implicit copy constructor) not viable: no known conversion from 'typename remove_reference<Fahrzeug *&>::type' (aka 'Fahrzeug *') to 'const std::unique_ptr<Fahrzeug> &' for 1st argument
class _LIBCPP_UNIQUE_PTR_TRIVIAL_ABI _LIBCPP_TEMPLATE_VIS unique_ptr {
                                                          ^
/Library/Developer/CommandLineTools/SDKs/MacOSX.sdk/usr/include/c++/v1/__memory/unique_ptr.h:185:21: note: candidate constructor template not viable: no known conversion from 'typename remove_reference<Fahrzeug *&>::type' (aka 'Fahrzeug *') to 'std::nullptr_t' for 1st argument
  _LIBCPP_CONSTEXPR unique_ptr(nullptr_t) _NOEXCEPT : __ptr_(pointer(), __default_init_tag()) {}
                    ^
/Library/Developer/CommandLineTools/SDKs/MacOSX.sdk/usr/include/c++/v1/__memory/unique_ptr.h:213:3: note: candidate constructor not viable: no known conversion from 'typename remove_reference<Fahrzeug *&>::type' (aka 'Fahrzeug *') to 'std::unique_ptr<Fahrzeug> &&' for 1st argument
  unique_ptr(unique_ptr&& __u) _NOEXCEPT
  ^
/Library/Developer/CommandLineTools/SDKs/MacOSX.sdk/usr/include/c++/v1/__memory/unique_ptr.h:222:3: note: candidate template ignored: could not match 'unique_ptr<type-parameter-0-0, type-parameter-0-1>' against 'Fahrzeug *'
  unique_ptr(unique_ptr<_Up, _Ep>&& __u) _NOEXCEPT
  ^
/Library/Developer/CommandLineTools/SDKs/MacOSX.sdk/usr/include/c++/v1/__memory/unique_ptr.h:190:12: note: explicit constructor is not a candidate
  explicit unique_ptr(pointer __p) _NOEXCEPT : __ptr_(__p, __default_init_tag()) {}
           ^
../src/Weg.h:59:41: note: passing argument to parameter here
        void vAnnahme(std::unique_ptr<Fahrzeug>);
                                               ^
2 errors generated.
make: *** [src/main.o] Error 1
"make all" terminated with exit code 2. Build might be incomplete.
13:58:27 **** Incremental Build of configuration Debug for project Aufgabenblock_2 ****
make all 
Building file: ../src/Weg.cpp
Invoking: GCC C++ Compiler
g++ -std=c++17 -O0 -g3 -Wall -c -fmessage-length=0 -MMD -MP -MF"src/Weg.d" -MT"src/Weg.o" -o "src/Weg.o" "../src/Weg.cpp"
Finished building: ../src/Weg.cpp
 
Building file: ../src/main.cpp
Invoking: GCC C++ Compiler
g++ -std=c++17 -O0 -g3 -Wall -c -fmessage-length=0 -MMD -MP -MF"src/main.d" -MT"src/main.o" -o "src/main.o" "../src/main.cpp"
../src/main.cpp:314:16: error: no viable conversion from 'typename remove_reference<Fahrzeug *&>::type' (aka 'Fahrzeug *') to 'std::unique_ptr<Fahrzeug>'
        weg->vAnnahme(std::move(fahrzeug));
                      ^~~~~~~~~~~~~~~~~~~
/Library/Developer/CommandLineTools/SDKs/MacOSX.sdk/usr/include/c++/v1/__memory/unique_ptr.h:121:59: note: candidate constructor (the implicit copy constructor) not viable: no known conversion from 'typename remove_reference<Fahrzeug *&>::type' (aka 'Fahrzeug *') to 'const std::unique_ptr<Fahrzeug> &' for 1st argument
class _LIBCPP_UNIQUE_PTR_TRIVIAL_ABI _LIBCPP_TEMPLATE_VIS unique_ptr {
                                                          ^
/Library/Developer/CommandLineTools/SDKs/MacOSX.sdk/usr/include/c++/v1/__memory/unique_ptr.h:185:21: note: candidate constructor template not viable: no known conversion from 'typename remove_reference<Fahrzeug *&>::type' (aka 'Fahrzeug *') to 'std::nullptr_t' for 1st argument
  _LIBCPP_CONSTEXPR unique_ptr(nullptr_t) _NOEXCEPT : __ptr_(pointer(), __default_init_tag()) {}
                    ^
/Library/Developer/CommandLineTools/SDKs/MacOSX.sdk/usr/include/c++/v1/__memory/unique_ptr.h:213:3: note: candidate constructor not viable: no known conversion from 'typename remove_reference<Fahrzeug *&>::type' (aka 'Fahrzeug *') to 'std::unique_ptr<Fahrzeug> &&' for 1st argument
  unique_ptr(unique_ptr&& __u) _NOEXCEPT
  ^
/Library/Developer/CommandLineTools/SDKs/MacOSX.sdk/usr/include/c++/v1/__memory/unique_ptr.h:222:3: note: candidate template ignored: could not match 'unique_ptr<type-parameter-0-0, type-parameter-0-1>' against 'Fahrzeug *'
  unique_ptr(unique_ptr<_Up, _Ep>&& __u) _NOEXCEPT
  ^
/Library/Developer/CommandLineTools/SDKs/MacOSX.sdk/usr/include/c++/v1/__memory/unique_ptr.h:190:12: note: explicit constructor is not a candidate
  explicit unique_ptr(pointer __p) _NOEXCEPT : __ptr_(__p, __default_init_tag()) {}
           ^
../src/Weg.h:59:41: note: passing argument to parameter here
        void vAnnahme(std::unique_ptr<Fahrzeug>);
                                               ^
1 error generated.
make: *** [src/main.o] Error 1
"make all" terminated with exit code 2. Build might be incomplete.
13:58:44 **** Incremental Build of configuration Debug for project Aufgabenblock_2 ****
make all 
Building file: ../src/main.cpp
Invoking: GCC C++ Compiler
g++ -std=c++17 -O0 -g3 -Wall -c -fmessage-length=0 -MMD -MP -MF"src/main.d" -MT"src/main.o" -o "src/main.o" "../src/main.cpp"
../src/main.cpp:314:16: error: no viable conversion from 'Fahrzeug *' to 'std::unique_ptr<Fahrzeug>'
        weg->vAnnahme(fahrzeug);
                      ^~~~~~~~
/Library/Developer/CommandLineTools/SDKs/MacOSX.sdk/usr/include/c++/v1/__memory/unique_ptr.h:121:59: note: candidate constructor (the implicit copy constructor) not viable: no known conversion from 'Fahrzeug *' to 'const std::unique_ptr<Fahrzeug> &' for 1st argument
class _LIBCPP_UNIQUE_PTR_TRIVIAL_ABI _LIBCPP_TEMPLATE_VIS unique_ptr {
                                                          ^
/Library/Developer/CommandLineTools/SDKs/MacOSX.sdk/usr/include/c++/v1/__memory/unique_ptr.h:185:21: note: candidate constructor template not viable: no known conversion from 'Fahrzeug *' to 'std::nullptr_t' for 1st argument
  _LIBCPP_CONSTEXPR unique_ptr(nullptr_t) _NOEXCEPT : __ptr_(pointer(), __default_init_tag()) {}
                    ^
/Library/Developer/CommandLineTools/SDKs/MacOSX.sdk/usr/include/c++/v1/__memory/unique_ptr.h:213:3: note: candidate constructor not viable: no known conversion from 'Fahrzeug *' to 'std::unique_ptr<Fahrzeug> &&' for 1st argument
  unique_ptr(unique_ptr&& __u) _NOEXCEPT
  ^
/Library/Developer/CommandLineTools/SDKs/MacOSX.sdk/usr/include/c++/v1/__memory/unique_ptr.h:222:3: note: candidate template ignored: could not match 'unique_ptr<type-parameter-0-0, type-parameter-0-1>' against 'Fahrzeug *'
  unique_ptr(unique_ptr<_Up, _Ep>&& __u) _NOEXCEPT
  ^
/Library/Developer/CommandLineTools/SDKs/MacOSX.sdk/usr/include/c++/v1/__memory/unique_ptr.h:190:12: note: explicit constructor is not a candidate
  explicit unique_ptr(pointer __p) _NOEXCEPT : __ptr_(__p, __default_init_tag()) {}
           ^
../src/Weg.h:59:41: note: passing argument to parameter here
        void vAnnahme(std::unique_ptr<Fahrzeug>);
                                               ^
1 error generated.
make: *** [src/main.o] Error 1
"make all" terminated with exit code 2. Build might be incomplete.
14:00:21 **** Incremental Build of configuration Debug for project Aufgabenblock_2 ****
make all 
Building file: ../src/main.cpp
Invoking: GCC C++ Compiler
g++ -std=c++17 -O0 -g3 -Wall -c -fmessage-length=0 -MMD -MP -MF"src/main.d" -MT"src/main.o" -o "src/main.o" "../src/main.cpp"
Finished building: ../src/main.cpp
 
Building target: Aufgabenblock_2
Invoking: MacOS X C++ Linker
g++  -o "Aufgabenblock_2"  ./src/Fahrrad.o ./src/Fahrzeug.o ./src/PKW.o ./src/Simulationsobjekt.o ./src/Verhalten.o ./src/Weg.o ./src/main.o   
Finished building target: Aufgabenblock_2
 
14:00:36 **** Incremental Build of configuration Debug for project Aufgabenblock_2 ****
make all 
Building file: ../src/main.cpp
Invoking: GCC C++ Compiler
g++ -std=c++17 -O0 -g3 -Wall -c -fmessage-length=0 -MMD -MP -MF"src/main.d" -MT"src/main.o" -o "src/main.o" "../src/main.cpp"
Finished building: ../src/main.cpp
 
Building target: Aufgabenblock_2
Invoking: MacOS X C++ Linker
g++  -o "Aufgabenblock_2"  ./src/Fahrrad.o ./src/Fahrzeug.o ./src/PKW.o ./src/Simulationsobjekt.o ./src/Verhalten.o ./src/Weg.o ./src/main.o   
Finished building target: Aufgabenblock_2
 
14:01:21 **** Incremental Build of configuration Debug for project Aufgabenblock_2 ****
make all 
Building file: ../src/main.cpp
Invoking: GCC C++ Compiler
g++ -std=c++17 -O0 -g3 -Wall -c -fmessage-length=0 -MMD -MP -MF"src/main.d" -MT"src/main.o" -o "src/main.o" "../src/main.cpp"
Finished building: ../src/main.cpp
 
Building target: Aufgabenblock_2
Invoking: MacOS X C++ Linker
g++  -o "Aufgabenblock_2"  ./src/Fahrrad.o ./src/Fahrzeug.o ./src/PKW.o ./src/Simulationsobjekt.o ./src/Verhalten.o ./src/Weg.o ./src/main.o   
Finished building target: Aufgabenblock_2
 
14:01:27 **** Incremental Build of configuration Debug for project Aufgabenblock_2 ****
make all 
Building file: ../src/main.cpp
Invoking: GCC C++ Compiler
g++ -std=c++17 -O0 -g3 -Wall -c -fmessage-length=0 -MMD -MP -MF"src/main.d" -MT"src/main.o" -o "src/main.o" "../src/main.cpp"
Finished building: ../src/main.cpp
 
Building target: Aufgabenblock_2
Invoking: MacOS X C++ Linker
g++  -o "Aufgabenblock_2"  ./src/Fahrrad.o ./src/Fahrzeug.o ./src/PKW.o ./src/Simulationsobjekt.o ./src/Verhalten.o ./src/Weg.o ./src/main.o   
Finished building target: Aufgabenblock_2
 
14:01:33 **** Incremental Build of configuration Debug for project Aufgabenblock_2 ****
make all 
Building file: ../src/main.cpp
Invoking: GCC C++ Compiler
g++ -std=c++17 -O0 -g3 -Wall -c -fmessage-length=0 -MMD -MP -MF"src/main.d" -MT"src/main.o" -o "src/main.o" "../src/main.cpp"
Finished building: ../src/main.cpp
 
Building target: Aufgabenblock_2
Invoking: MacOS X C++ Linker
g++  -o "Aufgabenblock_2"  ./src/Fahrrad.o ./src/Fahrzeug.o ./src/PKW.o ./src/Simulationsobjekt.o ./src/Verhalten.o ./src/Weg.o ./src/main.o   
Finished building target: Aufgabenblock_2
 
14:02:03 **** Incremental Build of configuration Debug for project Aufgabenblock_2 ****
make all 
Building file: ../src/main.cpp
Invoking: GCC C++ Compiler
g++ -std=c++17 -O0 -g3 -Wall -c -fmessage-length=0 -MMD -MP -MF"src/main.d" -MT"src/main.o" -o "src/main.o" "../src/main.cpp"
Finished building: ../src/main.cpp
 
Building target: Aufgabenblock_2
Invoking: MacOS X C++ Linker
g++  -o "Aufgabenblock_2"  ./src/Fahrrad.o ./src/Fahrzeug.o ./src/PKW.o ./src/Simulationsobjekt.o ./src/Verhalten.o ./src/Weg.o ./src/main.o   
Finished building target: Aufgabenblock_2
 
14:02:36 **** Incremental Build of configuration Debug for project Aufgabenblock_2 ****
make all 
Building file: ../src/main.cpp
Invoking: GCC C++ Compiler
g++ -std=c++17 -O0 -g3 -Wall -c -fmessage-length=0 -MMD -MP -MF"src/main.d" -MT"src/main.o" -o "src/main.o" "../src/main.cpp"
Finished building: ../src/main.cpp
 
Building target: Aufgabenblock_2
Invoking: MacOS X C++ Linker
g++  -o "Aufgabenblock_2"  ./src/Fahrrad.o ./src/Fahrzeug.o ./src/PKW.o ./src/Simulationsobjekt.o ./src/Verhalten.o ./src/Weg.o ./src/main.o   
Finished building target: Aufgabenblock_2
 
14:02:40 **** Incremental Build of configuration Debug for project Aufgabenblock_2 ****
make all 
Building file: ../src/main.cpp
Invoking: GCC C++ Compiler
g++ -std=c++17 -O0 -g3 -Wall -c -fmessage-length=0 -MMD -MP -MF"src/main.d" -MT"src/main.o" -o "src/main.o" "../src/main.cpp"
Finished building: ../src/main.cpp
 
Building target: Aufgabenblock_2
Invoking: MacOS X C++ Linker
g++  -o "Aufgabenblock_2"  ./src/Fahrrad.o ./src/Fahrzeug.o ./src/PKW.o ./src/Simulationsobjekt.o ./src/Verhalten.o ./src/Weg.o ./src/main.o   
Finished building target: Aufgabenblock_2
 
14:02:52 **** Incremental Build of configuration Debug for project Aufgabenblock_2 ****
make all 
Building file: ../src/main.cpp
Invoking: GCC C++ Compiler
g++ -std=c++17 -O0 -g3 -Wall -c -fmessage-length=0 -MMD -MP -MF"src/main.d" -MT"src/main.o" -o "src/main.o" "../src/main.cpp"
Finished building: ../src/main.cpp
 
Building target: Aufgabenblock_2
Invoking: MacOS X C++ Linker
g++  -o "Aufgabenblock_2"  ./src/Fahrrad.o ./src/Fahrzeug.o ./src/PKW.o ./src/Simulationsobjekt.o ./src/Verhalten.o ./src/Weg.o ./src/main.o   
Finished building target: Aufgabenblock_2
 
14:03:13 **** Incremental Build of configuration Debug for project Aufgabenblock_2 ****
make all 
Building file: ../src/main.cpp
Invoking: GCC C++ Compiler
g++ -std=c++17 -O0 -g3 -Wall -c -fmessage-length=0 -MMD -MP -MF"src/main.d" -MT"src/main.o" -o "src/main.o" "../src/main.cpp"
Finished building: ../src/main.cpp
 
Building target: Aufgabenblock_2
Invoking: MacOS X C++ Linker
g++  -o "Aufgabenblock_2"  ./src/Fahrrad.o ./src/Fahrzeug.o ./src/PKW.o ./src/Simulationsobjekt.o ./src/Verhalten.o ./src/Weg.o ./src/main.o   
Finished building target: Aufgabenblock_2
 
14:58:00 **** Incremental Build of configuration Debug for project Aufgabenblock_2 ****
make all 
Building file: ../src/main.cpp
Invoking: GCC C++ Compiler
g++ -std=c++17 -O0 -g3 -Wall -c -fmessage-length=0 -MMD -MP -MF"src/main.d" -MT"src/main.o" -o "src/main.o" "../src/main.cpp"
../src/main.cpp:318:38: error: use of undeclared identifier 's'
        std::cout << *fahrzeug << std::endl;s
                                            ^
1 error generated.
make: *** [src/main.o] Error 1
"make all" terminated with exit code 2. Build might be incomplete.
14:58:12 **** Incremental Build of configuration Debug for project Aufgabenblock_2 ****
make all 
Building file: ../src/main.cpp
Invoking: GCC C++ Compiler
g++ -std=c++17 -O0 -g3 -Wall -c -fmessage-length=0 -MMD -MP -MF"src/main.d" -MT"src/main.o" -o "src/main.o" "../src/main.cpp"
Finished building: ../src/main.cpp
 
Building target: Aufgabenblock_2
Invoking: MacOS X C++ Linker
g++  -o "Aufgabenblock_2"  ./src/Fahrrad.o ./src/Fahrzeug.o ./src/PKW.o ./src/Simulationsobjekt.o ./src/Verhalten.o ./src/Weg.o ./src/main.o   
Finished building target: Aufgabenblock_2
 
15:01:48 **** Incremental Build of configuration Debug for project Aufgabenblock_2 ****
make all 
Building file: ../src/Fahrzeug.cpp
Invoking: GCC C++ Compiler
g++ -std=c++17 -O0 -g3 -Wall -c -fmessage-length=0 -MMD -MP -MF"src/Fahrzeug.d" -MT"src/Fahrzeug.o" -o "src/Fahrzeug.o" "../src/Fahrzeug.cpp"
In file included from ../src/Fahrzeug.cpp:4:
In file included from ../src/Verhalten.h:1:
../src/Weg.h:44:10: error: no viable conversion from returned value of type 'list<std::unique_ptr<Fahrzeug>>' to function return type 'list<Fahrzeug>'
                return p_pFahrzeuge;
                       ^~~~~~~~~~~~
/Library/Developer/CommandLineTools/SDKs/MacOSX.sdk/usr/include/c++/v1/list:896:5: note: candidate constructor not viable: no known conversion from 'std::list<std::unique_ptr<Fahrzeug>>' to 'const std::list<Fahrzeug> &' for 1st argument
    list(const list& __c);
    ^
/Library/Developer/CommandLineTools/SDKs/MacOSX.sdk/usr/include/c++/v1/list:901:5: note: candidate constructor not viable: no known conversion from 'std::list<std::unique_ptr<Fahrzeug>>' to 'initializer_list<std::list<Fahrzeug>::value_type>' (aka 'initializer_list<Fahrzeug>') for 1st argument
    list(initializer_list<value_type> __il);
    ^
/Library/Developer/CommandLineTools/SDKs/MacOSX.sdk/usr/include/c++/v1/list:905:5: note: candidate constructor not viable: no known conversion from 'std::list<std::unique_ptr<Fahrzeug>>' to 'std::list<Fahrzeug> &&' for 1st argument
    list(list&& __c)
    ^
/Library/Developer/CommandLineTools/SDKs/MacOSX.sdk/usr/include/c++/v1/list:877:14: note: explicit constructor is not a candidate
    explicit list(const allocator_type& __a) : base(__a)
             ^
/Library/Developer/CommandLineTools/SDKs/MacOSX.sdk/usr/include/c++/v1/list:883:14: note: explicit constructor is not a candidate
    explicit list(size_type __n);
             ^
1 error generated.
make: *** [src/Fahrzeug.o] Error 1
"make all" terminated with exit code 2. Build might be incomplete.
15:02:13 **** Incremental Build of configuration Debug for project Aufgabenblock_2 ****
make all 
Building file: ../src/Fahrzeug.cpp
Invoking: GCC C++ Compiler
g++ -std=c++17 -O0 -g3 -Wall -c -fmessage-length=0 -MMD -MP -MF"src/Fahrzeug.d" -MT"src/Fahrzeug.o" -o "src/Fahrzeug.o" "../src/Fahrzeug.cpp"
In file included from ../src/Fahrzeug.cpp:1:
In file included from /Library/Developer/CommandLineTools/SDKs/MacOSX.sdk/usr/include/c++/v1/iostream:37:
In file included from /Library/Developer/CommandLineTools/SDKs/MacOSX.sdk/usr/include/c++/v1/ios:214:
In file included from /Library/Developer/CommandLineTools/SDKs/MacOSX.sdk/usr/include/c++/v1/__locale:15:
In file included from /Library/Developer/CommandLineTools/SDKs/MacOSX.sdk/usr/include/c++/v1/string:522:
In file included from /Library/Developer/CommandLineTools/SDKs/MacOSX.sdk/usr/include/c++/v1/algorithm:653:
In file included from /Library/Developer/CommandLineTools/SDKs/MacOSX.sdk/usr/include/c++/v1/functional:500:
In file included from /Library/Developer/CommandLineTools/SDKs/MacOSX.sdk/usr/include/c++/v1/__functional/function.h:20:
In file included from /Library/Developer/CommandLineTools/SDKs/MacOSX.sdk/usr/include/c++/v1/__memory/shared_ptr.h:22:
/Library/Developer/CommandLineTools/SDKs/MacOSX.sdk/usr/include/c++/v1/__memory/allocator.h:154:28: error: call to implicitly-deleted copy constructor of 'std::unique_ptr<Fahrzeug>'
        ::new ((void*)__p) _Up(_VSTD::forward<_Args>(__args)...);
                           ^   ~~~~~~~~~~~~~~~~~~~~~~~~~~~~~
/Library/Developer/CommandLineTools/SDKs/MacOSX.sdk/usr/include/c++/v1/__memory/allocator_traits.h:290:13: note: in instantiation of function template specialization 'std::allocator<std::__list_node<std::unique_ptr<Fahrzeug>, void *>>::construct<std::unique_ptr<Fahrzeug>, const std::unique_ptr<Fahrzeug> &>' requested here
        __a.construct(__p, _VSTD::forward<_Args>(__args)...);
            ^
/Library/Developer/CommandLineTools/SDKs/MacOSX.sdk/usr/include/c++/v1/list:1617:26: note: in instantiation of function template specialization 'std::allocator_traits<std::allocator<std::__list_node<std::unique_ptr<Fahrzeug>, void *>>>::construct<std::unique_ptr<Fahrzeug>, const std::unique_ptr<Fahrzeug> &, void>' requested here
    __node_alloc_traits::construct(__na, _VSTD::addressof(__hold->__value_), __x);
                         ^
/Library/Developer/CommandLineTools/SDKs/MacOSX.sdk/usr/include/c++/v1/list:1286:9: note: in instantiation of member function 'std::list<std::unique_ptr<Fahrzeug>>::push_back' requested here
        push_back(*__i);
        ^
../src/Weg.h:44:10: note: in instantiation of member function 'std::list<std::unique_ptr<Fahrzeug>>::list' requested here
                return p_pFahrzeuge;
                       ^
/Library/Developer/CommandLineTools/SDKs/MacOSX.sdk/usr/include/c++/v1/__memory/unique_ptr.h:213:3: note: copy constructor is implicitly deleted because 'unique_ptr<Fahrzeug>' has a user-declared move constructor
  unique_ptr(unique_ptr&& __u) _NOEXCEPT
  ^
1 error generated.
make: *** [src/Fahrzeug.o] Error 1
"make all" terminated with exit code 2. Build might be incomplete.
15:04:04 **** Incremental Build of configuration Debug for project Aufgabenblock_2 ****
make all 
Building file: ../src/Fahrzeug.cpp
Invoking: GCC C++ Compiler
g++ -std=c++17 -O0 -g3 -Wall -c -fmessage-length=0 -MMD -MP -MF"src/Fahrzeug.d" -MT"src/Fahrzeug.o" -o "src/Fahrzeug.o" "../src/Fahrzeug.cpp"
In file included from ../src/Fahrzeug.cpp:1:
In file included from /Library/Developer/CommandLineTools/SDKs/MacOSX.sdk/usr/include/c++/v1/iostream:37:
In file included from /Library/Developer/CommandLineTools/SDKs/MacOSX.sdk/usr/include/c++/v1/ios:214:
In file included from /Library/Developer/CommandLineTools/SDKs/MacOSX.sdk/usr/include/c++/v1/__locale:15:
In file included from /Library/Developer/CommandLineTools/SDKs/MacOSX.sdk/usr/include/c++/v1/string:522:
In file included from /Library/Developer/CommandLineTools/SDKs/MacOSX.sdk/usr/include/c++/v1/algorithm:653:
In file included from /Library/Developer/CommandLineTools/SDKs/MacOSX.sdk/usr/include/c++/v1/functional:500:
In file included from /Library/Developer/CommandLineTools/SDKs/MacOSX.sdk/usr/include/c++/v1/__functional/function.h:20:
In file included from /Library/Developer/CommandLineTools/SDKs/MacOSX.sdk/usr/include/c++/v1/__memory/shared_ptr.h:22:
/Library/Developer/CommandLineTools/SDKs/MacOSX.sdk/usr/include/c++/v1/__memory/allocator.h:154:28: error: call to implicitly-deleted copy constructor of 'std::unique_ptr<Fahrzeug>'
        ::new ((void*)__p) _Up(_VSTD::forward<_Args>(__args)...);
                           ^   ~~~~~~~~~~~~~~~~~~~~~~~~~~~~~
/Library/Developer/CommandLineTools/SDKs/MacOSX.sdk/usr/include/c++/v1/__memory/allocator_traits.h:290:13: note: in instantiation of function template specialization 'std::allocator<std::__list_node<std::unique_ptr<Fahrzeug>, void *>>::construct<std::unique_ptr<Fahrzeug>, const std::unique_ptr<Fahrzeug> &>' requested here
        __a.construct(__p, _VSTD::forward<_Args>(__args)...);
            ^
/Library/Developer/CommandLineTools/SDKs/MacOSX.sdk/usr/include/c++/v1/list:1617:26: note: in instantiation of function template specialization 'std::allocator_traits<std::allocator<std::__list_node<std::unique_ptr<Fahrzeug>, void *>>>::construct<std::unique_ptr<Fahrzeug>, const std::unique_ptr<Fahrzeug> &, void>' requested here
    __node_alloc_traits::construct(__na, _VSTD::addressof(__hold->__value_), __x);
                         ^
/Library/Developer/CommandLineTools/SDKs/MacOSX.sdk/usr/include/c++/v1/list:1286:9: note: in instantiation of member function 'std::list<std::unique_ptr<Fahrzeug>>::push_back' requested here
        push_back(*__i);
        ^
../src/Weg.h:44:10: note: in instantiation of member function 'std::list<std::unique_ptr<Fahrzeug>>::list' requested here
                return p_pFahrzeuge;
                       ^
/Library/Developer/CommandLineTools/SDKs/MacOSX.sdk/usr/include/c++/v1/__memory/unique_ptr.h:213:3: note: copy constructor is implicitly deleted because 'unique_ptr<Fahrzeug>' has a user-declared move constructor
  unique_ptr(unique_ptr&& __u) _NOEXCEPT
  ^
1 error generated.
make: *** [src/Fahrzeug.o] Error 1
"make all" terminated with exit code 2. Build might be incomplete.
15:05:16 **** Incremental Build of configuration Debug for project Aufgabenblock_2 ****
make all 
Building file: ../src/Fahrzeug.cpp
Invoking: GCC C++ Compiler
g++ -std=c++17 -O0 -g3 -Wall -c -fmessage-length=0 -MMD -MP -MF"src/Fahrzeug.d" -MT"src/Fahrzeug.o" -o "src/Fahrzeug.o" "../src/Fahrzeug.cpp"
In file included from ../src/Fahrzeug.cpp:1:
In file included from /Library/Developer/CommandLineTools/SDKs/MacOSX.sdk/usr/include/c++/v1/iostream:37:
In file included from /Library/Developer/CommandLineTools/SDKs/MacOSX.sdk/usr/include/c++/v1/ios:214:
In file included from /Library/Developer/CommandLineTools/SDKs/MacOSX.sdk/usr/include/c++/v1/__locale:15:
In file included from /Library/Developer/CommandLineTools/SDKs/MacOSX.sdk/usr/include/c++/v1/string:522:
In file included from /Library/Developer/CommandLineTools/SDKs/MacOSX.sdk/usr/include/c++/v1/algorithm:653:
In file included from /Library/Developer/CommandLineTools/SDKs/MacOSX.sdk/usr/include/c++/v1/functional:500:
In file included from /Library/Developer/CommandLineTools/SDKs/MacOSX.sdk/usr/include/c++/v1/__functional/function.h:20:
In file included from /Library/Developer/CommandLineTools/SDKs/MacOSX.sdk/usr/include/c++/v1/__memory/shared_ptr.h:22:
/Library/Developer/CommandLineTools/SDKs/MacOSX.sdk/usr/include/c++/v1/__memory/allocator.h:154:28: error: call to implicitly-deleted copy constructor of 'std::unique_ptr<Fahrzeug>'
        ::new ((void*)__p) _Up(_VSTD::forward<_Args>(__args)...);
                           ^   ~~~~~~~~~~~~~~~~~~~~~~~~~~~~~
/Library/Developer/CommandLineTools/SDKs/MacOSX.sdk/usr/include/c++/v1/__memory/allocator_traits.h:290:13: note: in instantiation of function template specialization 'std::allocator<std::__list_node<std::unique_ptr<Fahrzeug>, void *>>::construct<std::unique_ptr<Fahrzeug>, const std::unique_ptr<Fahrzeug> &>' requested here
        __a.construct(__p, _VSTD::forward<_Args>(__args)...);
            ^
/Library/Developer/CommandLineTools/SDKs/MacOSX.sdk/usr/include/c++/v1/list:1617:26: note: in instantiation of function template specialization 'std::allocator_traits<std::allocator<std::__list_node<std::unique_ptr<Fahrzeug>, void *>>>::construct<std::unique_ptr<Fahrzeug>, const std::unique_ptr<Fahrzeug> &, void>' requested here
    __node_alloc_traits::construct(__na, _VSTD::addressof(__hold->__value_), __x);
                         ^
/Library/Developer/CommandLineTools/SDKs/MacOSX.sdk/usr/include/c++/v1/list:1286:9: note: in instantiation of member function 'std::list<std::unique_ptr<Fahrzeug>>::push_back' requested here
        push_back(*__i);
        ^
../src/Weg.h:44:10: note: in instantiation of member function 'std::list<std::unique_ptr<Fahrzeug>>::list' requested here
                return p_pFahrzeuge;
                       ^
/Library/Developer/CommandLineTools/SDKs/MacOSX.sdk/usr/include/c++/v1/__memory/unique_ptr.h:213:3: note: copy constructor is implicitly deleted because 'unique_ptr<Fahrzeug>' has a user-declared move constructor
  unique_ptr(unique_ptr&& __u) _NOEXCEPT
  ^
1 error generated.
make: *** [src/Fahrzeug.o] Error 1
"make all" terminated with exit code 2. Build might be incomplete.
15:06:03 **** Incremental Build of configuration Debug for project Aufgabenblock_2 ****
make all 
Building file: ../src/Fahrzeug.cpp
Invoking: GCC C++ Compiler
g++ -std=c++17 -O0 -g3 -Wall -c -fmessage-length=0 -MMD -MP -MF"src/Fahrzeug.d" -MT"src/Fahrzeug.o" -o "src/Fahrzeug.o" "../src/Fahrzeug.cpp"
In file included from ../src/Fahrzeug.cpp:4:
In file included from ../src/Verhalten.h:1:
../src/Weg.h:43:40: error: qualified reference to 'list' is a constructor name rather than a type in this context
        std::list<std::unique_ptr<Fahrzeug>>::list getFahrzeuge() {
                                              ^
In file included from ../src/Fahrzeug.cpp:1:
In file included from /Library/Developer/CommandLineTools/SDKs/MacOSX.sdk/usr/include/c++/v1/iostream:37:
In file included from /Library/Developer/CommandLineTools/SDKs/MacOSX.sdk/usr/include/c++/v1/ios:214:
In file included from /Library/Developer/CommandLineTools/SDKs/MacOSX.sdk/usr/include/c++/v1/__locale:15:
In file included from /Library/Developer/CommandLineTools/SDKs/MacOSX.sdk/usr/include/c++/v1/string:522:
In file included from /Library/Developer/CommandLineTools/SDKs/MacOSX.sdk/usr/include/c++/v1/algorithm:653:
In file included from /Library/Developer/CommandLineTools/SDKs/MacOSX.sdk/usr/include/c++/v1/functional:500:
In file included from /Library/Developer/CommandLineTools/SDKs/MacOSX.sdk/usr/include/c++/v1/__functional/function.h:20:
In file included from /Library/Developer/CommandLineTools/SDKs/MacOSX.sdk/usr/include/c++/v1/__memory/shared_ptr.h:22:
/Library/Developer/CommandLineTools/SDKs/MacOSX.sdk/usr/include/c++/v1/__memory/allocator.h:154:28: error: call to implicitly-deleted copy constructor of 'std::unique_ptr<Fahrzeug>'
        ::new ((void*)__p) _Up(_VSTD::forward<_Args>(__args)...);
                           ^   ~~~~~~~~~~~~~~~~~~~~~~~~~~~~~
/Library/Developer/CommandLineTools/SDKs/MacOSX.sdk/usr/include/c++/v1/__memory/allocator_traits.h:290:13: note: in instantiation of function template specialization 'std::allocator<std::__list_node<std::unique_ptr<Fahrzeug>, void *>>::construct<std::unique_ptr<Fahrzeug>, const std::unique_ptr<Fahrzeug> &>' requested here
        __a.construct(__p, _VSTD::forward<_Args>(__args)...);
            ^
/Library/Developer/CommandLineTools/SDKs/MacOSX.sdk/usr/include/c++/v1/list:1617:26: note: in instantiation of function template specialization 'std::allocator_traits<std::allocator<std::__list_node<std::unique_ptr<Fahrzeug>, void *>>>::construct<std::unique_ptr<Fahrzeug>, const std::unique_ptr<Fahrzeug> &, void>' requested here
    __node_alloc_traits::construct(__na, _VSTD::addressof(__hold->__value_), __x);
                         ^
/Library/Developer/CommandLineTools/SDKs/MacOSX.sdk/usr/include/c++/v1/list:1286:9: note: in instantiation of member function 'std::list<std::unique_ptr<Fahrzeug>>::push_back' requested here
        push_back(*__i);
        ^
../src/Weg.h:44:10: note: in instantiation of member function 'std::list<std::unique_ptr<Fahrzeug>>::list' requested here
                return p_pFahrzeuge;
                       ^
/Library/Developer/CommandLineTools/SDKs/MacOSX.sdk/usr/include/c++/v1/__memory/unique_ptr.h:213:3: note: copy constructor is implicitly deleted because 'unique_ptr<Fahrzeug>' has a user-declared move constructor
  unique_ptr(unique_ptr&& __u) _NOEXCEPT
  ^
2 errors generated.
make: *** [src/Fahrzeug.o] Error 1
"make all" terminated with exit code 2. Build might be incomplete.
15:06:24 **** Incremental Build of configuration Debug for project Aufgabenblock_2 ****
make all 
Building file: ../src/Fahrzeug.cpp
Invoking: GCC C++ Compiler
g++ -std=c++17 -O0 -g3 -Wall -c -fmessage-length=0 -MMD -MP -MF"src/Fahrzeug.d" -MT"src/Fahrzeug.o" -o "src/Fahrzeug.o" "../src/Fahrzeug.cpp"
In file included from ../src/Fahrzeug.cpp:1:
In file included from /Library/Developer/CommandLineTools/SDKs/MacOSX.sdk/usr/include/c++/v1/iostream:37:
In file included from /Library/Developer/CommandLineTools/SDKs/MacOSX.sdk/usr/include/c++/v1/ios:214:
In file included from /Library/Developer/CommandLineTools/SDKs/MacOSX.sdk/usr/include/c++/v1/__locale:15:
In file included from /Library/Developer/CommandLineTools/SDKs/MacOSX.sdk/usr/include/c++/v1/string:522:
In file included from /Library/Developer/CommandLineTools/SDKs/MacOSX.sdk/usr/include/c++/v1/algorithm:653:
In file included from /Library/Developer/CommandLineTools/SDKs/MacOSX.sdk/usr/include/c++/v1/functional:500:
In file included from /Library/Developer/CommandLineTools/SDKs/MacOSX.sdk/usr/include/c++/v1/__functional/function.h:20:
In file included from /Library/Developer/CommandLineTools/SDKs/MacOSX.sdk/usr/include/c++/v1/__memory/shared_ptr.h:22:
/Library/Developer/CommandLineTools/SDKs/MacOSX.sdk/usr/include/c++/v1/__memory/allocator.h:154:28: error: call to implicitly-deleted copy constructor of 'std::unique_ptr<Fahrzeug>'
        ::new ((void*)__p) _Up(_VSTD::forward<_Args>(__args)...);
                           ^   ~~~~~~~~~~~~~~~~~~~~~~~~~~~~~
/Library/Developer/CommandLineTools/SDKs/MacOSX.sdk/usr/include/c++/v1/__memory/allocator_traits.h:290:13: note: in instantiation of function template specialization 'std::allocator<std::__list_node<std::unique_ptr<Fahrzeug>, void *>>::construct<std::unique_ptr<Fahrzeug>, const std::unique_ptr<Fahrzeug> &>' requested here
        __a.construct(__p, _VSTD::forward<_Args>(__args)...);
            ^
/Library/Developer/CommandLineTools/SDKs/MacOSX.sdk/usr/include/c++/v1/list:1617:26: note: in instantiation of function template specialization 'std::allocator_traits<std::allocator<std::__list_node<std::unique_ptr<Fahrzeug>, void *>>>::construct<std::unique_ptr<Fahrzeug>, const std::unique_ptr<Fahrzeug> &, void>' requested here
    __node_alloc_traits::construct(__na, _VSTD::addressof(__hold->__value_), __x);
                         ^
/Library/Developer/CommandLineTools/SDKs/MacOSX.sdk/usr/include/c++/v1/list:1286:9: note: in instantiation of member function 'std::list<std::unique_ptr<Fahrzeug>>::push_back' requested here
        push_back(*__i);
        ^
../src/Weg.h:44:10: note: in instantiation of member function 'std::list<std::unique_ptr<Fahrzeug>>::list' requested here
                return p_pFahrzeuge;
                       ^
/Library/Developer/CommandLineTools/SDKs/MacOSX.sdk/usr/include/c++/v1/__memory/unique_ptr.h:213:3: note: copy constructor is implicitly deleted because 'unique_ptr<Fahrzeug>' has a user-declared move constructor
  unique_ptr(unique_ptr&& __u) _NOEXCEPT
  ^
1 error generated.
make: *** [src/Fahrzeug.o] Error 1
"make all" terminated with exit code 2. Build might be incomplete.
15:08:03 **** Incremental Build of configuration Debug for project Aufgabenblock_2 ****
make all 
Building file: ../src/Fahrzeug.cpp
Invoking: GCC C++ Compiler
g++ -std=c++17 -O0 -g3 -Wall -c -fmessage-length=0 -MMD -MP -MF"src/Fahrzeug.d" -MT"src/Fahrzeug.o" -o "src/Fahrzeug.o" "../src/Fahrzeug.cpp"
In file included from ../src/Fahrzeug.cpp:1:
In file included from /Library/Developer/CommandLineTools/SDKs/MacOSX.sdk/usr/include/c++/v1/iostream:37:
In file included from /Library/Developer/CommandLineTools/SDKs/MacOSX.sdk/usr/include/c++/v1/ios:214:
In file included from /Library/Developer/CommandLineTools/SDKs/MacOSX.sdk/usr/include/c++/v1/__locale:15:
In file included from /Library/Developer/CommandLineTools/SDKs/MacOSX.sdk/usr/include/c++/v1/string:522:
In file included from /Library/Developer/CommandLineTools/SDKs/MacOSX.sdk/usr/include/c++/v1/algorithm:653:
In file included from /Library/Developer/CommandLineTools/SDKs/MacOSX.sdk/usr/include/c++/v1/functional:500:
In file included from /Library/Developer/CommandLineTools/SDKs/MacOSX.sdk/usr/include/c++/v1/__functional/function.h:20:
In file included from /Library/Developer/CommandLineTools/SDKs/MacOSX.sdk/usr/include/c++/v1/__memory/shared_ptr.h:22:
/Library/Developer/CommandLineTools/SDKs/MacOSX.sdk/usr/include/c++/v1/__memory/allocator.h:154:28: error: call to implicitly-deleted copy constructor of 'std::unique_ptr<Fahrzeug>'
        ::new ((void*)__p) _Up(_VSTD::forward<_Args>(__args)...);
                           ^   ~~~~~~~~~~~~~~~~~~~~~~~~~~~~~
/Library/Developer/CommandLineTools/SDKs/MacOSX.sdk/usr/include/c++/v1/__memory/allocator_traits.h:290:13: note: in instantiation of function template specialization 'std::allocator<std::__list_node<std::unique_ptr<Fahrzeug>, void *>>::construct<std::unique_ptr<Fahrzeug>, const std::unique_ptr<Fahrzeug> &>' requested here
        __a.construct(__p, _VSTD::forward<_Args>(__args)...);
            ^
/Library/Developer/CommandLineTools/SDKs/MacOSX.sdk/usr/include/c++/v1/list:1617:26: note: in instantiation of function template specialization 'std::allocator_traits<std::allocator<std::__list_node<std::unique_ptr<Fahrzeug>, void *>>>::construct<std::unique_ptr<Fahrzeug>, const std::unique_ptr<Fahrzeug> &, void>' requested here
    __node_alloc_traits::construct(__na, _VSTD::addressof(__hold->__value_), __x);
                         ^
/Library/Developer/CommandLineTools/SDKs/MacOSX.sdk/usr/include/c++/v1/list:1286:9: note: in instantiation of member function 'std::list<std::unique_ptr<Fahrzeug>>::push_back' requested here
        push_back(*__i);
        ^
../src/Weg.h:44:10: note: in instantiation of member function 'std::list<std::unique_ptr<Fahrzeug>>::list' requested here
                return p_pFahrzeuge;
                       ^
/Library/Developer/CommandLineTools/SDKs/MacOSX.sdk/usr/include/c++/v1/__memory/unique_ptr.h:213:3: note: copy constructor is implicitly deleted because 'unique_ptr<Fahrzeug>' has a user-declared move constructor
  unique_ptr(unique_ptr&& __u) _NOEXCEPT
  ^
1 error generated.
make: *** [src/Fahrzeug.o] Error 1
"make all" terminated with exit code 2. Build might be incomplete.
15:09:57 **** Incremental Build of configuration Debug for project Aufgabenblock_2 ****
make all 
Building file: ../src/Fahrzeug.cpp
Invoking: GCC C++ Compiler
g++ -std=c++17 -O0 -g3 -Wall -c -fmessage-length=0 -MMD -MP -MF"src/Fahrzeug.d" -MT"src/Fahrzeug.o" -o "src/Fahrzeug.o" "../src/Fahrzeug.cpp"
In file included from ../src/Fahrzeug.cpp:4:
In file included from ../src/Verhalten.h:1:
../src/Weg.h:44:10: error: indirection requires pointer operand ('std::list<std::unique_ptr<Fahrzeug>>' invalid)
                return *p_pFahrzeuge;
                       ^~~~~~~~~~~~~
1 error generated.
make: *** [src/Fahrzeug.o] Error 1
"make all" terminated with exit code 2. Build might be incomplete.
15:10:17 **** Incremental Build of configuration Debug for project Aufgabenblock_2 ****
make all 
Building file: ../src/Fahrzeug.cpp
Invoking: GCC C++ Compiler
g++ -std=c++17 -O0 -g3 -Wall -c -fmessage-length=0 -MMD -MP -MF"src/Fahrzeug.d" -MT"src/Fahrzeug.o" -o "src/Fahrzeug.o" "../src/Fahrzeug.cpp"
Finished building: ../src/Fahrzeug.cpp
 
Building file: ../src/Verhalten.cpp
Invoking: GCC C++ Compiler
g++ -std=c++17 -O0 -g3 -Wall -c -fmessage-length=0 -MMD -MP -MF"src/Verhalten.d" -MT"src/Verhalten.o" -o "src/Verhalten.o" "../src/Verhalten.cpp"
Finished building: ../src/Verhalten.cpp
 
Building file: ../src/Weg.cpp
Invoking: GCC C++ Compiler
g++ -std=c++17 -O0 -g3 -Wall -c -fmessage-length=0 -MMD -MP -MF"src/Weg.d" -MT"src/Weg.o" -o "src/Weg.o" "../src/Weg.cpp"
Finished building: ../src/Weg.cpp
 
Building file: ../src/main.cpp
Invoking: GCC C++ Compiler
g++ -std=c++17 -O0 -g3 -Wall -c -fmessage-length=0 -MMD -MP -MF"src/main.d" -MT"src/main.o" -o "src/main.o" "../src/main.cpp"
Finished building: ../src/main.cpp
 
Building target: Aufgabenblock_2
Invoking: MacOS X C++ Linker
g++  -o "Aufgabenblock_2"  ./src/Fahrrad.o ./src/Fahrzeug.o ./src/PKW.o ./src/Simulationsobjekt.o ./src/Verhalten.o ./src/Weg.o ./src/main.o   
Finished building target: Aufgabenblock_2
 
15:11:30 **** Incremental Build of configuration Debug for project Aufgabenblock_2 ****
make all 
Building file: ../src/main.cpp
Invoking: GCC C++ Compiler
g++ -std=c++17 -O0 -g3 -Wall -c -fmessage-length=0 -MMD -MP -MF"src/main.d" -MT"src/main.o" -o "src/main.o" "../src/main.cpp"
../src/main.cpp:317:40: warning: unused variable 'p_pFahrzeuge' [-Wunused-variable]
        std::list<std::unique_ptr<Fahrzeug>>* p_pFahrzeuge = weg->getFahrzeuge();
                                              ^
1 warning generated.
Finished building: ../src/main.cpp
 
Building target: Aufgabenblock_2
Invoking: MacOS X C++ Linker
g++  -o "Aufgabenblock_2"  ./src/Fahrrad.o ./src/Fahrzeug.o ./src/PKW.o ./src/Simulationsobjekt.o ./src/Verhalten.o ./src/Weg.o ./src/main.o   
Finished building target: Aufgabenblock_2
 
15:12:38 **** Incremental Build of configuration Debug for project Aufgabenblock_2 ****
make all 
Building file: ../src/main.cpp
Invoking: GCC C++ Compiler
g++ -std=c++17 -O0 -g3 -Wall -c -fmessage-length=0 -MMD -MP -MF"src/main.d" -MT"src/main.o" -o "src/main.o" "../src/main.cpp"
../src/main.cpp:318:12: error: invalid operands to binary expression ('std::ostream' (aka 'basic_ostream<char>') and 'std::list<std::unique_ptr<Fahrzeug>>')
        std::cout << *p_pFahrzeuge << std::endl;
        ~~~~~~~~~ ^  ~~~~~~~~~~~~~
/Library/Developer/CommandLineTools/SDKs/MacOSX.sdk/usr/include/c++/v1/cstddef:143:3: note: candidate function template not viable: no known conversion from 'std::ostream' (aka 'basic_ostream<char>') to 'std::byte' for 1st argument
  operator<< (byte  __lhs, _Integer __shift) noexcept
  ^
/Library/Developer/CommandLineTools/SDKs/MacOSX.sdk/usr/include/c++/v1/ostream:748:1: note: candidate function template not viable: no known conversion from 'std::list<std::unique_ptr<Fahrzeug>>' to 'char' for 2nd argument
operator<<(basic_ostream<_CharT, _Traits>& __os, char __cn)
^
/Library/Developer/CommandLineTools/SDKs/MacOSX.sdk/usr/include/c++/v1/ostream:781:1: note: candidate function template not viable: no known conversion from 'std::list<std::unique_ptr<Fahrzeug>>' to 'char' for 2nd argument
operator<<(basic_ostream<char, _Traits>& __os, char __c)
^
/Library/Developer/CommandLineTools/SDKs/MacOSX.sdk/usr/include/c++/v1/ostream:788:1: note: candidate function template not viable: no known conversion from 'std::list<std::unique_ptr<Fahrzeug>>' to 'signed char' for 2nd argument
operator<<(basic_ostream<char, _Traits>& __os, signed char __c)
^
/Library/Developer/CommandLineTools/SDKs/MacOSX.sdk/usr/include/c++/v1/ostream:795:1: note: candidate function template not viable: no known conversion from 'std::list<std::unique_ptr<Fahrzeug>>' to 'unsigned char' for 2nd argument
operator<<(basic_ostream<char, _Traits>& __os, unsigned char __c)
^
/Library/Developer/CommandLineTools/SDKs/MacOSX.sdk/usr/include/c++/v1/ostream:809:1: note: candidate function template not viable: no known conversion from 'std::list<std::unique_ptr<Fahrzeug>>' to 'const char *' for 2nd argument
operator<<(basic_ostream<_CharT, _Traits>& __os, const char* __strn)
^
/Library/Developer/CommandLineTools/SDKs/MacOSX.sdk/usr/include/c++/v1/ostream:855:1: note: candidate function template not viable: no known conversion from 'std::list<std::unique_ptr<Fahrzeug>>' to 'const char *' for 2nd argument
operator<<(basic_ostream<char, _Traits>& __os, const char* __str)
^
/Library/Developer/CommandLineTools/SDKs/MacOSX.sdk/usr/include/c++/v1/ostream:862:1: note: candidate function template not viable: no known conversion from 'std::list<std::unique_ptr<Fahrzeug>>' to 'const signed char *' for 2nd argument
operator<<(basic_ostream<char, _Traits>& __os, const signed char* __str)
^
/Library/Developer/CommandLineTools/SDKs/MacOSX.sdk/usr/include/c++/v1/ostream:870:1: note: candidate function template not viable: no known conversion from 'std::list<std::unique_ptr<Fahrzeug>>' to 'const unsigned char *' for 2nd argument
operator<<(basic_ostream<char, _Traits>& __os, const unsigned char* __str)
^
/Library/Developer/CommandLineTools/SDKs/MacOSX.sdk/usr/include/c++/v1/ostream:1055:1: note: candidate function template not viable: no known conversion from 'std::list<std::unique_ptr<Fahrzeug>>' to 'const std::error_code' for 2nd argument
operator<<(basic_ostream<_CharT, _Traits>& __os, const error_code& __ec)
^
../src/Fahrzeug.h:104:15: note: candidate function not viable: no known conversion from 'std::list<std::unique_ptr<Fahrzeug>>' to 'const Fahrzeug' for 2nd argument
std::ostream& operator<<(std::ostream&, const Fahrzeug&);
              ^
../src/Weg.h:81:15: note: candidate function not viable: no known conversion from 'std::list<std::unique_ptr<Fahrzeug>>' to 'const Weg' for 2nd argument
std::ostream& operator<<(std::ostream&, const Weg&);
              ^
/Library/Developer/CommandLineTools/SDKs/MacOSX.sdk/usr/include/c++/v1/ostream:741:1: note: candidate template ignored: deduced conflicting types for parameter '_CharT' ('char' vs. 'std::list<std::unique_ptr<Fahrzeug>>')
operator<<(basic_ostream<_CharT, _Traits>& __os, _CharT __c)
^
/Library/Developer/CommandLineTools/SDKs/MacOSX.sdk/usr/include/c++/v1/__random/uniform_int_distribution.h:282:1: note: candidate template ignored: could not match 'uniform_int_distribution' against 'list'
operator<<(basic_ostream<_CharT, _Traits>& __os,
^
/Library/Developer/CommandLineTools/SDKs/MacOSX.sdk/usr/include/c++/v1/ostream:802:1: note: candidate template ignored: could not match 'const _CharT *' against 'std::list<std::unique_ptr<Fahrzeug>>'
operator<<(basic_ostream<_CharT, _Traits>& __os, const _CharT* __str)
^
/Library/Developer/CommandLineTools/SDKs/MacOSX.sdk/usr/include/c++/v1/ostream:1038:1: note: candidate template ignored: could not match 'basic_string' against 'list'
operator<<(basic_ostream<_CharT, _Traits>& __os,
^
/Library/Developer/CommandLineTools/SDKs/MacOSX.sdk/usr/include/c++/v1/ostream:1046:1: note: candidate template ignored: could not match 'basic_string_view' against 'list'
operator<<(basic_ostream<_CharT, _Traits>& __os,
^
/Library/Developer/CommandLineTools/SDKs/MacOSX.sdk/usr/include/c++/v1/ostream:1063:1: note: candidate template ignored: could not match 'shared_ptr' against 'list'
operator<<(basic_ostream<_CharT, _Traits>& __os, shared_ptr<_Yp> const& __p)
^
/Library/Developer/CommandLineTools/SDKs/MacOSX.sdk/usr/include/c++/v1/ostream:1082:1: note: candidate template ignored: could not match 'bitset' against 'list'
operator<<(basic_ostream<_CharT, _Traits>& __os, const bitset<_Size>& __x)
^
/Library/Developer/CommandLineTools/SDKs/MacOSX.sdk/usr/include/c++/v1/ostream:1030:11: note: candidate template ignored: requirement 'integral_constant<bool, false>::value' was not satisfied [with _Stream = std::ostream &, _Tp = std::list<std::unique_ptr<Fahrzeug>>]
_Stream&& operator<<(_Stream&& __os, const _Tp& __x)
          ^
/Library/Developer/CommandLineTools/SDKs/MacOSX.sdk/usr/include/c++/v1/ostream:1075:1: note: candidate template ignored: could not match 'unique_ptr' against 'list'
operator<<(basic_ostream<_CharT, _Traits>& __os, unique_ptr<_Yp, _Dp> const& __p)
^
/Library/Developer/CommandLineTools/SDKs/MacOSX.sdk/usr/include/c++/v1/iomanip:362:1: note: candidate template ignored: could not match '__iom_t8' against 'list'
operator<<(basic_ostream<_CharT, _Traits>& __os, const __iom_t8<_MoneyT>& __x)
^
/Library/Developer/CommandLineTools/SDKs/MacOSX.sdk/usr/include/c++/v1/iomanip:482:1: note: candidate template ignored: could not match '__iom_t10' against 'list'
operator<<(basic_ostream<_CharT, _Traits>& __os, const __iom_t10<_CharT>& __x)
^
/Library/Developer/CommandLineTools/SDKs/MacOSX.sdk/usr/include/c++/v1/iomanip:572:33: note: candidate template ignored: could not match '__quoted_output_proxy' against 'list'
basic_ostream<_CharT, _Traits>& operator<<(
                                ^
/Library/Developer/CommandLineTools/SDKs/MacOSX.sdk/usr/include/c++/v1/iomanip:592:33: note: candidate template ignored: could not match '__quoted_proxy' against 'list'
basic_ostream<_CharT, _Traits>& operator<<(
                                ^
/Library/Developer/CommandLineTools/SDKs/MacOSX.sdk/usr/include/c++/v1/ostream:188:20: note: candidate function not viable: no known conversion from 'std::list<std::unique_ptr<Fahrzeug>>' to 'std::ostream &(*)(std::ostream &)' for 1st argument
    basic_ostream& operator<<(basic_ostream& (*__pf)(basic_ostream&))
                   ^
/Library/Developer/CommandLineTools/SDKs/MacOSX.sdk/usr/include/c++/v1/ostream:192:20: note: candidate function not viable: no known conversion from 'std::list<std::unique_ptr<Fahrzeug>>' to 'basic_ios<std::basic_ostream<char>::char_type, std::basic_ostream<char>::traits_type> &(*)(basic_ios<std::basic_ostream<char>::char_type, std::basic_ostream<char>::traits_type> &)' (aka 'basic_ios<char, std::char_traits<char>> &(*)(basic_ios<char, std::char_traits<char>> &)') for 1st argument
    basic_ostream& operator<<(basic_ios<char_type, traits_type>&
                   ^
/Library/Developer/CommandLineTools/SDKs/MacOSX.sdk/usr/include/c++/v1/ostream:197:20: note: candidate function not viable: no known conversion from 'std::list<std::unique_ptr<Fahrzeug>>' to 'std::ios_base &(*)(std::ios_base &)' for 1st argument
    basic_ostream& operator<<(ios_base& (*__pf)(ios_base&))
                   ^
/Library/Developer/CommandLineTools/SDKs/MacOSX.sdk/usr/include/c++/v1/ostream:200:20: note: candidate function not viable: no known conversion from 'std::list<std::unique_ptr<Fahrzeug>>' to 'bool' for 1st argument
    basic_ostream& operator<<(bool __n);
                   ^
/Library/Developer/CommandLineTools/SDKs/MacOSX.sdk/usr/include/c++/v1/ostream:201:20: note: candidate function not viable: no known conversion from 'std::list<std::unique_ptr<Fahrzeug>>' to 'short' for 1st argument
    basic_ostream& operator<<(short __n);
                   ^
/Library/Developer/CommandLineTools/SDKs/MacOSX.sdk/usr/include/c++/v1/ostream:202:20: note: candidate function not viable: no known conversion from 'std::list<std::unique_ptr<Fahrzeug>>' to 'unsigned short' for 1st argument
    basic_ostream& operator<<(unsigned short __n);
                   ^
/Library/Developer/CommandLineTools/SDKs/MacOSX.sdk/usr/include/c++/v1/ostream:203:20: note: candidate function not viable: no known conversion from 'std::list<std::unique_ptr<Fahrzeug>>' to 'int' for 1st argument
    basic_ostream& operator<<(int __n);
                   ^
/Library/Developer/CommandLineTools/SDKs/MacOSX.sdk/usr/include/c++/v1/ostream:204:20: note: candidate function not viable: no known conversion from 'std::list<std::unique_ptr<Fahrzeug>>' to 'unsigned int' for 1st argument
    basic_ostream& operator<<(unsigned int __n);
                   ^
/Library/Developer/CommandLineTools/SDKs/MacOSX.sdk/usr/include/c++/v1/ostream:205:20: note: candidate function not viable: no known conversion from 'std::list<std::unique_ptr<Fahrzeug>>' to 'long' for 1st argument
    basic_ostream& operator<<(long __n);
                   ^
/Library/Developer/CommandLineTools/SDKs/MacOSX.sdk/usr/include/c++/v1/ostream:206:20: note: candidate function not viable: no known conversion from 'std::list<std::unique_ptr<Fahrzeug>>' to 'unsigned long' for 1st argument
    basic_ostream& operator<<(unsigned long __n);
                   ^
/Library/Developer/CommandLineTools/SDKs/MacOSX.sdk/usr/include/c++/v1/ostream:207:20: note: candidate function not viable: no known conversion from 'std::list<std::unique_ptr<Fahrzeug>>' to 'long long' for 1st argument
    basic_ostream& operator<<(long long __n);
                   ^
/Library/Developer/CommandLineTools/SDKs/MacOSX.sdk/usr/include/c++/v1/ostream:208:20: note: candidate function not viable: no known conversion from 'std::list<std::unique_ptr<Fahrzeug>>' to 'unsigned long long' for 1st argument
    basic_ostream& operator<<(unsigned long long __n);
                   ^
/Library/Developer/CommandLineTools/SDKs/MacOSX.sdk/usr/include/c++/v1/ostream:209:20: note: candidate function not viable: no known conversion from 'std::list<std::unique_ptr<Fahrzeug>>' to 'float' for 1st argument
    basic_ostream& operator<<(float __f);
                   ^
/Library/Developer/CommandLineTools/SDKs/MacOSX.sdk/usr/include/c++/v1/ostream:210:20: note: candidate function not viable: no known conversion from 'std::list<std::unique_ptr<Fahrzeug>>' to 'double' for 1st argument
    basic_ostream& operator<<(double __f);
                   ^
/Library/Developer/CommandLineTools/SDKs/MacOSX.sdk/usr/include/c++/v1/ostream:211:20: note: candidate function not viable: no known conversion from 'std::list<std::unique_ptr<Fahrzeug>>' to 'long double' for 1st argument
    basic_ostream& operator<<(long double __f);
                   ^
/Library/Developer/CommandLineTools/SDKs/MacOSX.sdk/usr/include/c++/v1/ostream:212:20: note: candidate function not viable: no known conversion from 'std::list<std::unique_ptr<Fahrzeug>>' to 'const void *' for 1st argument; remove *
    basic_ostream& operator<<(const void* __p);
                   ^
/Library/Developer/CommandLineTools/SDKs/MacOSX.sdk/usr/include/c++/v1/ostream:213:20: note: candidate function not viable: no known conversion from 'std::list<std::unique_ptr<Fahrzeug>>' to 'basic_streambuf<std::basic_ostream<char>::char_type, std::basic_ostream<char>::traits_type> *' (aka 'basic_streambuf<char, std::char_traits<char>> *') for 1st argument
    basic_ostream& operator<<(basic_streambuf<char_type, traits_type>* __sb);
                   ^
/Library/Developer/CommandLineTools/SDKs/MacOSX.sdk/usr/include/c++/v1/ostream:216:20: note: candidate function not viable: no known conversion from 'std::list<std::unique_ptr<Fahrzeug>>' to 'std::nullptr_t' for 1st argument
    basic_ostream& operator<<(nullptr_t)
                   ^
1 error generated.
make: *** [src/main.o] Error 1
"make all" terminated with exit code 2. Build might be incomplete.
15:12:52 **** Incremental Build of configuration Debug for project Aufgabenblock_2 ****
make all 
Building file: ../src/main.cpp
Invoking: GCC C++ Compiler
g++ -std=c++17 -O0 -g3 -Wall -c -fmessage-length=0 -MMD -MP -MF"src/main.d" -MT"src/main.o" -o "src/main.o" "../src/main.cpp"
Finished building: ../src/main.cpp
 
Building target: Aufgabenblock_2
Invoking: MacOS X C++ Linker
g++  -o "Aufgabenblock_2"  ./src/Fahrrad.o ./src/Fahrzeug.o ./src/PKW.o ./src/Simulationsobjekt.o ./src/Verhalten.o ./src/Weg.o ./src/main.o   
Finished building target: Aufgabenblock_2
 
15:14:14 **** Incremental Build of configuration Debug for project Aufgabenblock_2 ****
make all 
Building file: ../src/main.cpp
Invoking: GCC C++ Compiler
g++ -std=c++17 -O0 -g3 -Wall -c -fmessage-length=0 -MMD -MP -MF"src/main.d" -MT"src/main.o" -o "src/main.o" "../src/main.cpp"
Finished building: ../src/main.cpp
 
Building target: Aufgabenblock_2
Invoking: MacOS X C++ Linker
g++  -o "Aufgabenblock_2"  ./src/Fahrrad.o ./src/Fahrzeug.o ./src/PKW.o ./src/Simulationsobjekt.o ./src/Verhalten.o ./src/Weg.o ./src/main.o   
Finished building target: Aufgabenblock_2
 
15:15:18 **** Incremental Build of configuration Debug for project Aufgabenblock_2 ****
make all 
Building file: ../src/Weg.cpp
Invoking: GCC C++ Compiler
g++ -std=c++17 -O0 -g3 -Wall -c -fmessage-length=0 -MMD -MP -MF"src/Weg.d" -MT"src/Weg.o" -o "src/Weg.o" "../src/Weg.cpp"
Finished building: ../src/Weg.cpp
 
Building target: Aufgabenblock_2
Invoking: MacOS X C++ Linker
g++  -o "Aufgabenblock_2"  ./src/Fahrrad.o ./src/Fahrzeug.o ./src/PKW.o ./src/Simulationsobjekt.o ./src/Verhalten.o ./src/Weg.o ./src/main.o   
Finished building target: Aufgabenblock_2
 
15:15:51 **** Incremental Build of configuration Debug for project Aufgabenblock_2 ****
make all 
Building file: ../src/Weg.cpp
Invoking: GCC C++ Compiler
g++ -std=c++17 -O0 -g3 -Wall -c -fmessage-length=0 -MMD -MP -MF"src/Weg.d" -MT"src/Weg.o" -o "src/Weg.o" "../src/Weg.cpp"
../src/Weg.cpp:86:13: error: invalid operands to binary expression ('std::ostream' (aka 'basic_ostream<char>') and 'std::list<std::unique_ptr<Fahrzeug>>::const_iterator' (aka '__list_const_iterator<std::unique_ptr<Fahrzeug>, void *>'))
                std::cout << p_pFahrzeuge.cend() << std::endl;
                ~~~~~~~~~ ^  ~~~~~~~~~~~~~~~~~~~
/Library/Developer/CommandLineTools/SDKs/MacOSX.sdk/usr/include/c++/v1/cstddef:143:3: note: candidate function template not viable: no known conversion from 'std::ostream' (aka 'basic_ostream<char>') to 'std::byte' for 1st argument
  operator<< (byte  __lhs, _Integer __shift) noexcept
  ^
/Library/Developer/CommandLineTools/SDKs/MacOSX.sdk/usr/include/c++/v1/ostream:748:1: note: candidate function template not viable: no known conversion from 'std::list<std::unique_ptr<Fahrzeug>>::const_iterator' (aka '__list_const_iterator<std::unique_ptr<Fahrzeug>, void *>') to 'char' for 2nd argument
operator<<(basic_ostream<_CharT, _Traits>& __os, char __cn)
^
/Library/Developer/CommandLineTools/SDKs/MacOSX.sdk/usr/include/c++/v1/ostream:781:1: note: candidate function template not viable: no known conversion from 'std::list<std::unique_ptr<Fahrzeug>>::const_iterator' (aka '__list_const_iterator<std::unique_ptr<Fahrzeug>, void *>') to 'char' for 2nd argument
operator<<(basic_ostream<char, _Traits>& __os, char __c)
^
/Library/Developer/CommandLineTools/SDKs/MacOSX.sdk/usr/include/c++/v1/ostream:788:1: note: candidate function template not viable: no known conversion from 'std::list<std::unique_ptr<Fahrzeug>>::const_iterator' (aka '__list_const_iterator<std::unique_ptr<Fahrzeug>, void *>') to 'signed char' for 2nd argument
operator<<(basic_ostream<char, _Traits>& __os, signed char __c)
^
/Library/Developer/CommandLineTools/SDKs/MacOSX.sdk/usr/include/c++/v1/ostream:795:1: note: candidate function template not viable: no known conversion from 'std::list<std::unique_ptr<Fahrzeug>>::const_iterator' (aka '__list_const_iterator<std::unique_ptr<Fahrzeug>, void *>') to 'unsigned char' for 2nd argument
operator<<(basic_ostream<char, _Traits>& __os, unsigned char __c)
^
/Library/Developer/CommandLineTools/SDKs/MacOSX.sdk/usr/include/c++/v1/ostream:809:1: note: candidate function template not viable: no known conversion from 'std::list<std::unique_ptr<Fahrzeug>>::const_iterator' (aka '__list_const_iterator<std::unique_ptr<Fahrzeug>, void *>') to 'const char *' for 2nd argument
operator<<(basic_ostream<_CharT, _Traits>& __os, const char* __strn)
^
/Library/Developer/CommandLineTools/SDKs/MacOSX.sdk/usr/include/c++/v1/ostream:855:1: note: candidate function template not viable: no known conversion from 'std::list<std::unique_ptr<Fahrzeug>>::const_iterator' (aka '__list_const_iterator<std::unique_ptr<Fahrzeug>, void *>') to 'const char *' for 2nd argument
operator<<(basic_ostream<char, _Traits>& __os, const char* __str)
^
/Library/Developer/CommandLineTools/SDKs/MacOSX.sdk/usr/include/c++/v1/ostream:862:1: note: candidate function template not viable: no known conversion from 'std::list<std::unique_ptr<Fahrzeug>>::const_iterator' (aka '__list_const_iterator<std::unique_ptr<Fahrzeug>, void *>') to 'const signed char *' for 2nd argument
operator<<(basic_ostream<char, _Traits>& __os, const signed char* __str)
^
/Library/Developer/CommandLineTools/SDKs/MacOSX.sdk/usr/include/c++/v1/ostream:870:1: note: candidate function template not viable: no known conversion from 'std::list<std::unique_ptr<Fahrzeug>>::const_iterator' (aka '__list_const_iterator<std::unique_ptr<Fahrzeug>, void *>') to 'const unsigned char *' for 2nd argument
operator<<(basic_ostream<char, _Traits>& __os, const unsigned char* __str)
^
/Library/Developer/CommandLineTools/SDKs/MacOSX.sdk/usr/include/c++/v1/ostream:1055:1: note: candidate function template not viable: no known conversion from 'std::list<std::unique_ptr<Fahrzeug>>::const_iterator' (aka '__list_const_iterator<std::unique_ptr<Fahrzeug>, void *>') to 'const std::error_code' for 2nd argument
operator<<(basic_ostream<_CharT, _Traits>& __os, const error_code& __ec)
^
../src/Fahrzeug.h:104:15: note: candidate function not viable: no known conversion from 'std::list<std::unique_ptr<Fahrzeug>>::const_iterator' (aka '__list_const_iterator<std::unique_ptr<Fahrzeug>, void *>') to 'const Fahrzeug' for 2nd argument
std::ostream& operator<<(std::ostream&, const Fahrzeug&);
              ^
../src/Weg.h:81:15: note: candidate function not viable: no known conversion from 'std::list<std::unique_ptr<Fahrzeug>>::const_iterator' (aka '__list_const_iterator<std::unique_ptr<Fahrzeug>, void *>') to 'const Weg' for 2nd argument
std::ostream& operator<<(std::ostream&, const Weg&);
              ^
/Library/Developer/CommandLineTools/SDKs/MacOSX.sdk/usr/include/c++/v1/ostream:741:1: note: candidate template ignored: deduced conflicting types for parameter '_CharT' ('char' vs. 'std::__list_const_iterator<std::unique_ptr<Fahrzeug>, void *>')
operator<<(basic_ostream<_CharT, _Traits>& __os, _CharT __c)
^
/Library/Developer/CommandLineTools/SDKs/MacOSX.sdk/usr/include/c++/v1/__random/uniform_int_distribution.h:282:1: note: candidate template ignored: could not match 'uniform_int_distribution' against '__list_const_iterator'
operator<<(basic_ostream<_CharT, _Traits>& __os,
^
/Library/Developer/CommandLineTools/SDKs/MacOSX.sdk/usr/include/c++/v1/ostream:802:1: note: candidate template ignored: could not match 'const _CharT *' against 'std::list<std::unique_ptr<Fahrzeug>>::const_iterator' (aka '__list_const_iterator<std::unique_ptr<Fahrzeug>, void *>')
operator<<(basic_ostream<_CharT, _Traits>& __os, const _CharT* __str)
^
/Library/Developer/CommandLineTools/SDKs/MacOSX.sdk/usr/include/c++/v1/ostream:1038:1: note: candidate template ignored: could not match 'basic_string' against '__list_const_iterator'
operator<<(basic_ostream<_CharT, _Traits>& __os,
^
/Library/Developer/CommandLineTools/SDKs/MacOSX.sdk/usr/include/c++/v1/ostream:1046:1: note: candidate template ignored: could not match 'basic_string_view' against '__list_const_iterator'
operator<<(basic_ostream<_CharT, _Traits>& __os,
^
/Library/Developer/CommandLineTools/SDKs/MacOSX.sdk/usr/include/c++/v1/ostream:1063:1: note: candidate template ignored: could not match 'shared_ptr' against '__list_const_iterator'
operator<<(basic_ostream<_CharT, _Traits>& __os, shared_ptr<_Yp> const& __p)
^
/Library/Developer/CommandLineTools/SDKs/MacOSX.sdk/usr/include/c++/v1/ostream:1082:1: note: candidate template ignored: could not match 'bitset' against '__list_const_iterator'
operator<<(basic_ostream<_CharT, _Traits>& __os, const bitset<_Size>& __x)
^
/Library/Developer/CommandLineTools/SDKs/MacOSX.sdk/usr/include/c++/v1/ostream:1030:11: note: candidate template ignored: requirement 'integral_constant<bool, false>::value' was not satisfied [with _Stream = std::ostream &, _Tp = std::__list_const_iterator<std::unique_ptr<Fahrzeug>, void *>]
_Stream&& operator<<(_Stream&& __os, const _Tp& __x)
          ^
/Library/Developer/CommandLineTools/SDKs/MacOSX.sdk/usr/include/c++/v1/ostream:1075:1: note: candidate template ignored: could not match 'unique_ptr' against '__list_const_iterator'
operator<<(basic_ostream<_CharT, _Traits>& __os, unique_ptr<_Yp, _Dp> const& __p)
^
/Library/Developer/CommandLineTools/SDKs/MacOSX.sdk/usr/include/c++/v1/iomanip:362:1: note: candidate template ignored: could not match '__iom_t8' against '__list_const_iterator'
operator<<(basic_ostream<_CharT, _Traits>& __os, const __iom_t8<_MoneyT>& __x)
^
/Library/Developer/CommandLineTools/SDKs/MacOSX.sdk/usr/include/c++/v1/iomanip:482:1: note: candidate template ignored: could not match '__iom_t10' against '__list_const_iterator'
operator<<(basic_ostream<_CharT, _Traits>& __os, const __iom_t10<_CharT>& __x)
^
/Library/Developer/CommandLineTools/SDKs/MacOSX.sdk/usr/include/c++/v1/iomanip:572:33: note: candidate template ignored: could not match '__quoted_output_proxy' against '__list_const_iterator'
basic_ostream<_CharT, _Traits>& operator<<(
                                ^
/Library/Developer/CommandLineTools/SDKs/MacOSX.sdk/usr/include/c++/v1/iomanip:592:33: note: candidate template ignored: could not match '__quoted_proxy' against '__list_const_iterator'
basic_ostream<_CharT, _Traits>& operator<<(
                                ^
/Library/Developer/CommandLineTools/SDKs/MacOSX.sdk/usr/include/c++/v1/ostream:188:20: note: candidate function not viable: no known conversion from 'std::list<std::unique_ptr<Fahrzeug>>::const_iterator' (aka '__list_const_iterator<std::unique_ptr<Fahrzeug>, void *>') to 'std::ostream &(*)(std::ostream &)' for 1st argument
    basic_ostream& operator<<(basic_ostream& (*__pf)(basic_ostream&))
                   ^
/Library/Developer/CommandLineTools/SDKs/MacOSX.sdk/usr/include/c++/v1/ostream:192:20: note: candidate function not viable: no known conversion from 'std::list<std::unique_ptr<Fahrzeug>>::const_iterator' (aka '__list_const_iterator<std::unique_ptr<Fahrzeug>, void *>') to 'basic_ios<std::basic_ostream<char>::char_type, std::basic_ostream<char>::traits_type> &(*)(basic_ios<std::basic_ostream<char>::char_type, std::basic_ostream<char>::traits_type> &)' (aka 'basic_ios<char, std::char_traits<char>> &(*)(basic_ios<char, std::char_traits<char>> &)') for 1st argument
    basic_ostream& operator<<(basic_ios<char_type, traits_type>&
                   ^
/Library/Developer/CommandLineTools/SDKs/MacOSX.sdk/usr/include/c++/v1/ostream:197:20: note: candidate function not viable: no known conversion from 'std::list<std::unique_ptr<Fahrzeug>>::const_iterator' (aka '__list_const_iterator<std::unique_ptr<Fahrzeug>, void *>') to 'std::ios_base &(*)(std::ios_base &)' for 1st argument
    basic_ostream& operator<<(ios_base& (*__pf)(ios_base&))
                   ^
/Library/Developer/CommandLineTools/SDKs/MacOSX.sdk/usr/include/c++/v1/ostream:200:20: note: candidate function not viable: no known conversion from 'std::list<std::unique_ptr<Fahrzeug>>::const_iterator' (aka '__list_const_iterator<std::unique_ptr<Fahrzeug>, void *>') to 'bool' for 1st argument
    basic_ostream& operator<<(bool __n);
                   ^
/Library/Developer/CommandLineTools/SDKs/MacOSX.sdk/usr/include/c++/v1/ostream:201:20: note: candidate function not viable: no known conversion from 'std::list<std::unique_ptr<Fahrzeug>>::const_iterator' (aka '__list_const_iterator<std::unique_ptr<Fahrzeug>, void *>') to 'short' for 1st argument
    basic_ostream& operator<<(short __n);
                   ^
/Library/Developer/CommandLineTools/SDKs/MacOSX.sdk/usr/include/c++/v1/ostream:202:20: note: candidate function not viable: no known conversion from 'std::list<std::unique_ptr<Fahrzeug>>::const_iterator' (aka '__list_const_iterator<std::unique_ptr<Fahrzeug>, void *>') to 'unsigned short' for 1st argument
    basic_ostream& operator<<(unsigned short __n);
                   ^
/Library/Developer/CommandLineTools/SDKs/MacOSX.sdk/usr/include/c++/v1/ostream:203:20: note: candidate function not viable: no known conversion from 'std::list<std::unique_ptr<Fahrzeug>>::const_iterator' (aka '__list_const_iterator<std::unique_ptr<Fahrzeug>, void *>') to 'int' for 1st argument
    basic_ostream& operator<<(int __n);
                   ^
/Library/Developer/CommandLineTools/SDKs/MacOSX.sdk/usr/include/c++/v1/ostream:204:20: note: candidate function not viable: no known conversion from 'std::list<std::unique_ptr<Fahrzeug>>::const_iterator' (aka '__list_const_iterator<std::unique_ptr<Fahrzeug>, void *>') to 'unsigned int' for 1st argument
    basic_ostream& operator<<(unsigned int __n);
                   ^
/Library/Developer/CommandLineTools/SDKs/MacOSX.sdk/usr/include/c++/v1/ostream:205:20: note: candidate function not viable: no known conversion from 'std::list<std::unique_ptr<Fahrzeug>>::const_iterator' (aka '__list_const_iterator<std::unique_ptr<Fahrzeug>, void *>') to 'long' for 1st argument
    basic_ostream& operator<<(long __n);
                   ^
/Library/Developer/CommandLineTools/SDKs/MacOSX.sdk/usr/include/c++/v1/ostream:206:20: note: candidate function not viable: no known conversion from 'std::list<std::unique_ptr<Fahrzeug>>::const_iterator' (aka '__list_const_iterator<std::unique_ptr<Fahrzeug>, void *>') to 'unsigned long' for 1st argument
    basic_ostream& operator<<(unsigned long __n);
                   ^
/Library/Developer/CommandLineTools/SDKs/MacOSX.sdk/usr/include/c++/v1/ostream:207:20: note: candidate function not viable: no known conversion from 'std::list<std::unique_ptr<Fahrzeug>>::const_iterator' (aka '__list_const_iterator<std::unique_ptr<Fahrzeug>, void *>') to 'long long' for 1st argument
    basic_ostream& operator<<(long long __n);
                   ^
/Library/Developer/CommandLineTools/SDKs/MacOSX.sdk/usr/include/c++/v1/ostream:208:20: note: candidate function not viable: no known conversion from 'std::list<std::unique_ptr<Fahrzeug>>::const_iterator' (aka '__list_const_iterator<std::unique_ptr<Fahrzeug>, void *>') to 'unsigned long long' for 1st argument
    basic_ostream& operator<<(unsigned long long __n);
                   ^
/Library/Developer/CommandLineTools/SDKs/MacOSX.sdk/usr/include/c++/v1/ostream:209:20: note: candidate function not viable: no known conversion from 'std::list<std::unique_ptr<Fahrzeug>>::const_iterator' (aka '__list_const_iterator<std::unique_ptr<Fahrzeug>, void *>') to 'float' for 1st argument
    basic_ostream& operator<<(float __f);
                   ^
/Library/Developer/CommandLineTools/SDKs/MacOSX.sdk/usr/include/c++/v1/ostream:210:20: note: candidate function not viable: no known conversion from 'std::list<std::unique_ptr<Fahrzeug>>::const_iterator' (aka '__list_const_iterator<std::unique_ptr<Fahrzeug>, void *>') to 'double' for 1st argument
    basic_ostream& operator<<(double __f);
                   ^
/Library/Developer/CommandLineTools/SDKs/MacOSX.sdk/usr/include/c++/v1/ostream:211:20: note: candidate function not viable: no known conversion from 'std::list<std::unique_ptr<Fahrzeug>>::const_iterator' (aka '__list_const_iterator<std::unique_ptr<Fahrzeug>, void *>') to 'long double' for 1st argument
    basic_ostream& operator<<(long double __f);
                   ^
/Library/Developer/CommandLineTools/SDKs/MacOSX.sdk/usr/include/c++/v1/ostream:212:20: note: candidate function not viable: no known conversion from 'std::list<std::unique_ptr<Fahrzeug>>::const_iterator' (aka '__list_const_iterator<std::unique_ptr<Fahrzeug>, void *>') to 'const void *' for 1st argument
    basic_ostream& operator<<(const void* __p);
                   ^
/Library/Developer/CommandLineTools/SDKs/MacOSX.sdk/usr/include/c++/v1/ostream:213:20: note: candidate function not viable: no known conversion from 'std::list<std::unique_ptr<Fahrzeug>>::const_iterator' (aka '__list_const_iterator<std::unique_ptr<Fahrzeug>, void *>') to 'basic_streambuf<std::basic_ostream<char>::char_type, std::basic_ostream<char>::traits_type> *' (aka 'basic_streambuf<char, std::char_traits<char>> *') for 1st argument
    basic_ostream& operator<<(basic_streambuf<char_type, traits_type>* __sb);
                   ^
/Library/Developer/CommandLineTools/SDKs/MacOSX.sdk/usr/include/c++/v1/ostream:216:20: note: candidate function not viable: no known conversion from 'std::list<std::unique_ptr<Fahrzeug>>::const_iterator' (aka '__list_const_iterator<std::unique_ptr<Fahrzeug>, void *>') to 'std::nullptr_t' for 1st argument
    basic_ostream& operator<<(nullptr_t)
                   ^
1 error generated.
make: *** [src/Weg.o] Error 1
"make all" terminated with exit code 2. Build might be incomplete.
15:16:16 **** Incremental Build of configuration Debug for project Aufgabenblock_2 ****
make all 
Building file: ../src/Weg.cpp
Invoking: GCC C++ Compiler
g++ -std=c++17 -O0 -g3 -Wall -c -fmessage-length=0 -MMD -MP -MF"src/Weg.d" -MT"src/Weg.o" -o "src/Weg.o" "../src/Weg.cpp"
Finished building: ../src/Weg.cpp
 
Building target: Aufgabenblock_2
Invoking: MacOS X C++ Linker
g++  -o "Aufgabenblock_2"  ./src/Fahrrad.o ./src/Fahrzeug.o ./src/PKW.o ./src/Simulationsobjekt.o ./src/Verhalten.o ./src/Weg.o ./src/main.o   
Finished building target: Aufgabenblock_2
 
15:16:47 **** Incremental Build of configuration Debug for project Aufgabenblock_2 ****
make all 
Building file: ../src/Weg.cpp
Invoking: GCC C++ Compiler
g++ -std=c++17 -O0 -g3 -Wall -c -fmessage-length=0 -MMD -MP -MF"src/Weg.d" -MT"src/Weg.o" -o "src/Weg.o" "../src/Weg.cpp"
Finished building: ../src/Weg.cpp
 
Building target: Aufgabenblock_2
Invoking: MacOS X C++ Linker
g++  -o "Aufgabenblock_2"  ./src/Fahrrad.o ./src/Fahrzeug.o ./src/PKW.o ./src/Simulationsobjekt.o ./src/Verhalten.o ./src/Weg.o ./src/main.o   
Finished building target: Aufgabenblock_2
 
15:18:21 **** Incremental Build of configuration Debug for project Aufgabenblock_2 ****
make all 
Building file: ../src/Weg.cpp
Invoking: GCC C++ Compiler
g++ -std=c++17 -O0 -g3 -Wall -c -fmessage-length=0 -MMD -MP -MF"src/Weg.d" -MT"src/Weg.o" -o "src/Weg.o" "../src/Weg.cpp"
Finished building: ../src/Weg.cpp
 
Building target: Aufgabenblock_2
Invoking: MacOS X C++ Linker
g++  -o "Aufgabenblock_2"  ./src/Fahrrad.o ./src/Fahrzeug.o ./src/PKW.o ./src/Simulationsobjekt.o ./src/Verhalten.o ./src/Weg.o ./src/main.o   
Finished building target: Aufgabenblock_2
 
15:19:10 **** Incremental Build of configuration Debug for project Aufgabenblock_2 ****
make all 
Building file: ../src/Weg.cpp
Invoking: GCC C++ Compiler
g++ -std=c++17 -O0 -g3 -Wall -c -fmessage-length=0 -MMD -MP -MF"src/Weg.d" -MT"src/Weg.o" -o "src/Weg.o" "../src/Weg.cpp"
Finished building: ../src/Weg.cpp
 
Building target: Aufgabenblock_2
Invoking: MacOS X C++ Linker
g++  -o "Aufgabenblock_2"  ./src/Fahrrad.o ./src/Fahrzeug.o ./src/PKW.o ./src/Simulationsobjekt.o ./src/Verhalten.o ./src/Weg.o ./src/main.o   
Finished building target: Aufgabenblock_2
 
15:21:12 **** Incremental Build of configuration Debug for project Aufgabenblock_2 ****
make all 
Building file: ../src/Weg.cpp
Invoking: GCC C++ Compiler
g++ -std=c++17 -O0 -g3 -Wall -c -fmessage-length=0 -MMD -MP -MF"src/Weg.d" -MT"src/Weg.o" -o "src/Weg.o" "../src/Weg.cpp"
../src/Weg.cpp:87:24: error: indirection requires pointer operand ('int' invalid)
                std::cout << "1:" << *iterator << std::endl;
                                     ^~~~~~~~~
../src/Weg.cpp:89:15: error: invalid operands to binary expression ('int' and 'std::list<std::unique_ptr<Fahrzeug>>::const_iterator' (aka '__list_const_iterator<std::unique_ptr<Fahrzeug>, void *>'))
                if(iterator == p_pFahrzeuge.cend()) {
                   ~~~~~~~~ ^  ~~~~~~~~~~~~~~~~~~~
/Library/Developer/CommandLineTools/SDKs/MacOSX.sdk/usr/include/c++/v1/list:528:10: note: candidate function not viable: no known conversion from 'int' to 'const std::__list_const_iterator<std::unique_ptr<Fahrzeug>, void *>' for 1st argument
    bool operator==(const __list_const_iterator& __x, const __list_const_iterator& __y)
         ^
/Library/Developer/CommandLineTools/SDKs/MacOSX.sdk/usr/include/c++/v1/__variant/monostate.h:43:16: note: candidate function not viable: no known conversion from 'int' to 'std::monostate' for 1st argument
constexpr bool operator==(monostate, monostate) noexcept { return true; }
               ^
/Library/Developer/CommandLineTools/SDKs/MacOSX.sdk/usr/include/c++/v1/system_error:391:1: note: candidate function not viable: no known conversion from 'int' to 'const std::error_code' for 1st argument
operator==(const error_code& __x, const error_code& __y) _NOEXCEPT
^
/Library/Developer/CommandLineTools/SDKs/MacOSX.sdk/usr/include/c++/v1/system_error:398:1: note: candidate function not viable: no known conversion from 'int' to 'const std::error_code' for 1st argument
operator==(const error_code& __x, const error_condition& __y) _NOEXCEPT
^
/Library/Developer/CommandLineTools/SDKs/MacOSX.sdk/usr/include/c++/v1/system_error:406:1: note: candidate function not viable: no known conversion from 'int' to 'const std::error_condition' for 1st argument
operator==(const error_condition& __x, const error_code& __y) _NOEXCEPT
^
/Library/Developer/CommandLineTools/SDKs/MacOSX.sdk/usr/include/c++/v1/system_error:413:1: note: candidate function not viable: no known conversion from 'int' to 'const std::error_condition' for 1st argument
operator==(const error_condition& __x, const error_condition& __y) _NOEXCEPT
^
/Library/Developer/CommandLineTools/SDKs/MacOSX.sdk/usr/include/c++/v1/__utility/pair.h:321:1: note: candidate template ignored: could not match 'pair<type-parameter-0-0, type-parameter-0-1>' against 'int'
operator==(const pair<_T1,_T2>& __x, const pair<_T1,_T2>& __y)
^
/Library/Developer/CommandLineTools/SDKs/MacOSX.sdk/usr/include/c++/v1/__iterator/wrap_iter.h:169:6: note: candidate template ignored: could not match '__wrap_iter<type-parameter-0-0>' against 'int'
bool operator==(const __wrap_iter<_Iter1>& __x, const __wrap_iter<_Iter1>& __y) _NOEXCEPT
     ^
/Library/Developer/CommandLineTools/SDKs/MacOSX.sdk/usr/include/c++/v1/__iterator/wrap_iter.h:176:6: note: candidate template ignored: could not match '__wrap_iter<type-parameter-0-0>' against 'int'
bool operator==(const __wrap_iter<_Iter1>& __x, const __wrap_iter<_Iter2>& __y) _NOEXCEPT
     ^
/Library/Developer/CommandLineTools/SDKs/MacOSX.sdk/usr/include/c++/v1/tuple:1297:1: note: candidate template ignored: could not match 'tuple<type-parameter-0-0...>' against 'int'
operator==(const tuple<_Tp...>& __x, const tuple<_Up...>& __y)
^
/Library/Developer/CommandLineTools/SDKs/MacOSX.sdk/usr/include/c++/v1/__memory/allocator.h:244:6: note: candidate template ignored: could not match 'allocator<type-parameter-0-0>' against 'int'
bool operator==(const allocator<_Tp>&, const allocator<_Up>&) _NOEXCEPT {return true;}
     ^
/Library/Developer/CommandLineTools/SDKs/MacOSX.sdk/usr/include/c++/v1/__memory/unique_ptr.h:572:1: note: candidate template ignored: could not match 'unique_ptr<type-parameter-0-0, type-parameter-0-1>' against 'int'
operator==(const unique_ptr<_T1, _D1>& __x, const unique_ptr<_T2, _D2>& __y) {return __x.get() == __y.get();}
^
/Library/Developer/CommandLineTools/SDKs/MacOSX.sdk/usr/include/c++/v1/__memory/unique_ptr.h:608:1: note: candidate template ignored: could not match 'unique_ptr<type-parameter-0-0, type-parameter-0-1>' against 'int'
operator==(const unique_ptr<_T1, _D1>& __x, nullptr_t) _NOEXCEPT
^
/Library/Developer/CommandLineTools/SDKs/MacOSX.sdk/usr/include/c++/v1/__memory/unique_ptr.h:616:1: note: candidate template ignored: could not match 'unique_ptr' against '__list_const_iterator'
operator==(nullptr_t, const unique_ptr<_T1, _D1>& __x) _NOEXCEPT
^
/Library/Developer/CommandLineTools/SDKs/MacOSX.sdk/usr/include/c++/v1/__memory/shared_ptr.h:1121:1: note: candidate template ignored: could not match 'shared_ptr<type-parameter-0-0>' against 'int'
operator==(const shared_ptr<_Tp>& __x, const shared_ptr<_Up>& __y) _NOEXCEPT
^
/Library/Developer/CommandLineTools/SDKs/MacOSX.sdk/usr/include/c++/v1/__memory/shared_ptr.h:1175:1: note: candidate template ignored: could not match 'shared_ptr<type-parameter-0-0>' against 'int'
operator==(const shared_ptr<_Tp>& __x, nullptr_t) _NOEXCEPT
^
/Library/Developer/CommandLineTools/SDKs/MacOSX.sdk/usr/include/c++/v1/__memory/shared_ptr.h:1183:1: note: candidate template ignored: could not match 'shared_ptr' against '__list_const_iterator'
operator==(nullptr_t, const shared_ptr<_Tp>& __x) _NOEXCEPT
^
/Library/Developer/CommandLineTools/SDKs/MacOSX.sdk/usr/include/c++/v1/variant:1613:16: note: candidate template ignored: could not match 'variant<type-parameter-0-0...>' against 'int'
constexpr bool operator==(const variant<_Types...>& __lhs,
               ^
/Library/Developer/CommandLineTools/SDKs/MacOSX.sdk/usr/include/c++/v1/__iterator/istreambuf_iterator.h:96:6: note: candidate template ignored: could not match 'istreambuf_iterator<type-parameter-0-0, type-parameter-0-1>' against 'int'
bool operator==(const istreambuf_iterator<_CharT,_Traits>& __a,
     ^
/Library/Developer/CommandLineTools/SDKs/MacOSX.sdk/usr/include/c++/v1/__iterator/istream_iterator.h:84:1: note: candidate template ignored: could not match 'istream_iterator<type-parameter-0-0, type-parameter-0-1, type-parameter-0-2, type-parameter-0-3>' against 'int'
operator==(const istream_iterator<_Tp, _CharT, _Traits, _Distance>& __x,
^
/Library/Developer/CommandLineTools/SDKs/MacOSX.sdk/usr/include/c++/v1/__iterator/move_iterator.h:105:1: note: candidate template ignored: could not match 'move_iterator<type-parameter-0-0>' against 'int'
operator==(const move_iterator<_Iter1>& __x, const move_iterator<_Iter2>& __y)
^
/Library/Developer/CommandLineTools/SDKs/MacOSX.sdk/usr/include/c++/v1/__iterator/reverse_iterator.h:154:1: note: candidate template ignored: could not match 'reverse_iterator<type-parameter-0-0>' against 'int'
operator==(const reverse_iterator<_Iter1>& __x, const reverse_iterator<_Iter2>& __y)
^
/Library/Developer/CommandLineTools/SDKs/MacOSX.sdk/usr/include/c++/v1/__functional/function.h:1215:1: note: candidate template ignored: could not match 'function<type-parameter-0-0 (type-parameter-0-1...)>' against 'int'
operator==(const function<_Rp(_ArgTypes...)>& __f, nullptr_t) _NOEXCEPT {return !__f;}
^
/Library/Developer/CommandLineTools/SDKs/MacOSX.sdk/usr/include/c++/v1/__functional/function.h:1220:1: note: candidate template ignored: could not match 'function' against '__list_const_iterator'
operator==(nullptr_t, const function<_Rp(_ArgTypes...)>& __f) _NOEXCEPT {return !__f;}
^
/Library/Developer/CommandLineTools/SDKs/MacOSX.sdk/usr/include/c++/v1/string_view:679:6: note: candidate template ignored: could not match 'basic_string_view<type-parameter-0-0, type-parameter-0-1>' against 'int'
bool operator==(basic_string_view<_CharT, _Traits> __lhs,
     ^
/Library/Developer/CommandLineTools/SDKs/MacOSX.sdk/usr/include/c++/v1/string_view:688:6: note: candidate template ignored: could not match 'basic_string_view<type-parameter-0-0, type-parameter-0-1>' against 'int'
bool operator==(basic_string_view<_CharT, _Traits> __lhs,
     ^
/Library/Developer/CommandLineTools/SDKs/MacOSX.sdk/usr/include/c++/v1/string_view:697:6: note: candidate template ignored: could not match 'basic_string_view' against '__list_const_iterator'
bool operator==(typename common_type<basic_string_view<_CharT, _Traits> >::type __lhs,
     ^
/Library/Developer/CommandLineTools/SDKs/MacOSX.sdk/usr/include/c++/v1/string:584:6: note: candidate template ignored: could not match 'fpos<type-parameter-0-0>' against 'int'
bool operator==(const fpos<_StateT>& __x, const fpos<_StateT>& __y)
     ^
/Library/Developer/CommandLineTools/SDKs/MacOSX.sdk/usr/include/c++/v1/string:4073:1: note: candidate template ignored: could not match 'basic_string<type-parameter-0-0, type-parameter-0-1, type-parameter-0-2>' against 'int'
operator==(const basic_string<_CharT, _Traits, _Allocator>& __lhs,
^
/Library/Developer/CommandLineTools/SDKs/MacOSX.sdk/usr/include/c++/v1/string:4085:1: note: candidate template ignored: could not match 'basic_string<char, std::char_traits<char>, type-parameter-0-0>' against 'int'
operator==(const basic_string<char, char_traits<char>, _Allocator>& __lhs,
^
/Library/Developer/CommandLineTools/SDKs/MacOSX.sdk/usr/include/c++/v1/string:4104:1: note: candidate template ignored: could not match 'const _CharT *' against 'int'
operator==(const _CharT* __lhs,
^
/Library/Developer/CommandLineTools/SDKs/MacOSX.sdk/usr/include/c++/v1/string:4117:1: note: candidate template ignored: could not match 'basic_string<type-parameter-0-0, type-parameter-0-1, type-parameter-0-2>' against 'int'
operator==(const basic_string<_CharT,_Traits,_Allocator>& __lhs,
^
/Library/Developer/CommandLineTools/SDKs/MacOSX.sdk/usr/include/c++/v1/list:2422:1: note: candidate template ignored: could not match 'list<type-parameter-0-0, type-parameter-0-1>' against 'int'
operator==(const list<_Tp, _Alloc>& __x, const list<_Tp, _Alloc>& __y)
^
../src/Weg.cpp:90:18: error: use of undeclared identifier 'fahrzeug_name'; did you mean 'fahrzeuge'?
                  fahrzeuge += fahrzeug_name + ")";
                               ^~~~~~~~~~~~~
                               fahrzeuge
../src/Weg.cpp:80:15: note: 'fahrzeuge' declared here
  std::string fahrzeuge;
              ^
../src/Weg.cpp:92:17: error: use of undeclared identifier 'fahrzeug_name'; did you mean 'fahrzeuge'?
                        fahrzeuge += fahrzeug_name + ",";
                                     ^~~~~~~~~~~~~
                                     fahrzeuge
../src/Weg.cpp:80:15: note: 'fahrzeuge' declared here
  std::string fahrzeuge;
              ^
4 errors generated.
make: *** [src/Weg.o] Error 1
"make all" terminated with exit code 2. Build might be incomplete.
15:21:56 **** Incremental Build of configuration Debug for project Aufgabenblock_2 ****
make all 
Building file: ../src/Weg.cpp
Invoking: GCC C++ Compiler
g++ -std=c++17 -O0 -g3 -Wall -c -fmessage-length=0 -MMD -MP -MF"src/Weg.d" -MT"src/Weg.o" -o "src/Weg.o" "../src/Weg.cpp"
../src/Weg.cpp:89:24: error: indirection requires pointer operand ('int' invalid)
                std::cout << "1:" << *iterator << std::endl;
                                     ^~~~~~~~~
../src/Weg.cpp:91:15: error: invalid operands to binary expression ('int' and 'std::list<std::unique_ptr<Fahrzeug>>::const_iterator' (aka '__list_const_iterator<std::unique_ptr<Fahrzeug>, void *>'))
                if(iterator == p_pFahrzeuge.cend()) {
                   ~~~~~~~~ ^  ~~~~~~~~~~~~~~~~~~~
/Library/Developer/CommandLineTools/SDKs/MacOSX.sdk/usr/include/c++/v1/list:528:10: note: candidate function not viable: no known conversion from 'int' to 'const std::__list_const_iterator<std::unique_ptr<Fahrzeug>, void *>' for 1st argument
    bool operator==(const __list_const_iterator& __x, const __list_const_iterator& __y)
         ^
/Library/Developer/CommandLineTools/SDKs/MacOSX.sdk/usr/include/c++/v1/__variant/monostate.h:43:16: note: candidate function not viable: no known conversion from 'int' to 'std::monostate' for 1st argument
constexpr bool operator==(monostate, monostate) noexcept { return true; }
               ^
/Library/Developer/CommandLineTools/SDKs/MacOSX.sdk/usr/include/c++/v1/system_error:391:1: note: candidate function not viable: no known conversion from 'int' to 'const std::error_code' for 1st argument
operator==(const error_code& __x, const error_code& __y) _NOEXCEPT
^
/Library/Developer/CommandLineTools/SDKs/MacOSX.sdk/usr/include/c++/v1/system_error:398:1: note: candidate function not viable: no known conversion from 'int' to 'const std::error_code' for 1st argument
operator==(const error_code& __x, const error_condition& __y) _NOEXCEPT
^
/Library/Developer/CommandLineTools/SDKs/MacOSX.sdk/usr/include/c++/v1/system_error:406:1: note: candidate function not viable: no known conversion from 'int' to 'const std::error_condition' for 1st argument
operator==(const error_condition& __x, const error_code& __y) _NOEXCEPT
^
/Library/Developer/CommandLineTools/SDKs/MacOSX.sdk/usr/include/c++/v1/system_error:413:1: note: candidate function not viable: no known conversion from 'int' to 'const std::error_condition' for 1st argument
operator==(const error_condition& __x, const error_condition& __y) _NOEXCEPT
^
/Library/Developer/CommandLineTools/SDKs/MacOSX.sdk/usr/include/c++/v1/__utility/pair.h:321:1: note: candidate template ignored: could not match 'pair<type-parameter-0-0, type-parameter-0-1>' against 'int'
operator==(const pair<_T1,_T2>& __x, const pair<_T1,_T2>& __y)
^
/Library/Developer/CommandLineTools/SDKs/MacOSX.sdk/usr/include/c++/v1/__iterator/wrap_iter.h:169:6: note: candidate template ignored: could not match '__wrap_iter<type-parameter-0-0>' against 'int'
bool operator==(const __wrap_iter<_Iter1>& __x, const __wrap_iter<_Iter1>& __y) _NOEXCEPT
     ^
/Library/Developer/CommandLineTools/SDKs/MacOSX.sdk/usr/include/c++/v1/__iterator/wrap_iter.h:176:6: note: candidate template ignored: could not match '__wrap_iter<type-parameter-0-0>' against 'int'
bool operator==(const __wrap_iter<_Iter1>& __x, const __wrap_iter<_Iter2>& __y) _NOEXCEPT
     ^
/Library/Developer/CommandLineTools/SDKs/MacOSX.sdk/usr/include/c++/v1/tuple:1297:1: note: candidate template ignored: could not match 'tuple<type-parameter-0-0...>' against 'int'
operator==(const tuple<_Tp...>& __x, const tuple<_Up...>& __y)
^
/Library/Developer/CommandLineTools/SDKs/MacOSX.sdk/usr/include/c++/v1/__memory/allocator.h:244:6: note: candidate template ignored: could not match 'allocator<type-parameter-0-0>' against 'int'
bool operator==(const allocator<_Tp>&, const allocator<_Up>&) _NOEXCEPT {return true;}
     ^
/Library/Developer/CommandLineTools/SDKs/MacOSX.sdk/usr/include/c++/v1/__memory/unique_ptr.h:572:1: note: candidate template ignored: could not match 'unique_ptr<type-parameter-0-0, type-parameter-0-1>' against 'int'
operator==(const unique_ptr<_T1, _D1>& __x, const unique_ptr<_T2, _D2>& __y) {return __x.get() == __y.get();}
^
/Library/Developer/CommandLineTools/SDKs/MacOSX.sdk/usr/include/c++/v1/__memory/unique_ptr.h:608:1: note: candidate template ignored: could not match 'unique_ptr<type-parameter-0-0, type-parameter-0-1>' against 'int'
operator==(const unique_ptr<_T1, _D1>& __x, nullptr_t) _NOEXCEPT
^
/Library/Developer/CommandLineTools/SDKs/MacOSX.sdk/usr/include/c++/v1/__memory/unique_ptr.h:616:1: note: candidate template ignored: could not match 'unique_ptr' against '__list_const_iterator'
operator==(nullptr_t, const unique_ptr<_T1, _D1>& __x) _NOEXCEPT
^
/Library/Developer/CommandLineTools/SDKs/MacOSX.sdk/usr/include/c++/v1/__memory/shared_ptr.h:1121:1: note: candidate template ignored: could not match 'shared_ptr<type-parameter-0-0>' against 'int'
operator==(const shared_ptr<_Tp>& __x, const shared_ptr<_Up>& __y) _NOEXCEPT
^
/Library/Developer/CommandLineTools/SDKs/MacOSX.sdk/usr/include/c++/v1/__memory/shared_ptr.h:1175:1: note: candidate template ignored: could not match 'shared_ptr<type-parameter-0-0>' against 'int'
operator==(const shared_ptr<_Tp>& __x, nullptr_t) _NOEXCEPT
^
/Library/Developer/CommandLineTools/SDKs/MacOSX.sdk/usr/include/c++/v1/__memory/shared_ptr.h:1183:1: note: candidate template ignored: could not match 'shared_ptr' against '__list_const_iterator'
operator==(nullptr_t, const shared_ptr<_Tp>& __x) _NOEXCEPT
^
/Library/Developer/CommandLineTools/SDKs/MacOSX.sdk/usr/include/c++/v1/variant:1613:16: note: candidate template ignored: could not match 'variant<type-parameter-0-0...>' against 'int'
constexpr bool operator==(const variant<_Types...>& __lhs,
               ^
/Library/Developer/CommandLineTools/SDKs/MacOSX.sdk/usr/include/c++/v1/__iterator/istreambuf_iterator.h:96:6: note: candidate template ignored: could not match 'istreambuf_iterator<type-parameter-0-0, type-parameter-0-1>' against 'int'
bool operator==(const istreambuf_iterator<_CharT,_Traits>& __a,
     ^
/Library/Developer/CommandLineTools/SDKs/MacOSX.sdk/usr/include/c++/v1/__iterator/istream_iterator.h:84:1: note: candidate template ignored: could not match 'istream_iterator<type-parameter-0-0, type-parameter-0-1, type-parameter-0-2, type-parameter-0-3>' against 'int'
operator==(const istream_iterator<_Tp, _CharT, _Traits, _Distance>& __x,
^
/Library/Developer/CommandLineTools/SDKs/MacOSX.sdk/usr/include/c++/v1/__iterator/move_iterator.h:105:1: note: candidate template ignored: could not match 'move_iterator<type-parameter-0-0>' against 'int'
operator==(const move_iterator<_Iter1>& __x, const move_iterator<_Iter2>& __y)
^
/Library/Developer/CommandLineTools/SDKs/MacOSX.sdk/usr/include/c++/v1/__iterator/reverse_iterator.h:154:1: note: candidate template ignored: could not match 'reverse_iterator<type-parameter-0-0>' against 'int'
operator==(const reverse_iterator<_Iter1>& __x, const reverse_iterator<_Iter2>& __y)
^
/Library/Developer/CommandLineTools/SDKs/MacOSX.sdk/usr/include/c++/v1/__functional/function.h:1215:1: note: candidate template ignored: could not match 'function<type-parameter-0-0 (type-parameter-0-1...)>' against 'int'
operator==(const function<_Rp(_ArgTypes...)>& __f, nullptr_t) _NOEXCEPT {return !__f;}
^
/Library/Developer/CommandLineTools/SDKs/MacOSX.sdk/usr/include/c++/v1/__functional/function.h:1220:1: note: candidate template ignored: could not match 'function' against '__list_const_iterator'
operator==(nullptr_t, const function<_Rp(_ArgTypes...)>& __f) _NOEXCEPT {return !__f;}
^
/Library/Developer/CommandLineTools/SDKs/MacOSX.sdk/usr/include/c++/v1/string_view:679:6: note: candidate template ignored: could not match 'basic_string_view<type-parameter-0-0, type-parameter-0-1>' against 'int'
bool operator==(basic_string_view<_CharT, _Traits> __lhs,
     ^
/Library/Developer/CommandLineTools/SDKs/MacOSX.sdk/usr/include/c++/v1/string_view:688:6: note: candidate template ignored: could not match 'basic_string_view<type-parameter-0-0, type-parameter-0-1>' against 'int'
bool operator==(basic_string_view<_CharT, _Traits> __lhs,
     ^
/Library/Developer/CommandLineTools/SDKs/MacOSX.sdk/usr/include/c++/v1/string_view:697:6: note: candidate template ignored: could not match 'basic_string_view' against '__list_const_iterator'
bool operator==(typename common_type<basic_string_view<_CharT, _Traits> >::type __lhs,
     ^
/Library/Developer/CommandLineTools/SDKs/MacOSX.sdk/usr/include/c++/v1/string:584:6: note: candidate template ignored: could not match 'fpos<type-parameter-0-0>' against 'int'
bool operator==(const fpos<_StateT>& __x, const fpos<_StateT>& __y)
     ^
/Library/Developer/CommandLineTools/SDKs/MacOSX.sdk/usr/include/c++/v1/string:4073:1: note: candidate template ignored: could not match 'basic_string<type-parameter-0-0, type-parameter-0-1, type-parameter-0-2>' against 'int'
operator==(const basic_string<_CharT, _Traits, _Allocator>& __lhs,
^
/Library/Developer/CommandLineTools/SDKs/MacOSX.sdk/usr/include/c++/v1/string:4085:1: note: candidate template ignored: could not match 'basic_string<char, std::char_traits<char>, type-parameter-0-0>' against 'int'
operator==(const basic_string<char, char_traits<char>, _Allocator>& __lhs,
^
/Library/Developer/CommandLineTools/SDKs/MacOSX.sdk/usr/include/c++/v1/string:4104:1: note: candidate template ignored: could not match 'const _CharT *' against 'int'
operator==(const _CharT* __lhs,
^
/Library/Developer/CommandLineTools/SDKs/MacOSX.sdk/usr/include/c++/v1/string:4117:1: note: candidate template ignored: could not match 'basic_string<type-parameter-0-0, type-parameter-0-1, type-parameter-0-2>' against 'int'
operator==(const basic_string<_CharT,_Traits,_Allocator>& __lhs,
^
/Library/Developer/CommandLineTools/SDKs/MacOSX.sdk/usr/include/c++/v1/list:2422:1: note: candidate template ignored: could not match 'list<type-parameter-0-0, type-parameter-0-1>' against 'int'
operator==(const list<_Tp, _Alloc>& __x, const list<_Tp, _Alloc>& __y)
^
2 errors generated.
make: *** [src/Weg.o] Error 1
"make all" terminated with exit code 2. Build might be incomplete.
15:22:16 **** Incremental Build of configuration Debug for project Aufgabenblock_2 ****
make all 
Building file: ../src/Weg.cpp
Invoking: GCC C++ Compiler
g++ -std=c++17 -O0 -g3 -Wall -c -fmessage-length=0 -MMD -MP -MF"src/Weg.d" -MT"src/Weg.o" -o "src/Weg.o" "../src/Weg.cpp"
../src/Weg.cpp:89:24: error: indirection requires pointer operand ('int' invalid)
                std::cout << "1:" << *iterator << std::endl;
                                     ^~~~~~~~~
../src/Weg.cpp:91:6: error: indirection requires pointer operand ('int' invalid)
                if(*iterator == *p_pFahrzeuge.cend()) {
                   ^~~~~~~~~
2 errors generated.
make: *** [src/Weg.o] Error 1
"make all" terminated with exit code 2. Build might be incomplete.
15:22:34 **** Incremental Build of configuration Debug for project Aufgabenblock_2 ****
make all 
Building file: ../src/Weg.cpp
Invoking: GCC C++ Compiler
g++ -std=c++17 -O0 -g3 -Wall -c -fmessage-length=0 -MMD -MP -MF"src/Weg.d" -MT"src/Weg.o" -o "src/Weg.o" "../src/Weg.cpp"
../src/Weg.cpp:91:16: error: invalid operands to binary expression ('int *' and 'const std::__list_const_iterator<std::unique_ptr<Fahrzeug>, void *>::value_type' (aka 'const std::unique_ptr<Fahrzeug>'))
                if(&iterator == *p_pFahrzeuge.cend()) {
                   ~~~~~~~~~ ^  ~~~~~~~~~~~~~~~~~~~~
/Library/Developer/CommandLineTools/SDKs/MacOSX.sdk/usr/include/c++/v1/__memory/unique_ptr.h:616:1: note: candidate function template not viable: no known conversion from 'int *' to 'std::nullptr_t' for 1st argument
operator==(nullptr_t, const unique_ptr<_T1, _D1>& __x) _NOEXCEPT
^
/Library/Developer/CommandLineTools/SDKs/MacOSX.sdk/usr/include/c++/v1/__variant/monostate.h:43:16: note: candidate function not viable: no known conversion from 'int *' to 'std::monostate' for 1st argument
constexpr bool operator==(monostate, monostate) noexcept { return true; }
               ^
/Library/Developer/CommandLineTools/SDKs/MacOSX.sdk/usr/include/c++/v1/system_error:391:1: note: candidate function not viable: no known conversion from 'int *' to 'const std::error_code' for 1st argument
operator==(const error_code& __x, const error_code& __y) _NOEXCEPT
^
/Library/Developer/CommandLineTools/SDKs/MacOSX.sdk/usr/include/c++/v1/system_error:398:1: note: candidate function not viable: no known conversion from 'int *' to 'const std::error_code' for 1st argument
operator==(const error_code& __x, const error_condition& __y) _NOEXCEPT
^
/Library/Developer/CommandLineTools/SDKs/MacOSX.sdk/usr/include/c++/v1/system_error:406:1: note: candidate function not viable: no known conversion from 'int *' to 'const std::error_condition' for 1st argument
operator==(const error_condition& __x, const error_code& __y) _NOEXCEPT
^
/Library/Developer/CommandLineTools/SDKs/MacOSX.sdk/usr/include/c++/v1/system_error:413:1: note: candidate function not viable: no known conversion from 'int *' to 'const std::error_condition' for 1st argument
operator==(const error_condition& __x, const error_condition& __y) _NOEXCEPT
^
/Library/Developer/CommandLineTools/SDKs/MacOSX.sdk/usr/include/c++/v1/__utility/pair.h:321:1: note: candidate template ignored: could not match 'pair<type-parameter-0-0, type-parameter-0-1>' against 'int *'
operator==(const pair<_T1,_T2>& __x, const pair<_T1,_T2>& __y)
^
/Library/Developer/CommandLineTools/SDKs/MacOSX.sdk/usr/include/c++/v1/__iterator/wrap_iter.h:169:6: note: candidate template ignored: could not match '__wrap_iter<type-parameter-0-0>' against 'int *'
bool operator==(const __wrap_iter<_Iter1>& __x, const __wrap_iter<_Iter1>& __y) _NOEXCEPT
     ^
/Library/Developer/CommandLineTools/SDKs/MacOSX.sdk/usr/include/c++/v1/__iterator/wrap_iter.h:176:6: note: candidate template ignored: could not match '__wrap_iter<type-parameter-0-0>' against 'int *'
bool operator==(const __wrap_iter<_Iter1>& __x, const __wrap_iter<_Iter2>& __y) _NOEXCEPT
     ^
/Library/Developer/CommandLineTools/SDKs/MacOSX.sdk/usr/include/c++/v1/tuple:1297:1: note: candidate template ignored: could not match 'tuple<type-parameter-0-0...>' against 'int *'
operator==(const tuple<_Tp...>& __x, const tuple<_Up...>& __y)
^
/Library/Developer/CommandLineTools/SDKs/MacOSX.sdk/usr/include/c++/v1/__memory/allocator.h:244:6: note: candidate template ignored: could not match 'allocator<type-parameter-0-0>' against 'int *'
bool operator==(const allocator<_Tp>&, const allocator<_Up>&) _NOEXCEPT {return true;}
     ^
/Library/Developer/CommandLineTools/SDKs/MacOSX.sdk/usr/include/c++/v1/__memory/unique_ptr.h:572:1: note: candidate template ignored: could not match 'unique_ptr<type-parameter-0-0, type-parameter-0-1>' against 'int *'
operator==(const unique_ptr<_T1, _D1>& __x, const unique_ptr<_T2, _D2>& __y) {return __x.get() == __y.get();}
^
/Library/Developer/CommandLineTools/SDKs/MacOSX.sdk/usr/include/c++/v1/__memory/unique_ptr.h:608:1: note: candidate template ignored: could not match 'unique_ptr<type-parameter-0-0, type-parameter-0-1>' against 'int *'
operator==(const unique_ptr<_T1, _D1>& __x, nullptr_t) _NOEXCEPT
^
/Library/Developer/CommandLineTools/SDKs/MacOSX.sdk/usr/include/c++/v1/__memory/shared_ptr.h:1121:1: note: candidate template ignored: could not match 'shared_ptr<type-parameter-0-0>' against 'int *'
operator==(const shared_ptr<_Tp>& __x, const shared_ptr<_Up>& __y) _NOEXCEPT
^
/Library/Developer/CommandLineTools/SDKs/MacOSX.sdk/usr/include/c++/v1/__memory/shared_ptr.h:1175:1: note: candidate template ignored: could not match 'shared_ptr<type-parameter-0-0>' against 'int *'
operator==(const shared_ptr<_Tp>& __x, nullptr_t) _NOEXCEPT
^
/Library/Developer/CommandLineTools/SDKs/MacOSX.sdk/usr/include/c++/v1/__memory/shared_ptr.h:1183:1: note: candidate template ignored: could not match 'shared_ptr' against 'unique_ptr'
operator==(nullptr_t, const shared_ptr<_Tp>& __x) _NOEXCEPT
^
/Library/Developer/CommandLineTools/SDKs/MacOSX.sdk/usr/include/c++/v1/variant:1613:16: note: candidate template ignored: could not match 'variant<type-parameter-0-0...>' against 'int *'
constexpr bool operator==(const variant<_Types...>& __lhs,
               ^
/Library/Developer/CommandLineTools/SDKs/MacOSX.sdk/usr/include/c++/v1/__iterator/istreambuf_iterator.h:96:6: note: candidate template ignored: could not match 'istreambuf_iterator<type-parameter-0-0, type-parameter-0-1>' against 'int *'
bool operator==(const istreambuf_iterator<_CharT,_Traits>& __a,
     ^
/Library/Developer/CommandLineTools/SDKs/MacOSX.sdk/usr/include/c++/v1/__iterator/istream_iterator.h:84:1: note: candidate template ignored: could not match 'istream_iterator<type-parameter-0-0, type-parameter-0-1, type-parameter-0-2, type-parameter-0-3>' against 'int *'
operator==(const istream_iterator<_Tp, _CharT, _Traits, _Distance>& __x,
^
/Library/Developer/CommandLineTools/SDKs/MacOSX.sdk/usr/include/c++/v1/__iterator/move_iterator.h:105:1: note: candidate template ignored: could not match 'move_iterator<type-parameter-0-0>' against 'int *'
operator==(const move_iterator<_Iter1>& __x, const move_iterator<_Iter2>& __y)
^
/Library/Developer/CommandLineTools/SDKs/MacOSX.sdk/usr/include/c++/v1/__iterator/reverse_iterator.h:154:1: note: candidate template ignored: could not match 'reverse_iterator<type-parameter-0-0>' against 'int *'
operator==(const reverse_iterator<_Iter1>& __x, const reverse_iterator<_Iter2>& __y)
^
/Library/Developer/CommandLineTools/SDKs/MacOSX.sdk/usr/include/c++/v1/__functional/function.h:1215:1: note: candidate template ignored: could not match 'function<type-parameter-0-0 (type-parameter-0-1...)>' against 'int *'
operator==(const function<_Rp(_ArgTypes...)>& __f, nullptr_t) _NOEXCEPT {return !__f;}
^
/Library/Developer/CommandLineTools/SDKs/MacOSX.sdk/usr/include/c++/v1/__functional/function.h:1220:1: note: candidate template ignored: could not match 'function' against 'unique_ptr'
operator==(nullptr_t, const function<_Rp(_ArgTypes...)>& __f) _NOEXCEPT {return !__f;}
^
/Library/Developer/CommandLineTools/SDKs/MacOSX.sdk/usr/include/c++/v1/string_view:679:6: note: candidate template ignored: could not match 'basic_string_view<type-parameter-0-0, type-parameter-0-1>' against 'int *'
bool operator==(basic_string_view<_CharT, _Traits> __lhs,
     ^
/Library/Developer/CommandLineTools/SDKs/MacOSX.sdk/usr/include/c++/v1/string_view:688:6: note: candidate template ignored: could not match 'basic_string_view<type-parameter-0-0, type-parameter-0-1>' against 'int *'
bool operator==(basic_string_view<_CharT, _Traits> __lhs,
     ^
/Library/Developer/CommandLineTools/SDKs/MacOSX.sdk/usr/include/c++/v1/string_view:697:6: note: candidate template ignored: could not match 'basic_string_view' against 'unique_ptr'
bool operator==(typename common_type<basic_string_view<_CharT, _Traits> >::type __lhs,
     ^
/Library/Developer/CommandLineTools/SDKs/MacOSX.sdk/usr/include/c++/v1/string:584:6: note: candidate template ignored: could not match 'fpos<type-parameter-0-0>' against 'int *'
bool operator==(const fpos<_StateT>& __x, const fpos<_StateT>& __y)
     ^
/Library/Developer/CommandLineTools/SDKs/MacOSX.sdk/usr/include/c++/v1/string:4073:1: note: candidate template ignored: could not match 'basic_string<type-parameter-0-0, type-parameter-0-1, type-parameter-0-2>' against 'int *'
operator==(const basic_string<_CharT, _Traits, _Allocator>& __lhs,
^
/Library/Developer/CommandLineTools/SDKs/MacOSX.sdk/usr/include/c++/v1/string:4085:1: note: candidate template ignored: could not match 'basic_string<char, std::char_traits<char>, type-parameter-0-0>' against 'int *'
operator==(const basic_string<char, char_traits<char>, _Allocator>& __lhs,
^
/Library/Developer/CommandLineTools/SDKs/MacOSX.sdk/usr/include/c++/v1/string:4104:1: note: candidate template ignored: could not match 'basic_string' against 'unique_ptr'
operator==(const _CharT* __lhs,
^
/Library/Developer/CommandLineTools/SDKs/MacOSX.sdk/usr/include/c++/v1/string:4117:1: note: candidate template ignored: could not match 'basic_string<type-parameter-0-0, type-parameter-0-1, type-parameter-0-2>' against 'int *'
operator==(const basic_string<_CharT,_Traits,_Allocator>& __lhs,
^
/Library/Developer/CommandLineTools/SDKs/MacOSX.sdk/usr/include/c++/v1/list:2422:1: note: candidate template ignored: could not match 'list<type-parameter-0-0, type-parameter-0-1>' against 'int *'
operator==(const list<_Tp, _Alloc>& __x, const list<_Tp, _Alloc>& __y)
^
1 error generated.
make: *** [src/Weg.o] Error 1
"make all" terminated with exit code 2. Build might be incomplete.
15:22:48 **** Incremental Build of configuration Debug for project Aufgabenblock_2 ****
make all 
Building file: ../src/Weg.cpp
Invoking: GCC C++ Compiler
g++ -std=c++17 -O0 -g3 -Wall -c -fmessage-length=0 -MMD -MP -MF"src/Weg.d" -MT"src/Weg.o" -o "src/Weg.o" "../src/Weg.cpp"
Finished building: ../src/Weg.cpp
 
Building target: Aufgabenblock_2
Invoking: MacOS X C++ Linker
g++  -o "Aufgabenblock_2"  ./src/Fahrrad.o ./src/Fahrzeug.o ./src/PKW.o ./src/Simulationsobjekt.o ./src/Verhalten.o ./src/Weg.o ./src/main.o   
Finished building target: Aufgabenblock_2
 
15:23:04 **** Incremental Build of configuration Debug for project Aufgabenblock_2 ****
make all 
Building file: ../src/Weg.cpp
Invoking: GCC C++ Compiler
g++ -std=c++17 -O0 -g3 -Wall -c -fmessage-length=0 -MMD -MP -MF"src/Weg.d" -MT"src/Weg.o" -o "src/Weg.o" "../src/Weg.cpp"
../src/Weg.cpp:89:24: error: indirection requires pointer operand ('int' invalid)
                std::cout << "1:" << *iterator << std::endl;
                                     ^~~~~~~~~
1 error generated.
make: *** [src/Weg.o] Error 1
"make all" terminated with exit code 2. Build might be incomplete.
15:23:13 **** Incremental Build of configuration Debug for project Aufgabenblock_2 ****
make all 
Building file: ../src/Weg.cpp
Invoking: GCC C++ Compiler
g++ -std=c++17 -O0 -g3 -Wall -c -fmessage-length=0 -MMD -MP -MF"src/Weg.d" -MT"src/Weg.o" -o "src/Weg.o" "../src/Weg.cpp"
../src/Weg.cpp:90:21: error: invalid operands to binary expression ('basic_ostream<char, std::char_traits<char>>' and 'std::list<std::unique_ptr<Fahrzeug>>::const_iterator' (aka '__list_const_iterator<std::unique_ptr<Fahrzeug>, void *>'))
                std::cout << "2:" << p_pFahrzeuge.cend() << std::endl;
                ~~~~~~~~~~~~~~~~~ ^  ~~~~~~~~~~~~~~~~~~~
/Library/Developer/CommandLineTools/SDKs/MacOSX.sdk/usr/include/c++/v1/cstddef:143:3: note: candidate function template not viable: no known conversion from 'basic_ostream<char, std::char_traits<char>>' to 'std::byte' for 1st argument
  operator<< (byte  __lhs, _Integer __shift) noexcept
  ^
/Library/Developer/CommandLineTools/SDKs/MacOSX.sdk/usr/include/c++/v1/ostream:748:1: note: candidate function template not viable: no known conversion from 'std::list<std::unique_ptr<Fahrzeug>>::const_iterator' (aka '__list_const_iterator<std::unique_ptr<Fahrzeug>, void *>') to 'char' for 2nd argument
operator<<(basic_ostream<_CharT, _Traits>& __os, char __cn)
^
/Library/Developer/CommandLineTools/SDKs/MacOSX.sdk/usr/include/c++/v1/ostream:781:1: note: candidate function template not viable: no known conversion from 'std::list<std::unique_ptr<Fahrzeug>>::const_iterator' (aka '__list_const_iterator<std::unique_ptr<Fahrzeug>, void *>') to 'char' for 2nd argument
operator<<(basic_ostream<char, _Traits>& __os, char __c)
^
/Library/Developer/CommandLineTools/SDKs/MacOSX.sdk/usr/include/c++/v1/ostream:788:1: note: candidate function template not viable: no known conversion from 'std::list<std::unique_ptr<Fahrzeug>>::const_iterator' (aka '__list_const_iterator<std::unique_ptr<Fahrzeug>, void *>') to 'signed char' for 2nd argument
operator<<(basic_ostream<char, _Traits>& __os, signed char __c)
^
/Library/Developer/CommandLineTools/SDKs/MacOSX.sdk/usr/include/c++/v1/ostream:795:1: note: candidate function template not viable: no known conversion from 'std::list<std::unique_ptr<Fahrzeug>>::const_iterator' (aka '__list_const_iterator<std::unique_ptr<Fahrzeug>, void *>') to 'unsigned char' for 2nd argument
operator<<(basic_ostream<char, _Traits>& __os, unsigned char __c)
^
/Library/Developer/CommandLineTools/SDKs/MacOSX.sdk/usr/include/c++/v1/ostream:809:1: note: candidate function template not viable: no known conversion from 'std::list<std::unique_ptr<Fahrzeug>>::const_iterator' (aka '__list_const_iterator<std::unique_ptr<Fahrzeug>, void *>') to 'const char *' for 2nd argument
operator<<(basic_ostream<_CharT, _Traits>& __os, const char* __strn)
^
/Library/Developer/CommandLineTools/SDKs/MacOSX.sdk/usr/include/c++/v1/ostream:855:1: note: candidate function template not viable: no known conversion from 'std::list<std::unique_ptr<Fahrzeug>>::const_iterator' (aka '__list_const_iterator<std::unique_ptr<Fahrzeug>, void *>') to 'const char *' for 2nd argument
operator<<(basic_ostream<char, _Traits>& __os, const char* __str)
^
/Library/Developer/CommandLineTools/SDKs/MacOSX.sdk/usr/include/c++/v1/ostream:862:1: note: candidate function template not viable: no known conversion from 'std::list<std::unique_ptr<Fahrzeug>>::const_iterator' (aka '__list_const_iterator<std::unique_ptr<Fahrzeug>, void *>') to 'const signed char *' for 2nd argument
operator<<(basic_ostream<char, _Traits>& __os, const signed char* __str)
^
/Library/Developer/CommandLineTools/SDKs/MacOSX.sdk/usr/include/c++/v1/ostream:870:1: note: candidate function template not viable: no known conversion from 'std::list<std::unique_ptr<Fahrzeug>>::const_iterator' (aka '__list_const_iterator<std::unique_ptr<Fahrzeug>, void *>') to 'const unsigned char *' for 2nd argument
operator<<(basic_ostream<char, _Traits>& __os, const unsigned char* __str)
^
/Library/Developer/CommandLineTools/SDKs/MacOSX.sdk/usr/include/c++/v1/ostream:1055:1: note: candidate function template not viable: no known conversion from 'std::list<std::unique_ptr<Fahrzeug>>::const_iterator' (aka '__list_const_iterator<std::unique_ptr<Fahrzeug>, void *>') to 'const std::error_code' for 2nd argument
operator<<(basic_ostream<_CharT, _Traits>& __os, const error_code& __ec)
^
../src/Fahrzeug.h:104:15: note: candidate function not viable: no known conversion from 'std::list<std::unique_ptr<Fahrzeug>>::const_iterator' (aka '__list_const_iterator<std::unique_ptr<Fahrzeug>, void *>') to 'const Fahrzeug' for 2nd argument
std::ostream& operator<<(std::ostream&, const Fahrzeug&);
              ^
../src/Weg.h:81:15: note: candidate function not viable: no known conversion from 'std::list<std::unique_ptr<Fahrzeug>>::const_iterator' (aka '__list_const_iterator<std::unique_ptr<Fahrzeug>, void *>') to 'const Weg' for 2nd argument
std::ostream& operator<<(std::ostream&, const Weg&);
              ^
/Library/Developer/CommandLineTools/SDKs/MacOSX.sdk/usr/include/c++/v1/ostream:741:1: note: candidate template ignored: deduced conflicting types for parameter '_CharT' ('char' vs. 'std::__list_const_iterator<std::unique_ptr<Fahrzeug>, void *>')
operator<<(basic_ostream<_CharT, _Traits>& __os, _CharT __c)
^
/Library/Developer/CommandLineTools/SDKs/MacOSX.sdk/usr/include/c++/v1/__random/uniform_int_distribution.h:282:1: note: candidate template ignored: could not match 'uniform_int_distribution' against '__list_const_iterator'
operator<<(basic_ostream<_CharT, _Traits>& __os,
^
/Library/Developer/CommandLineTools/SDKs/MacOSX.sdk/usr/include/c++/v1/ostream:802:1: note: candidate template ignored: could not match 'const _CharT *' against 'std::list<std::unique_ptr<Fahrzeug>>::const_iterator' (aka '__list_const_iterator<std::unique_ptr<Fahrzeug>, void *>')
operator<<(basic_ostream<_CharT, _Traits>& __os, const _CharT* __str)
^
/Library/Developer/CommandLineTools/SDKs/MacOSX.sdk/usr/include/c++/v1/ostream:1038:1: note: candidate template ignored: could not match 'basic_string' against '__list_const_iterator'
operator<<(basic_ostream<_CharT, _Traits>& __os,
^
/Library/Developer/CommandLineTools/SDKs/MacOSX.sdk/usr/include/c++/v1/ostream:1046:1: note: candidate template ignored: could not match 'basic_string_view' against '__list_const_iterator'
operator<<(basic_ostream<_CharT, _Traits>& __os,
^
/Library/Developer/CommandLineTools/SDKs/MacOSX.sdk/usr/include/c++/v1/ostream:1063:1: note: candidate template ignored: could not match 'shared_ptr' against '__list_const_iterator'
operator<<(basic_ostream<_CharT, _Traits>& __os, shared_ptr<_Yp> const& __p)
^
/Library/Developer/CommandLineTools/SDKs/MacOSX.sdk/usr/include/c++/v1/ostream:1082:1: note: candidate template ignored: could not match 'bitset' against '__list_const_iterator'
operator<<(basic_ostream<_CharT, _Traits>& __os, const bitset<_Size>& __x)
^
/Library/Developer/CommandLineTools/SDKs/MacOSX.sdk/usr/include/c++/v1/ostream:1030:11: note: candidate template ignored: requirement 'integral_constant<bool, false>::value' was not satisfied [with _Stream = std::ostream &, _Tp = std::__list_const_iterator<std::unique_ptr<Fahrzeug>, void *>]
_Stream&& operator<<(_Stream&& __os, const _Tp& __x)
          ^
/Library/Developer/CommandLineTools/SDKs/MacOSX.sdk/usr/include/c++/v1/ostream:1075:1: note: candidate template ignored: could not match 'unique_ptr' against '__list_const_iterator'
operator<<(basic_ostream<_CharT, _Traits>& __os, unique_ptr<_Yp, _Dp> const& __p)
^
/Library/Developer/CommandLineTools/SDKs/MacOSX.sdk/usr/include/c++/v1/iomanip:362:1: note: candidate template ignored: could not match '__iom_t8' against '__list_const_iterator'
operator<<(basic_ostream<_CharT, _Traits>& __os, const __iom_t8<_MoneyT>& __x)
^
/Library/Developer/CommandLineTools/SDKs/MacOSX.sdk/usr/include/c++/v1/iomanip:482:1: note: candidate template ignored: could not match '__iom_t10' against '__list_const_iterator'
operator<<(basic_ostream<_CharT, _Traits>& __os, const __iom_t10<_CharT>& __x)
^
/Library/Developer/CommandLineTools/SDKs/MacOSX.sdk/usr/include/c++/v1/iomanip:572:33: note: candidate template ignored: could not match '__quoted_output_proxy' against '__list_const_iterator'
basic_ostream<_CharT, _Traits>& operator<<(
                                ^
/Library/Developer/CommandLineTools/SDKs/MacOSX.sdk/usr/include/c++/v1/iomanip:592:33: note: candidate template ignored: could not match '__quoted_proxy' against '__list_const_iterator'
basic_ostream<_CharT, _Traits>& operator<<(
                                ^
/Library/Developer/CommandLineTools/SDKs/MacOSX.sdk/usr/include/c++/v1/ostream:188:20: note: candidate function not viable: no known conversion from 'std::list<std::unique_ptr<Fahrzeug>>::const_iterator' (aka '__list_const_iterator<std::unique_ptr<Fahrzeug>, void *>') to 'std::ostream &(*)(std::ostream &)' for 1st argument
    basic_ostream& operator<<(basic_ostream& (*__pf)(basic_ostream&))
                   ^
/Library/Developer/CommandLineTools/SDKs/MacOSX.sdk/usr/include/c++/v1/ostream:192:20: note: candidate function not viable: no known conversion from 'std::list<std::unique_ptr<Fahrzeug>>::const_iterator' (aka '__list_const_iterator<std::unique_ptr<Fahrzeug>, void *>') to 'basic_ios<std::basic_ostream<char>::char_type, std::basic_ostream<char>::traits_type> &(*)(basic_ios<std::basic_ostream<char>::char_type, std::basic_ostream<char>::traits_type> &)' (aka 'basic_ios<char, std::char_traits<char>> &(*)(basic_ios<char, std::char_traits<char>> &)') for 1st argument
    basic_ostream& operator<<(basic_ios<char_type, traits_type>&
                   ^
/Library/Developer/CommandLineTools/SDKs/MacOSX.sdk/usr/include/c++/v1/ostream:197:20: note: candidate function not viable: no known conversion from 'std::list<std::unique_ptr<Fahrzeug>>::const_iterator' (aka '__list_const_iterator<std::unique_ptr<Fahrzeug>, void *>') to 'std::ios_base &(*)(std::ios_base &)' for 1st argument
    basic_ostream& operator<<(ios_base& (*__pf)(ios_base&))
                   ^
/Library/Developer/CommandLineTools/SDKs/MacOSX.sdk/usr/include/c++/v1/ostream:200:20: note: candidate function not viable: no known conversion from 'std::list<std::unique_ptr<Fahrzeug>>::const_iterator' (aka '__list_const_iterator<std::unique_ptr<Fahrzeug>, void *>') to 'bool' for 1st argument
    basic_ostream& operator<<(bool __n);
                   ^
/Library/Developer/CommandLineTools/SDKs/MacOSX.sdk/usr/include/c++/v1/ostream:201:20: note: candidate function not viable: no known conversion from 'std::list<std::unique_ptr<Fahrzeug>>::const_iterator' (aka '__list_const_iterator<std::unique_ptr<Fahrzeug>, void *>') to 'short' for 1st argument
    basic_ostream& operator<<(short __n);
                   ^
/Library/Developer/CommandLineTools/SDKs/MacOSX.sdk/usr/include/c++/v1/ostream:202:20: note: candidate function not viable: no known conversion from 'std::list<std::unique_ptr<Fahrzeug>>::const_iterator' (aka '__list_const_iterator<std::unique_ptr<Fahrzeug>, void *>') to 'unsigned short' for 1st argument
    basic_ostream& operator<<(unsigned short __n);
                   ^
/Library/Developer/CommandLineTools/SDKs/MacOSX.sdk/usr/include/c++/v1/ostream:203:20: note: candidate function not viable: no known conversion from 'std::list<std::unique_ptr<Fahrzeug>>::const_iterator' (aka '__list_const_iterator<std::unique_ptr<Fahrzeug>, void *>') to 'int' for 1st argument
    basic_ostream& operator<<(int __n);
                   ^
/Library/Developer/CommandLineTools/SDKs/MacOSX.sdk/usr/include/c++/v1/ostream:204:20: note: candidate function not viable: no known conversion from 'std::list<std::unique_ptr<Fahrzeug>>::const_iterator' (aka '__list_const_iterator<std::unique_ptr<Fahrzeug>, void *>') to 'unsigned int' for 1st argument
    basic_ostream& operator<<(unsigned int __n);
                   ^
/Library/Developer/CommandLineTools/SDKs/MacOSX.sdk/usr/include/c++/v1/ostream:205:20: note: candidate function not viable: no known conversion from 'std::list<std::unique_ptr<Fahrzeug>>::const_iterator' (aka '__list_const_iterator<std::unique_ptr<Fahrzeug>, void *>') to 'long' for 1st argument
    basic_ostream& operator<<(long __n);
                   ^
/Library/Developer/CommandLineTools/SDKs/MacOSX.sdk/usr/include/c++/v1/ostream:206:20: note: candidate function not viable: no known conversion from 'std::list<std::unique_ptr<Fahrzeug>>::const_iterator' (aka '__list_const_iterator<std::unique_ptr<Fahrzeug>, void *>') to 'unsigned long' for 1st argument
    basic_ostream& operator<<(unsigned long __n);
                   ^
/Library/Developer/CommandLineTools/SDKs/MacOSX.sdk/usr/include/c++/v1/ostream:207:20: note: candidate function not viable: no known conversion from 'std::list<std::unique_ptr<Fahrzeug>>::const_iterator' (aka '__list_const_iterator<std::unique_ptr<Fahrzeug>, void *>') to 'long long' for 1st argument
    basic_ostream& operator<<(long long __n);
                   ^
/Library/Developer/CommandLineTools/SDKs/MacOSX.sdk/usr/include/c++/v1/ostream:208:20: note: candidate function not viable: no known conversion from 'std::list<std::unique_ptr<Fahrzeug>>::const_iterator' (aka '__list_const_iterator<std::unique_ptr<Fahrzeug>, void *>') to 'unsigned long long' for 1st argument
    basic_ostream& operator<<(unsigned long long __n);
                   ^
/Library/Developer/CommandLineTools/SDKs/MacOSX.sdk/usr/include/c++/v1/ostream:209:20: note: candidate function not viable: no known conversion from 'std::list<std::unique_ptr<Fahrzeug>>::const_iterator' (aka '__list_const_iterator<std::unique_ptr<Fahrzeug>, void *>') to 'float' for 1st argument
    basic_ostream& operator<<(float __f);
                   ^
/Library/Developer/CommandLineTools/SDKs/MacOSX.sdk/usr/include/c++/v1/ostream:210:20: note: candidate function not viable: no known conversion from 'std::list<std::unique_ptr<Fahrzeug>>::const_iterator' (aka '__list_const_iterator<std::unique_ptr<Fahrzeug>, void *>') to 'double' for 1st argument
    basic_ostream& operator<<(double __f);
                   ^
/Library/Developer/CommandLineTools/SDKs/MacOSX.sdk/usr/include/c++/v1/ostream:211:20: note: candidate function not viable: no known conversion from 'std::list<std::unique_ptr<Fahrzeug>>::const_iterator' (aka '__list_const_iterator<std::unique_ptr<Fahrzeug>, void *>') to 'long double' for 1st argument
    basic_ostream& operator<<(long double __f);
                   ^
/Library/Developer/CommandLineTools/SDKs/MacOSX.sdk/usr/include/c++/v1/ostream:212:20: note: candidate function not viable: no known conversion from 'std::list<std::unique_ptr<Fahrzeug>>::const_iterator' (aka '__list_const_iterator<std::unique_ptr<Fahrzeug>, void *>') to 'const void *' for 1st argument
    basic_ostream& operator<<(const void* __p);
                   ^
/Library/Developer/CommandLineTools/SDKs/MacOSX.sdk/usr/include/c++/v1/ostream:213:20: note: candidate function not viable: no known conversion from 'std::list<std::unique_ptr<Fahrzeug>>::const_iterator' (aka '__list_const_iterator<std::unique_ptr<Fahrzeug>, void *>') to 'basic_streambuf<std::basic_ostream<char>::char_type, std::basic_ostream<char>::traits_type> *' (aka 'basic_streambuf<char, std::char_traits<char>> *') for 1st argument
    basic_ostream& operator<<(basic_streambuf<char_type, traits_type>* __sb);
                   ^
/Library/Developer/CommandLineTools/SDKs/MacOSX.sdk/usr/include/c++/v1/ostream:216:20: note: candidate function not viable: no known conversion from 'std::list<std::unique_ptr<Fahrzeug>>::const_iterator' (aka '__list_const_iterator<std::unique_ptr<Fahrzeug>, void *>') to 'std::nullptr_t' for 1st argument
    basic_ostream& operator<<(nullptr_t)
                   ^
1 error generated.
make: *** [src/Weg.o] Error 1
"make all" terminated with exit code 2. Build might be incomplete.
15:23:31 **** Incremental Build of configuration Debug for project Aufgabenblock_2 ****
make all 
Building file: ../src/Weg.cpp
Invoking: GCC C++ Compiler
g++ -std=c++17 -O0 -g3 -Wall -c -fmessage-length=0 -MMD -MP -MF"src/Weg.d" -MT"src/Weg.o" -o "src/Weg.o" "../src/Weg.cpp"
Finished building: ../src/Weg.cpp
 
Building target: Aufgabenblock_2
Invoking: MacOS X C++ Linker
g++  -o "Aufgabenblock_2"  ./src/Fahrrad.o ./src/Fahrzeug.o ./src/PKW.o ./src/Simulationsobjekt.o ./src/Verhalten.o ./src/Weg.o ./src/main.o   
Finished building target: Aufgabenblock_2
 
15:23:45 **** Incremental Build of configuration Debug for project Aufgabenblock_2 ****
make all 
Building file: ../src/Weg.cpp
Invoking: GCC C++ Compiler
g++ -std=c++17 -O0 -g3 -Wall -c -fmessage-length=0 -MMD -MP -MF"src/Weg.d" -MT"src/Weg.o" -o "src/Weg.o" "../src/Weg.cpp"
Finished building: ../src/Weg.cpp
 
Building target: Aufgabenblock_2
Invoking: MacOS X C++ Linker
g++  -o "Aufgabenblock_2"  ./src/Fahrrad.o ./src/Fahrzeug.o ./src/PKW.o ./src/Simulationsobjekt.o ./src/Verhalten.o ./src/Weg.o ./src/main.o   
Finished building target: Aufgabenblock_2
 
15:24:36 **** Incremental Build of configuration Debug for project Aufgabenblock_2 ****
make all 
Building file: ../src/Weg.cpp
Invoking: GCC C++ Compiler
g++ -std=c++17 -O0 -g3 -Wall -c -fmessage-length=0 -MMD -MP -MF"src/Weg.d" -MT"src/Weg.o" -o "src/Weg.o" "../src/Weg.cpp"
../src/Weg.cpp:88:15: error: invalid operands to binary expression ('std::__list_const_iterator<std::unique_ptr<Fahrzeug>, void *>' and 'std::list<std::unique_ptr<Fahrzeug>>::size_type' (aka 'unsigned long'))
                if(fahrzeug == p_pFahrzeuge.size()) {
                   ~~~~~~~~ ^  ~~~~~~~~~~~~~~~~~~~
/Library/Developer/CommandLineTools/SDKs/MacOSX.sdk/usr/include/c++/v1/list:528:10: note: candidate function not viable: no known conversion from 'std::list<std::unique_ptr<Fahrzeug>>::size_type' (aka 'unsigned long') to 'const std::__list_const_iterator<std::unique_ptr<Fahrzeug>, void *>' for 2nd argument
    bool operator==(const __list_const_iterator& __x, const __list_const_iterator& __y)
         ^
/Library/Developer/CommandLineTools/SDKs/MacOSX.sdk/usr/include/c++/v1/__variant/monostate.h:43:16: note: candidate function not viable: no known conversion from 'std::__list_const_iterator<std::unique_ptr<Fahrzeug>, void *>' to 'std::monostate' for 1st argument
constexpr bool operator==(monostate, monostate) noexcept { return true; }
               ^
/Library/Developer/CommandLineTools/SDKs/MacOSX.sdk/usr/include/c++/v1/system_error:391:1: note: candidate function not viable: no known conversion from 'std::__list_const_iterator<std::unique_ptr<Fahrzeug>, void *>' to 'const std::error_code' for 1st argument
operator==(const error_code& __x, const error_code& __y) _NOEXCEPT
^
/Library/Developer/CommandLineTools/SDKs/MacOSX.sdk/usr/include/c++/v1/system_error:398:1: note: candidate function not viable: no known conversion from 'std::__list_const_iterator<std::unique_ptr<Fahrzeug>, void *>' to 'const std::error_code' for 1st argument
operator==(const error_code& __x, const error_condition& __y) _NOEXCEPT
^
/Library/Developer/CommandLineTools/SDKs/MacOSX.sdk/usr/include/c++/v1/system_error:406:1: note: candidate function not viable: no known conversion from 'std::__list_const_iterator<std::unique_ptr<Fahrzeug>, void *>' to 'const std::error_condition' for 1st argument
operator==(const error_condition& __x, const error_code& __y) _NOEXCEPT
^
/Library/Developer/CommandLineTools/SDKs/MacOSX.sdk/usr/include/c++/v1/system_error:413:1: note: candidate function not viable: no known conversion from 'std::__list_const_iterator<std::unique_ptr<Fahrzeug>, void *>' to 'const std::error_condition' for 1st argument
operator==(const error_condition& __x, const error_condition& __y) _NOEXCEPT
^
/Library/Developer/CommandLineTools/SDKs/MacOSX.sdk/usr/include/c++/v1/__utility/pair.h:321:1: note: candidate template ignored: could not match 'pair' against '__list_const_iterator'
operator==(const pair<_T1,_T2>& __x, const pair<_T1,_T2>& __y)
^
/Library/Developer/CommandLineTools/SDKs/MacOSX.sdk/usr/include/c++/v1/__iterator/wrap_iter.h:169:6: note: candidate template ignored: could not match '__wrap_iter' against '__list_const_iterator'
bool operator==(const __wrap_iter<_Iter1>& __x, const __wrap_iter<_Iter1>& __y) _NOEXCEPT
     ^
/Library/Developer/CommandLineTools/SDKs/MacOSX.sdk/usr/include/c++/v1/__iterator/wrap_iter.h:176:6: note: candidate template ignored: could not match '__wrap_iter' against '__list_const_iterator'
bool operator==(const __wrap_iter<_Iter1>& __x, const __wrap_iter<_Iter2>& __y) _NOEXCEPT
     ^
/Library/Developer/CommandLineTools/SDKs/MacOSX.sdk/usr/include/c++/v1/tuple:1297:1: note: candidate template ignored: could not match 'tuple' against '__list_const_iterator'
operator==(const tuple<_Tp...>& __x, const tuple<_Up...>& __y)
^
/Library/Developer/CommandLineTools/SDKs/MacOSX.sdk/usr/include/c++/v1/__memory/allocator.h:244:6: note: candidate template ignored: could not match 'allocator' against '__list_const_iterator'
bool operator==(const allocator<_Tp>&, const allocator<_Up>&) _NOEXCEPT {return true;}
     ^
/Library/Developer/CommandLineTools/SDKs/MacOSX.sdk/usr/include/c++/v1/__memory/unique_ptr.h:572:1: note: candidate template ignored: could not match 'unique_ptr' against '__list_const_iterator'
operator==(const unique_ptr<_T1, _D1>& __x, const unique_ptr<_T2, _D2>& __y) {return __x.get() == __y.get();}
^
/Library/Developer/CommandLineTools/SDKs/MacOSX.sdk/usr/include/c++/v1/__memory/unique_ptr.h:608:1: note: candidate template ignored: could not match 'unique_ptr' against '__list_const_iterator'
operator==(const unique_ptr<_T1, _D1>& __x, nullptr_t) _NOEXCEPT
^
/Library/Developer/CommandLineTools/SDKs/MacOSX.sdk/usr/include/c++/v1/__memory/unique_ptr.h:616:1: note: candidate template ignored: could not match 'unique_ptr<type-parameter-0-0, type-parameter-0-1>' against 'unsigned long'
operator==(nullptr_t, const unique_ptr<_T1, _D1>& __x) _NOEXCEPT
^
/Library/Developer/CommandLineTools/SDKs/MacOSX.sdk/usr/include/c++/v1/__memory/shared_ptr.h:1121:1: note: candidate template ignored: could not match 'shared_ptr' against '__list_const_iterator'
operator==(const shared_ptr<_Tp>& __x, const shared_ptr<_Up>& __y) _NOEXCEPT
^
/Library/Developer/CommandLineTools/SDKs/MacOSX.sdk/usr/include/c++/v1/__memory/shared_ptr.h:1175:1: note: candidate template ignored: could not match 'shared_ptr' against '__list_const_iterator'
operator==(const shared_ptr<_Tp>& __x, nullptr_t) _NOEXCEPT
^
/Library/Developer/CommandLineTools/SDKs/MacOSX.sdk/usr/include/c++/v1/__memory/shared_ptr.h:1183:1: note: candidate template ignored: could not match 'shared_ptr<type-parameter-0-0>' against 'unsigned long'
operator==(nullptr_t, const shared_ptr<_Tp>& __x) _NOEXCEPT
^
/Library/Developer/CommandLineTools/SDKs/MacOSX.sdk/usr/include/c++/v1/variant:1613:16: note: candidate template ignored: could not match 'variant' against '__list_const_iterator'
constexpr bool operator==(const variant<_Types...>& __lhs,
               ^
/Library/Developer/CommandLineTools/SDKs/MacOSX.sdk/usr/include/c++/v1/__iterator/istreambuf_iterator.h:96:6: note: candidate template ignored: could not match 'istreambuf_iterator' against '__list_const_iterator'
bool operator==(const istreambuf_iterator<_CharT,_Traits>& __a,
     ^
/Library/Developer/CommandLineTools/SDKs/MacOSX.sdk/usr/include/c++/v1/__iterator/istream_iterator.h:84:1: note: candidate template ignored: could not match 'istream_iterator' against '__list_const_iterator'
operator==(const istream_iterator<_Tp, _CharT, _Traits, _Distance>& __x,
^
/Library/Developer/CommandLineTools/SDKs/MacOSX.sdk/usr/include/c++/v1/__iterator/move_iterator.h:105:1: note: candidate template ignored: could not match 'move_iterator' against '__list_const_iterator'
operator==(const move_iterator<_Iter1>& __x, const move_iterator<_Iter2>& __y)
^
/Library/Developer/CommandLineTools/SDKs/MacOSX.sdk/usr/include/c++/v1/__iterator/reverse_iterator.h:154:1: note: candidate template ignored: could not match 'reverse_iterator' against '__list_const_iterator'
operator==(const reverse_iterator<_Iter1>& __x, const reverse_iterator<_Iter2>& __y)
^
/Library/Developer/CommandLineTools/SDKs/MacOSX.sdk/usr/include/c++/v1/__functional/function.h:1215:1: note: candidate template ignored: could not match 'function' against '__list_const_iterator'
operator==(const function<_Rp(_ArgTypes...)>& __f, nullptr_t) _NOEXCEPT {return !__f;}
^
/Library/Developer/CommandLineTools/SDKs/MacOSX.sdk/usr/include/c++/v1/__functional/function.h:1220:1: note: candidate template ignored: could not match 'function<type-parameter-0-0 (type-parameter-0-1...)>' against 'unsigned long'
operator==(nullptr_t, const function<_Rp(_ArgTypes...)>& __f) _NOEXCEPT {return !__f;}
^
/Library/Developer/CommandLineTools/SDKs/MacOSX.sdk/usr/include/c++/v1/string_view:679:6: note: candidate template ignored: could not match 'basic_string_view' against '__list_const_iterator'
bool operator==(basic_string_view<_CharT, _Traits> __lhs,
     ^
/Library/Developer/CommandLineTools/SDKs/MacOSX.sdk/usr/include/c++/v1/string_view:688:6: note: candidate template ignored: could not match 'basic_string_view' against '__list_const_iterator'
bool operator==(basic_string_view<_CharT, _Traits> __lhs,
     ^
/Library/Developer/CommandLineTools/SDKs/MacOSX.sdk/usr/include/c++/v1/string_view:697:6: note: candidate template ignored: could not match 'basic_string_view<type-parameter-0-0, type-parameter-0-1>' against 'unsigned long'
bool operator==(typename common_type<basic_string_view<_CharT, _Traits> >::type __lhs,
     ^
/Library/Developer/CommandLineTools/SDKs/MacOSX.sdk/usr/include/c++/v1/string:584:6: note: candidate template ignored: could not match 'fpos' against '__list_const_iterator'
bool operator==(const fpos<_StateT>& __x, const fpos<_StateT>& __y)
     ^
/Library/Developer/CommandLineTools/SDKs/MacOSX.sdk/usr/include/c++/v1/string:4073:1: note: candidate template ignored: could not match 'basic_string' against '__list_const_iterator'
operator==(const basic_string<_CharT, _Traits, _Allocator>& __lhs,
^
/Library/Developer/CommandLineTools/SDKs/MacOSX.sdk/usr/include/c++/v1/string:4085:1: note: candidate template ignored: could not match 'basic_string' against '__list_const_iterator'
operator==(const basic_string<char, char_traits<char>, _Allocator>& __lhs,
^
/Library/Developer/CommandLineTools/SDKs/MacOSX.sdk/usr/include/c++/v1/string:4104:1: note: candidate template ignored: could not match 'const _CharT *' against 'std::__list_const_iterator<std::unique_ptr<Fahrzeug>, void *>'
operator==(const _CharT* __lhs,
^
/Library/Developer/CommandLineTools/SDKs/MacOSX.sdk/usr/include/c++/v1/string:4117:1: note: candidate template ignored: could not match 'basic_string' against '__list_const_iterator'
operator==(const basic_string<_CharT,_Traits,_Allocator>& __lhs,
^
/Library/Developer/CommandLineTools/SDKs/MacOSX.sdk/usr/include/c++/v1/list:2422:1: note: candidate template ignored: could not match 'list' against '__list_const_iterator'
operator==(const list<_Tp, _Alloc>& __x, const list<_Tp, _Alloc>& __y)
^
1 error generated.
make: *** [src/Weg.o] Error 1
"make all" terminated with exit code 2. Build might be incomplete.
15:24:57 **** Incremental Build of configuration Debug for project Aufgabenblock_2 ****
make all 
Building file: ../src/Weg.cpp
Invoking: GCC C++ Compiler
g++ -std=c++17 -O0 -g3 -Wall -c -fmessage-length=0 -MMD -MP -MF"src/Weg.d" -MT"src/Weg.o" -o "src/Weg.o" "../src/Weg.cpp"
Finished building: ../src/Weg.cpp
 
Building target: Aufgabenblock_2
Invoking: MacOS X C++ Linker
g++  -o "Aufgabenblock_2"  ./src/Fahrrad.o ./src/Fahrzeug.o ./src/PKW.o ./src/Simulationsobjekt.o ./src/Verhalten.o ./src/Weg.o ./src/main.o   
Finished building target: Aufgabenblock_2
 
15:25:39 **** Incremental Build of configuration Debug for project Aufgabenblock_2 ****
make all 
Building file: ../src/main.cpp
Invoking: GCC C++ Compiler
g++ -std=c++17 -O0 -g3 -Wall -c -fmessage-length=0 -MMD -MP -MF"src/main.d" -MT"src/main.o" -o "src/main.o" "../src/main.cpp"
../src/main.cpp:324:40: warning: unused variable 'p_pFahrzeuge' [-Wunused-variable]
        std::list<std::unique_ptr<Fahrzeug>>* p_pFahrzeuge = weg->getFahrzeuge();
                                              ^
1 warning generated.
Finished building: ../src/main.cpp
 
Building target: Aufgabenblock_2
Invoking: MacOS X C++ Linker
g++  -o "Aufgabenblock_2"  ./src/Fahrrad.o ./src/Fahrzeug.o ./src/PKW.o ./src/Simulationsobjekt.o ./src/Verhalten.o ./src/Weg.o ./src/main.o   
Finished building target: Aufgabenblock_2
 
15:31:27 **** Incremental Build of configuration Debug for project Aufgabenblock_2 ****
make all 
Building file: ../src/Fahrzeug.cpp
Invoking: GCC C++ Compiler
g++ -std=c++17 -O0 -g3 -Wall -c -fmessage-length=0 -MMD -MP -MF"src/Fahrzeug.d" -MT"src/Fahrzeug.o" -o "src/Fahrzeug.o" "../src/Fahrzeug.cpp"
Finished building: ../src/Fahrzeug.cpp
 
Building file: ../src/Verhalten.cpp
Invoking: GCC C++ Compiler
g++ -std=c++17 -O0 -g3 -Wall -c -fmessage-length=0 -MMD -MP -MF"src/Verhalten.d" -MT"src/Verhalten.o" -o "src/Verhalten.o" "../src/Verhalten.cpp"
Finished building: ../src/Verhalten.cpp
 
Building file: ../src/Weg.cpp
Invoking: GCC C++ Compiler
g++ -std=c++17 -O0 -g3 -Wall -c -fmessage-length=0 -MMD -MP -MF"src/Weg.d" -MT"src/Weg.o" -o "src/Weg.o" "../src/Weg.cpp"
../src/Weg.cpp:80:80: error: non-member function cannot have 'const' qualifier
std::string iterateFahrzeuge(std::list<std::unique_ptr<Fahrzeug>>* pFahrzeuge) const {
                                                                               ^~~~~~
../src/Weg.cpp:101:27: error: no matching function for call to 'iterateFahrzeuge'
  std::string fahrzeuge = iterateFahrzeuge(&p_pFahrzeuge);
                          ^~~~~~~~~~~~~~~~
../src/Weg.cpp:80:13: note: candidate function not viable: 1st argument ('const std::list<std::unique_ptr<Fahrzeug>> *') would lose const qualifier
std::string iterateFahrzeuge(std::list<std::unique_ptr<Fahrzeug>>* pFahrzeuge) const {
            ^
2 errors generated.
make: *** [src/Weg.o] Error 1
"make all" terminated with exit code 2. Build might be incomplete.
15:31:51 **** Incremental Build of configuration Debug for project Aufgabenblock_2 ****
make all 
Building file: ../src/Weg.cpp
Invoking: GCC C++ Compiler
g++ -std=c++17 -O0 -g3 -Wall -c -fmessage-length=0 -MMD -MP -MF"src/Weg.d" -MT"src/Weg.o" -o "src/Weg.o" "../src/Weg.cpp"
../src/Weg.cpp:101:27: error: no matching function for call to 'iterateFahrzeuge'
  std::string fahrzeuge = iterateFahrzeuge(&p_pFahrzeuge);
                          ^~~~~~~~~~~~~~~~
../src/Weg.cpp:80:13: note: candidate function not viable: 1st argument ('const std::list<std::unique_ptr<Fahrzeug>> *') would lose const qualifier
std::string iterateFahrzeuge(std::list<std::unique_ptr<Fahrzeug>>* pFahrzeuge) {
            ^
1 error generated.
make: *** [src/Weg.o] Error 1
"make all" terminated with exit code 2. Build might be incomplete.
15:33:34 **** Incremental Build of configuration Debug for project Aufgabenblock_2 ****
make all 
Building file: ../src/Fahrzeug.cpp
Invoking: GCC C++ Compiler
g++ -std=c++17 -O0 -g3 -Wall -c -fmessage-length=0 -MMD -MP -MF"src/Fahrzeug.d" -MT"src/Fahrzeug.o" -o "src/Fahrzeug.o" "../src/Fahrzeug.cpp"
Finished building: ../src/Fahrzeug.cpp
 
Building file: ../src/Verhalten.cpp
Invoking: GCC C++ Compiler
g++ -std=c++17 -O0 -g3 -Wall -c -fmessage-length=0 -MMD -MP -MF"src/Verhalten.d" -MT"src/Verhalten.o" -o "src/Verhalten.o" "../src/Verhalten.cpp"
Finished building: ../src/Verhalten.cpp
 
Building file: ../src/Weg.cpp
Invoking: GCC C++ Compiler
g++ -std=c++17 -O0 -g3 -Wall -c -fmessage-length=0 -MMD -MP -MF"src/Weg.d" -MT"src/Weg.o" -o "src/Weg.o" "../src/Weg.cpp"
../src/Weg.cpp:80:18: error: out-of-line definition of 'iterateFahrzeuge' does not match any declaration in 'Weg'
std::string Weg::iterateFahrzeuge(std::list<std::unique_ptr<Fahrzeug>>* pFahrzeuge) const {
                 ^~~~~~~~~~~~~~~~
../src/Weg.h:64:31: note: type of 1st parameter of member declaration does not match definition ('std::list<std::unique_ptr<Fahrzeug>>' vs 'std::list<std::unique_ptr<Fahrzeug>> *')
        std::string iterateFahrzeuge(std::list<std::unique_ptr<Fahrzeug>> fahrzeuge) const;
                                     ^
../src/Weg.cpp:101:44: error: no viable conversion from 'const std::list<std::unique_ptr<Fahrzeug>> *' to 'std::list<std::unique_ptr<Fahrzeug>>'
  std::string fahrzeuge = iterateFahrzeuge(&p_pFahrzeuge);
                                           ^~~~~~~~~~~~~
/Library/Developer/CommandLineTools/SDKs/MacOSX.sdk/usr/include/c++/v1/list:896:5: note: candidate constructor not viable: no known conversion from 'const std::list<std::unique_ptr<Fahrzeug>> *' to 'const std::list<std::unique_ptr<Fahrzeug>> &' for 1st argument; remove &
    list(const list& __c);
    ^
/Library/Developer/CommandLineTools/SDKs/MacOSX.sdk/usr/include/c++/v1/list:901:5: note: candidate constructor not viable: no known conversion from 'const std::list<std::unique_ptr<Fahrzeug>> *' to 'initializer_list<std::list<std::unique_ptr<Fahrzeug>>::value_type>' (aka 'initializer_list<std::unique_ptr<Fahrzeug>>') for 1st argument
    list(initializer_list<value_type> __il);
    ^
/Library/Developer/CommandLineTools/SDKs/MacOSX.sdk/usr/include/c++/v1/list:905:5: note: candidate constructor not viable: no known conversion from 'const std::list<std::unique_ptr<Fahrzeug>> *' to 'std::list<std::unique_ptr<Fahrzeug>> &&' for 1st argument
    list(list&& __c)
    ^
/Library/Developer/CommandLineTools/SDKs/MacOSX.sdk/usr/include/c++/v1/list:877:14: note: explicit constructor is not a candidate
    explicit list(const allocator_type& __a) : base(__a)
             ^
/Library/Developer/CommandLineTools/SDKs/MacOSX.sdk/usr/include/c++/v1/list:883:14: note: explicit constructor is not a candidate
    explicit list(size_type __n);
             ^
../src/Weg.h:64:68: note: passing argument to parameter 'fahrzeuge' here
        std::string iterateFahrzeuge(std::list<std::unique_ptr<Fahrzeug>> fahrzeuge) const;
                                                                          ^
2 errors generated.
make: *** [src/Weg.o] Error 1
"make all" terminated with exit code 2. Build might be incomplete.
15:33:55 **** Incremental Build of configuration Debug for project Aufgabenblock_2 ****
make all 
Building file: ../src/Fahrzeug.cpp
Invoking: GCC C++ Compiler
g++ -std=c++17 -O0 -g3 -Wall -c -fmessage-length=0 -MMD -MP -MF"src/Fahrzeug.d" -MT"src/Fahrzeug.o" -o "src/Fahrzeug.o" "../src/Fahrzeug.cpp"
Finished building: ../src/Fahrzeug.cpp
 
Building file: ../src/Verhalten.cpp
Invoking: GCC C++ Compiler
g++ -std=c++17 -O0 -g3 -Wall -c -fmessage-length=0 -MMD -MP -MF"src/Verhalten.d" -MT"src/Verhalten.o" -o "src/Verhalten.o" "../src/Verhalten.cpp"
Finished building: ../src/Verhalten.cpp
 
Building file: ../src/Weg.cpp
Invoking: GCC C++ Compiler
g++ -std=c++17 -O0 -g3 -Wall -c -fmessage-length=0 -MMD -MP -MF"src/Weg.d" -MT"src/Weg.o" -o "src/Weg.o" "../src/Weg.cpp"
../src/Weg.cpp:101:44: error: cannot initialize a parameter of type 'std::list<std::unique_ptr<Fahrzeug>> *' with an rvalue of type 'const std::list<std::unique_ptr<Fahrzeug>> *'
  std::string fahrzeuge = iterateFahrzeuge(&p_pFahrzeuge);
                                           ^~~~~~~~~~~~~
../src/Weg.cpp:80:73: note: passing argument to parameter 'pFahrzeuge' here
std::string Weg::iterateFahrzeuge(std::list<std::unique_ptr<Fahrzeug>>* pFahrzeuge) const {
                                                                        ^
1 error generated.
make: *** [src/Weg.o] Error 1
"make all" terminated with exit code 2. Build might be incomplete.
15:34:14 **** Incremental Build of configuration Debug for project Aufgabenblock_2 ****
make all 
Building file: ../src/Weg.cpp
Invoking: GCC C++ Compiler
g++ -std=c++17 -O0 -g3 -Wall -c -fmessage-length=0 -MMD -MP -MF"src/Weg.d" -MT"src/Weg.o" -o "src/Weg.o" "../src/Weg.cpp"
../src/Weg.cpp:101:44: error: cannot initialize a parameter of type 'std::list<std::unique_ptr<Fahrzeug>> *' with an rvalue of type 'const std::list<std::unique_ptr<Fahrzeug>> *'
  std::string fahrzeuge = iterateFahrzeuge(&p_pFahrzeuge);
                                           ^~~~~~~~~~~~~
../src/Weg.cpp:80:73: note: passing argument to parameter 'pFahrzeuge' here
std::string Weg::iterateFahrzeuge(std::list<std::unique_ptr<Fahrzeug>>* pFahrzeuge) const {
                                                                        ^
1 error generated.
make: *** [src/Weg.o] Error 1
"make all" terminated with exit code 2. Build might be incomplete.
15:37:09 **** Incremental Build of configuration Debug for project Aufgabenblock_2 ****
make all 
Building file: ../src/Fahrzeug.cpp
Invoking: GCC C++ Compiler
g++ -std=c++17 -O0 -g3 -Wall -c -fmessage-length=0 -MMD -MP -MF"src/Fahrzeug.d" -MT"src/Fahrzeug.o" -o "src/Fahrzeug.o" "../src/Fahrzeug.cpp"
Finished building: ../src/Fahrzeug.cpp
 
Building file: ../src/Verhalten.cpp
Invoking: GCC C++ Compiler
g++ -std=c++17 -O0 -g3 -Wall -c -fmessage-length=0 -MMD -MP -MF"src/Verhalten.d" -MT"src/Verhalten.o" -o "src/Verhalten.o" "../src/Verhalten.cpp"
Finished building: ../src/Verhalten.cpp
 
Building file: ../src/Weg.cpp
Invoking: GCC C++ Compiler
g++ -std=c++17 -O0 -g3 -Wall -c -fmessage-length=0 -MMD -MP -MF"src/Weg.d" -MT"src/Weg.o" -o "src/Weg.o" "../src/Weg.cpp"
../src/Weg.cpp:84:15: error: redefinition of 'fahrzeuge'
  std::string fahrzeuge;
              ^
../src/Weg.cpp:83:15: note: previous definition is here
  std::string fahrzeuge;
              ^
1 error generated.
make: *** [src/Weg.o] Error 1
"make all" terminated with exit code 2. Build might be incomplete.
15:37:30 **** Incremental Build of configuration Debug for project Aufgabenblock_2 ****
make all 
Building file: ../src/Weg.cpp
Invoking: GCC C++ Compiler
g++ -std=c++17 -O0 -g3 -Wall -c -fmessage-length=0 -MMD -MP -MF"src/Weg.d" -MT"src/Weg.o" -o "src/Weg.o" "../src/Weg.cpp"
Finished building: ../src/Weg.cpp
 
Building file: ../src/main.cpp
Invoking: GCC C++ Compiler
g++ -std=c++17 -O0 -g3 -Wall -c -fmessage-length=0 -MMD -MP -MF"src/main.d" -MT"src/main.o" -o "src/main.o" "../src/main.cpp"
../src/main.cpp:325:30: error: invalid range expression of type 'std::list<std::unique_ptr<Fahrzeug>> *'; did you mean to dereference it with '*'?
        for (auto const &fahrzeug : p_pFahrzeuge) {
                                    ^
                                    *
1 error generated.
make: *** [src/main.o] Error 1
"make all" terminated with exit code 2. Build might be incomplete.
15:37:41 **** Incremental Build of configuration Debug for project Aufgabenblock_2 ****
make all 
Building file: ../src/main.cpp
Invoking: GCC C++ Compiler
g++ -std=c++17 -O0 -g3 -Wall -c -fmessage-length=0 -MMD -MP -MF"src/main.d" -MT"src/main.o" -o "src/main.o" "../src/main.cpp"
Finished building: ../src/main.cpp
 
Building target: Aufgabenblock_2
Invoking: MacOS X C++ Linker
g++  -o "Aufgabenblock_2"  ./src/Fahrrad.o ./src/Fahrzeug.o ./src/PKW.o ./src/Simulationsobjekt.o ./src/Verhalten.o ./src/Weg.o ./src/main.o   
Finished building target: Aufgabenblock_2
 
15:38:05 **** Incremental Build of configuration Debug for project Aufgabenblock_2 ****
make all 
Building file: ../src/main.cpp
Invoking: GCC C++ Compiler
g++ -std=c++17 -O0 -g3 -Wall -c -fmessage-length=0 -MMD -MP -MF"src/main.d" -MT"src/main.o" -o "src/main.o" "../src/main.cpp"
Finished building: ../src/main.cpp
 
Building target: Aufgabenblock_2
Invoking: MacOS X C++ Linker
g++  -o "Aufgabenblock_2"  ./src/Fahrrad.o ./src/Fahrzeug.o ./src/PKW.o ./src/Simulationsobjekt.o ./src/Verhalten.o ./src/Weg.o ./src/main.o   
Finished building target: Aufgabenblock_2
 
15:44:48 **** Incremental Build of configuration Debug for project Aufgabenblock_2 ****
make all 
Building file: ../src/Fahrrad.cpp
Invoking: GCC C++ Compiler
g++ -std=c++17 -O0 -g3 -Wall -c -fmessage-length=0 -MMD -MP -MF"src/Fahrrad.d" -MT"src/Fahrrad.o" -o "src/Fahrrad.o" "../src/Fahrrad.cpp"
In file included from ../src/Fahrrad.cpp:3:
In file included from ../src/Fahrrad.h:2:
../src/Fahrzeug.h:66:12: error: incomplete result type 'Verhalten' in function definition
        Verhalten getVerhalten() {
                  ^
../src/Fahrzeug.h:9:7: note: forward declaration of 'Verhalten'
class Verhalten;
      ^
../src/Fahrzeug.h:67:10: error: no viable conversion from 'Verhalten *' to incomplete type 'Verhalten'
                return p_pVerhalten;
                       ^~~~~~~~~~~~
../src/Fahrzeug.h:9:7: note: forward declaration of 'Verhalten'
class Verhalten;
      ^
2 errors generated.
make: *** [src/Fahrrad.o] Error 1
"make all" terminated with exit code 2. Build might be incomplete.
15:45:30 **** Incremental Build of configuration Debug for project Aufgabenblock_2 ****
make all 
Building file: ../src/Fahrrad.cpp
Invoking: GCC C++ Compiler
g++ -std=c++17 -O0 -g3 -Wall -c -fmessage-length=0 -MMD -MP -MF"src/Fahrrad.d" -MT"src/Fahrrad.o" -o "src/Fahrrad.o" "../src/Fahrrad.cpp"
In file included from ../src/Fahrrad.cpp:3:
In file included from ../src/Fahrrad.h:2:
In file included from ../src/Fahrzeug.h:4:
In file included from ../src/Verhalten.h:1:
../src/Weg.h:15:28: error: use of undeclared identifier 'Fahrzeug'
        std::list<std::unique_ptr<Fahrzeug>> p_pFahrzeuge;
                                  ^
../src/Weg.h:43:28: error: use of undeclared identifier 'Fahrzeug'
        std::list<std::unique_ptr<Fahrzeug>>* getFahrzeuge() {
                                  ^
../src/Weg.h:64:32: error: use of undeclared identifier 'Fahrzeug'
        void vAnnahme(std::unique_ptr<Fahrzeug>);
                                      ^
In file included from ../src/Fahrrad.cpp:3:
In file included from ../src/Fahrrad.h:2:
../src/Fahrzeug.h:67:10: error: no viable conversion from returned value of type 'Verhalten *' to function return type 'Verhalten'
                return p_pVerhalten;
                       ^~~~~~~~~~~~
../src/Verhalten.h:8:7: note: candidate constructor (the implicit copy constructor) not viable: no known conversion from 'Verhalten *' to 'const Verhalten &' for 1st argument; dereference the argument with *
class Verhalten {
      ^
../src/Verhalten.h:11:2: note: candidate constructor not viable: no known conversion from 'Verhalten *' to 'Weg &' for 1st argument
        Verhalten(Weg& weg);
        ^
4 errors generated.
make: *** [src/Fahrrad.o] Error 1
"make all" terminated with exit code 2. Build might be incomplete.
15:45:36 **** Incremental Build of configuration Debug for project Aufgabenblock_2 ****
make all 
Building file: ../src/Fahrrad.cpp
Invoking: GCC C++ Compiler
g++ -std=c++17 -O0 -g3 -Wall -c -fmessage-length=0 -MMD -MP -MF"src/Fahrrad.d" -MT"src/Fahrrad.o" -o "src/Fahrrad.o" "../src/Fahrrad.cpp"
In file included from ../src/Fahrrad.cpp:3:
In file included from ../src/Fahrrad.h:2:
In file included from ../src/Fahrzeug.h:4:
In file included from ../src/Verhalten.h:1:
../src/Weg.h:15:28: error: use of undeclared identifier 'Fahrzeug'
        std::list<std::unique_ptr<Fahrzeug>> p_pFahrzeuge;
                                  ^
../src/Weg.h:43:28: error: use of undeclared identifier 'Fahrzeug'
        std::list<std::unique_ptr<Fahrzeug>>* getFahrzeuge() {
                                  ^
../src/Weg.h:64:32: error: use of undeclared identifier 'Fahrzeug'
        void vAnnahme(std::unique_ptr<Fahrzeug>);
                                      ^
In file included from ../src/Fahrrad.cpp:3:
In file included from ../src/Fahrrad.h:2:
../src/Fahrzeug.h:67:10: error: no viable conversion from returned value of type 'Verhalten *' to function return type 'Verhalten'
                return p_pVerhalten;
                       ^~~~~~~~~~~~
../src/Verhalten.h:8:7: note: candidate constructor (the implicit copy constructor) not viable: no known conversion from 'Verhalten *' to 'const Verhalten &' for 1st argument; dereference the argument with *
class Verhalten {
      ^
../src/Verhalten.h:11:2: note: candidate constructor not viable: no known conversion from 'Verhalten *' to 'Weg &' for 1st argument
        Verhalten(Weg& weg);
        ^
4 errors generated.
make: *** [src/Fahrrad.o] Error 1
"make all" terminated with exit code 2. Build might be incomplete.
15:46:09 **** Incremental Build of configuration Debug for project Aufgabenblock_2 ****
make all 
Building file: ../src/Fahrrad.cpp
Invoking: GCC C++ Compiler
g++ -std=c++17 -O0 -g3 -Wall -c -fmessage-length=0 -MMD -MP -MF"src/Fahrrad.d" -MT"src/Fahrrad.o" -o "src/Fahrrad.o" "../src/Fahrrad.cpp"
In file included from ../src/Fahrrad.cpp:3:
In file included from ../src/Fahrrad.h:2:
In file included from ../src/Fahrzeug.h:4:
In file included from ../src/Verhalten.h:1:
../src/Weg.h:56:46: error: member access into incomplete type 'Fahrzeug'
                std::string fahrzeug_name = fahrzeug->get()->getName();
                                                           ^
../src/Weg.h:10:7: note: forward declaration of 'Fahrzeug'
class Fahrzeug;
      ^
In file included from ../src/Fahrrad.cpp:3:
In file included from ../src/Fahrrad.h:2:
../src/Fahrzeug.h:67:10: error: no viable conversion from returned value of type 'Verhalten *' to function return type 'Verhalten'
                return p_pVerhalten;
                       ^~~~~~~~~~~~
../src/Verhalten.h:8:7: note: candidate constructor (the implicit copy constructor) not viable: no known conversion from 'Verhalten *' to 'const Verhalten &' for 1st argument; dereference the argument with *
class Verhalten {
      ^
../src/Verhalten.h:11:2: note: candidate constructor not viable: no known conversion from 'Verhalten *' to 'Weg &' for 1st argument
        Verhalten(Weg& weg);
        ^
2 errors generated.
make: *** [src/Fahrrad.o] Error 1
"make all" terminated with exit code 2. Build might be incomplete.
15:47:03 **** Incremental Build of configuration Debug for project Aufgabenblock_2 ****
make all 
Building file: ../src/Fahrrad.cpp
Invoking: GCC C++ Compiler
g++ -std=c++17 -O0 -g3 -Wall -c -fmessage-length=0 -MMD -MP -MF"src/Fahrrad.d" -MT"src/Fahrrad.o" -o "src/Fahrrad.o" "../src/Fahrrad.cpp"
In file included from ../src/Fahrrad.cpp:3:
In file included from ../src/Fahrrad.h:2:
In file included from ../src/Fahrzeug.h:4:
In file included from ../src/Verhalten.h:1:
../src/Weg.h:15:28: error: use of undeclared identifier 'Fahrzeug'
        std::list<std::unique_ptr<Fahrzeug>> p_pFahrzeuge;
                                  ^
../src/Weg.h:43:28: error: use of undeclared identifier 'Fahrzeug'
        std::list<std::unique_ptr<Fahrzeug>>* getFahrzeuge() {
                                  ^
../src/Weg.h:64:32: error: use of undeclared identifier 'Fahrzeug'
        void vAnnahme(std::unique_ptr<Fahrzeug>);
                                      ^
In file included from ../src/Fahrrad.cpp:3:
In file included from ../src/Fahrrad.h:2:
In file included from ../src/Fahrzeug.h:4:
../src/Verhalten.h:12:26: error: unknown type name 'Fahrzeug'
        virtual double dStrecke(Fahrzeug& aFzg, double dZeitIntervall) = 0;
                                ^
In file included from ../src/Fahrrad.cpp:3:
In file included from ../src/Fahrrad.h:2:
../src/Fahrzeug.h:67:10: error: no viable conversion from returned value of type 'Verhalten *' to function return type 'Verhalten'
                return p_pVerhalten;
                       ^~~~~~~~~~~~
../src/Verhalten.h:7:7: note: candidate constructor (the implicit copy constructor) not viable: no known conversion from 'Verhalten *' to 'const Verhalten &' for 1st argument; dereference the argument with *
class Verhalten {
      ^
../src/Verhalten.h:10:2: note: candidate constructor not viable: no known conversion from 'Verhalten *' to 'Weg &' for 1st argument
        Verhalten(Weg& weg);
        ^
5 errors generated.
make: *** [src/Fahrrad.o] Error 1
"make all" terminated with exit code 2. Build might be incomplete.
15:47:24 **** Incremental Build of configuration Debug for project Aufgabenblock_2 ****
make all 
Building file: ../src/Fahrrad.cpp
Invoking: GCC C++ Compiler
g++ -std=c++17 -O0 -g3 -Wall -c -fmessage-length=0 -MMD -MP -MF"src/Fahrrad.d" -MT"src/Fahrrad.o" -o "src/Fahrrad.o" "../src/Fahrrad.cpp"
In file included from ../src/Fahrrad.cpp:3:
In file included from ../src/Fahrrad.h:2:
In file included from ../src/Fahrzeug.h:4:
In file included from ../src/Verhalten.h:1:
../src/Weg.h:56:46: error: member access into incomplete type 'Fahrzeug'
                std::string fahrzeug_name = fahrzeug->get()->getName();
                                                           ^
../src/Weg.h:10:7: note: forward declaration of 'Fahrzeug'
class Fahrzeug;
      ^
In file included from ../src/Fahrrad.cpp:3:
In file included from ../src/Fahrrad.h:2:
../src/Fahrzeug.h:67:10: error: no viable conversion from returned value of type 'Verhalten *' to function return type 'Verhalten'
                return p_pVerhalten;
                       ^~~~~~~~~~~~
../src/Verhalten.h:7:7: note: candidate constructor (the implicit copy constructor) not viable: no known conversion from 'Verhalten *' to 'const Verhalten &' for 1st argument; dereference the argument with *
class Verhalten {
      ^
../src/Verhalten.h:10:2: note: candidate constructor not viable: no known conversion from 'Verhalten *' to 'Weg &' for 1st argument
        Verhalten(Weg& weg);
        ^
2 errors generated.
make: *** [src/Fahrrad.o] Error 1
"make all" terminated with exit code 2. Build might be incomplete.
15:47:54 **** Incremental Build of configuration Debug for project Aufgabenblock_2 ****
make all 
Building file: ../src/Fahrrad.cpp
Invoking: GCC C++ Compiler
g++ -std=c++17 -O0 -g3 -Wall -c -fmessage-length=0 -MMD -MP -MF"src/Fahrrad.d" -MT"src/Fahrrad.o" -o "src/Fahrrad.o" "../src/Fahrrad.cpp"
In file included from ../src/Fahrrad.cpp:3:
In file included from ../src/Fahrrad.h:2:
In file included from ../src/Fahrzeug.h:4:
In file included from ../src/Verhalten.h:1:
../src/Weg.h:56:46: error: member access into incomplete type 'Fahrzeug'
                std::string fahrzeug_name = fahrzeug->get()->getName();
                                                           ^
../src/Weg.h:10:7: note: forward declaration of 'Fahrzeug'
class Fahrzeug;
      ^
In file included from ../src/Fahrrad.cpp:3:
In file included from ../src/Fahrrad.h:2:
../src/Fahrzeug.h:67:10: error: no viable conversion from returned value of type 'Verhalten *' to function return type 'Verhalten'
                return p_pVerhalten;
                       ^~~~~~~~~~~~
../src/Verhalten.h:7:7: note: candidate constructor (the implicit copy constructor) not viable: no known conversion from 'Verhalten *' to 'const Verhalten &' for 1st argument; dereference the argument with *
class Verhalten {
      ^
../src/Verhalten.h:10:2: note: candidate constructor not viable: no known conversion from 'Verhalten *' to 'Weg &' for 1st argument
        Verhalten(Weg& weg);
        ^
2 errors generated.
make: *** [src/Fahrrad.o] Error 1
"make all" terminated with exit code 2. Build might be incomplete.
15:48:42 **** Incremental Build of configuration Debug for project Aufgabenblock_2 ****
make all 
Building file: ../src/Fahrrad.cpp
Invoking: GCC C++ Compiler
g++ -std=c++17 -O0 -g3 -Wall -c -fmessage-length=0 -MMD -MP -MF"src/Fahrrad.d" -MT"src/Fahrrad.o" -o "src/Fahrrad.o" "../src/Fahrrad.cpp"
In file included from ../src/Fahrrad.cpp:3:
In file included from ../src/Fahrrad.h:2:
In file included from ../src/Fahrzeug.h:4:
In file included from ../src/Verhalten.h:1:
../src/Weg.h:56:46: error: member access into incomplete type 'Fahrzeug'
                std::string fahrzeug_name = fahrzeug->get()->getName();
                                                           ^
../src/Weg.h:10:7: note: forward declaration of 'Fahrzeug'
class Fahrzeug;
      ^
In file included from ../src/Fahrrad.cpp:3:
In file included from ../src/Fahrrad.h:2:
../src/Fahrzeug.h:67:10: error: no viable conversion from returned value of type 'Verhalten *' to function return type 'Verhalten'
                return p_pVerhalten;
                       ^~~~~~~~~~~~
../src/Verhalten.h:7:7: note: candidate constructor (the implicit copy constructor) not viable: no known conversion from 'Verhalten *' to 'const Verhalten &' for 1st argument; dereference the argument with *
class Verhalten {
      ^
../src/Verhalten.h:10:2: note: candidate constructor not viable: no known conversion from 'Verhalten *' to 'Weg &' for 1st argument
        Verhalten(Weg& weg);
        ^
2 errors generated.
make: *** [src/Fahrrad.o] Error 1
"make all" terminated with exit code 2. Build might be incomplete.
15:49:36 **** Incremental Build of configuration Debug for project Aufgabenblock_2 ****
make all 
Building file: ../src/Fahrrad.cpp
Invoking: GCC C++ Compiler
g++ -std=c++17 -O0 -g3 -Wall -c -fmessage-length=0 -MMD -MP -MF"src/Fahrrad.d" -MT"src/Fahrrad.o" -o "src/Fahrrad.o" "../src/Fahrrad.cpp"
In file included from ../src/Fahrrad.cpp:3:
In file included from ../src/Fahrrad.h:2:
../src/Fahrzeug.h:67:10: error: no viable conversion from returned value of type 'Verhalten *' to function return type 'Verhalten'
                return p_pVerhalten;
                       ^~~~~~~~~~~~
../src/Verhalten.h:7:7: note: candidate constructor (the implicit copy constructor) not viable: no known conversion from 'Verhalten *' to 'const Verhalten &' for 1st argument; dereference the argument with *
class Verhalten {
      ^
../src/Verhalten.h:10:2: note: candidate constructor not viable: no known conversion from 'Verhalten *' to 'Weg &' for 1st argument
        Verhalten(Weg& weg);
        ^
1 error generated.
make: *** [src/Fahrrad.o] Error 1
"make all" terminated with exit code 2. Build might be incomplete.
15:50:47 **** Incremental Build of configuration Debug for project Aufgabenblock_2 ****
make all 
Building file: ../src/Fahrrad.cpp
Invoking: GCC C++ Compiler
g++ -std=c++17 -O0 -g3 -Wall -c -fmessage-length=0 -MMD -MP -MF"src/Fahrrad.d" -MT"src/Fahrrad.o" -o "src/Fahrrad.o" "../src/Fahrrad.cpp"
In file included from ../src/Fahrrad.cpp:3:
In file included from ../src/Fahrrad.h:2:
../src/Fahrzeug.h:66:12: error: incomplete result type 'Verhalten' in function definition
        Verhalten getVerhalten() {
                  ^
../src/Fahrzeug.h:9:7: note: forward declaration of 'Verhalten'
class Verhalten;
      ^
../src/Fahrzeug.h:67:10: error: no viable conversion from 'Verhalten *' to incomplete type 'Verhalten'
                return p_pVerhalten;
                       ^~~~~~~~~~~~
../src/Fahrzeug.h:9:7: note: forward declaration of 'Verhalten'
class Verhalten;
      ^
2 errors generated.
make: *** [src/Fahrrad.o] Error 1
"make all" terminated with exit code 2. Build might be incomplete.
15:51:19 **** Incremental Build of configuration Debug for project Aufgabenblock_2 ****
make all 
Building file: ../src/Fahrrad.cpp
Invoking: GCC C++ Compiler
g++ -std=c++17 -O0 -g3 -Wall -c -fmessage-length=0 -MMD -MP -MF"src/Fahrrad.d" -MT"src/Fahrrad.o" -o "src/Fahrrad.o" "../src/Fahrrad.cpp"
In file included from ../src/Fahrrad.cpp:3:
In file included from ../src/Fahrrad.h:2:
../src/Fahrzeug.h:66:12: error: incomplete result type 'Verhalten' in function definition
        Verhalten getVerhalten() {
                  ^
../src/Fahrzeug.h:9:7: note: forward declaration of 'Verhalten'
class Verhalten;
      ^
../src/Fahrzeug.h:67:10: error: initialization of incomplete type 'Verhalten'
                return *p_pVerhalten;
                       ^
../src/Fahrzeug.h:9:7: note: forward declaration of 'Verhalten'
class Verhalten;
      ^
2 errors generated.
make: *** [src/Fahrrad.o] Error 1
"make all" terminated with exit code 2. Build might be incomplete.
15:51:56 **** Incremental Build of configuration Debug for project Aufgabenblock_2 ****
make all 
Building file: ../src/Fahrrad.cpp
Invoking: GCC C++ Compiler
g++ -std=c++17 -O0 -g3 -Wall -c -fmessage-length=0 -MMD -MP -MF"src/Fahrrad.d" -MT"src/Fahrrad.o" -o "src/Fahrrad.o" "../src/Fahrrad.cpp"
Finished building: ../src/Fahrrad.cpp
 
Building file: ../src/Fahrzeug.cpp
Invoking: GCC C++ Compiler
g++ -std=c++17 -O0 -g3 -Wall -c -fmessage-length=0 -MMD -MP -MF"src/Fahrzeug.d" -MT"src/Fahrzeug.o" -o "src/Fahrzeug.o" "../src/Fahrzeug.cpp"
Finished building: ../src/Fahrzeug.cpp
 
Building file: ../src/PKW.cpp
Invoking: GCC C++ Compiler
g++ -std=c++17 -O0 -g3 -Wall -c -fmessage-length=0 -MMD -MP -MF"src/PKW.d" -MT"src/PKW.o" -o "src/PKW.o" "../src/PKW.cpp"
Finished building: ../src/PKW.cpp
 
Building file: ../src/Verhalten.cpp
Invoking: GCC C++ Compiler
g++ -std=c++17 -O0 -g3 -Wall -c -fmessage-length=0 -MMD -MP -MF"src/Verhalten.d" -MT"src/Verhalten.o" -o "src/Verhalten.o" "../src/Verhalten.cpp"
Finished building: ../src/Verhalten.cpp
 
Building file: ../src/Weg.cpp
Invoking: GCC C++ Compiler
g++ -std=c++17 -O0 -g3 -Wall -c -fmessage-length=0 -MMD -MP -MF"src/Weg.d" -MT"src/Weg.o" -o "src/Weg.o" "../src/Weg.cpp"
Finished building: ../src/Weg.cpp
 
Building file: ../src/main.cpp
Invoking: GCC C++ Compiler
g++ -std=c++17 -O0 -g3 -Wall -c -fmessage-length=0 -MMD -MP -MF"src/main.d" -MT"src/main.o" -o "src/main.o" "../src/main.cpp"
../src/main.cpp:355:40: error: redefinition of 'p_pFahrzeuge'
        std::list<std::unique_ptr<Fahrzeug>>* p_pFahrzeuge = weg->getFahrzeuge();
                                              ^
../src/main.cpp:347:40: note: previous definition is here
        std::list<std::unique_ptr<Fahrzeug>>* p_pFahrzeuge = weg->getFahrzeuge();
                                              ^
1 error generated.
make: *** [src/main.o] Error 1
"make all" terminated with exit code 2. Build might be incomplete.
15:52:22 **** Incremental Build of configuration Debug for project Aufgabenblock_2 ****
make all 
Building file: ../src/main.cpp
Invoking: GCC C++ Compiler
g++ -std=c++17 -O0 -g3 -Wall -c -fmessage-length=0 -MMD -MP -MF"src/main.d" -MT"src/main.o" -o "src/main.o" "../src/main.cpp"
Finished building: ../src/main.cpp
 
Building target: Aufgabenblock_2
Invoking: MacOS X C++ Linker
g++  -o "Aufgabenblock_2"  ./src/Fahrrad.o ./src/Fahrzeug.o ./src/PKW.o ./src/Simulationsobjekt.o ./src/Verhalten.o ./src/Weg.o ./src/main.o   
Finished building target: Aufgabenblock_2
 
15:52:57 **** Incremental Build of configuration Debug for project Aufgabenblock_2 ****
make all 
Building file: ../src/main.cpp
Invoking: GCC C++ Compiler
g++ -std=c++17 -O0 -g3 -Wall -c -fmessage-length=0 -MMD -MP -MF"src/main.d" -MT"src/main.o" -o "src/main.o" "../src/main.cpp"
Finished building: ../src/main.cpp
 
Building target: Aufgabenblock_2
Invoking: MacOS X C++ Linker
g++  -o "Aufgabenblock_2"  ./src/Fahrrad.o ./src/Fahrzeug.o ./src/PKW.o ./src/Simulationsobjekt.o ./src/Verhalten.o ./src/Weg.o ./src/main.o   
Finished building target: Aufgabenblock_2
 
15:53:50 **** Incremental Build of configuration Debug for project Aufgabenblock_2 ****
make all 
Building file: ../src/main.cpp
Invoking: GCC C++ Compiler
g++ -std=c++17 -O0 -g3 -Wall -c -fmessage-length=0 -MMD -MP -MF"src/main.d" -MT"src/main.o" -o "src/main.o" "../src/main.cpp"
Finished building: ../src/main.cpp
 
Building target: Aufgabenblock_2
Invoking: MacOS X C++ Linker
g++  -o "Aufgabenblock_2"  ./src/Fahrrad.o ./src/Fahrzeug.o ./src/PKW.o ./src/Simulationsobjekt.o ./src/Verhalten.o ./src/Weg.o ./src/main.o   
Finished building target: Aufgabenblock_2
 
15:54:11 **** Incremental Build of configuration Debug for project Aufgabenblock_2 ****
make all 
Building file: ../src/main.cpp
Invoking: GCC C++ Compiler
g++ -std=c++17 -O0 -g3 -Wall -c -fmessage-length=0 -MMD -MP -MF"src/main.d" -MT"src/main.o" -o "src/main.o" "../src/main.cpp"
Finished building: ../src/main.cpp
 
Building target: Aufgabenblock_2
Invoking: MacOS X C++ Linker
g++  -o "Aufgabenblock_2"  ./src/Fahrrad.o ./src/Fahrzeug.o ./src/PKW.o ./src/Simulationsobjekt.o ./src/Verhalten.o ./src/Weg.o ./src/main.o   
Finished building target: Aufgabenblock_2
 
15:55:50 **** Incremental Build of configuration Debug for project Aufgabenblock_2 ****
make all 
Building file: ../src/Fahrzeug.cpp
Invoking: GCC C++ Compiler
g++ -std=c++17 -O0 -g3 -Wall -c -fmessage-length=0 -MMD -MP -MF"src/Fahrzeug.d" -MT"src/Fahrzeug.o" -o "src/Fahrzeug.o" "../src/Fahrzeug.cpp"
../src/Fahrzeug.cpp:77:9: warning: unused variable 'dTeilstrecke' [-Wunused-variable]
        double dTeilstrecke = p_pVerhalten->dStrecke(*this, dZeitraum);
               ^
1 warning generated.
Finished building: ../src/Fahrzeug.cpp
 
Building target: Aufgabenblock_2
Invoking: MacOS X C++ Linker
g++  -o "Aufgabenblock_2"  ./src/Fahrrad.o ./src/Fahrzeug.o ./src/PKW.o ./src/Simulationsobjekt.o ./src/Verhalten.o ./src/Weg.o ./src/main.o   
Finished building target: Aufgabenblock_2
 
15:56:33 **** Incremental Build of configuration Debug for project Aufgabenblock_2 ****
make all 
Building file: ../src/Verhalten.cpp
Invoking: GCC C++ Compiler
g++ -std=c++17 -O0 -g3 -Wall -c -fmessage-length=0 -MMD -MP -MF"src/Verhalten.d" -MT"src/Verhalten.o" -o "src/Verhalten.o" "../src/Verhalten.cpp"
Finished building: ../src/Verhalten.cpp
 
Building target: Aufgabenblock_2
Invoking: MacOS X C++ Linker
g++  -o "Aufgabenblock_2"  ./src/Fahrrad.o ./src/Fahrzeug.o ./src/PKW.o ./src/Simulationsobjekt.o ./src/Verhalten.o ./src/Weg.o ./src/main.o   
Finished building target: Aufgabenblock_2
 
15:57:08 **** Incremental Build of configuration Debug for project Aufgabenblock_2 ****
make all 
Building file: ../src/Fahrzeug.cpp
Invoking: GCC C++ Compiler
g++ -std=c++17 -O0 -g3 -Wall -c -fmessage-length=0 -MMD -MP -MF"src/Fahrzeug.d" -MT"src/Fahrzeug.o" -o "src/Fahrzeug.o" "../src/Fahrzeug.cpp"
Finished building: ../src/Fahrzeug.cpp
 
Building target: Aufgabenblock_2
Invoking: MacOS X C++ Linker
g++  -o "Aufgabenblock_2"  ./src/Fahrrad.o ./src/Fahrzeug.o ./src/PKW.o ./src/Simulationsobjekt.o ./src/Verhalten.o ./src/Weg.o ./src/main.o   
Finished building target: Aufgabenblock_2
 
15:57:30 **** Incremental Build of configuration Debug for project Aufgabenblock_2 ****
make all 
Building file: ../src/Weg.cpp
Invoking: GCC C++ Compiler
g++ -std=c++17 -O0 -g3 -Wall -c -fmessage-length=0 -MMD -MP -MF"src/Weg.d" -MT"src/Weg.o" -o "src/Weg.o" "../src/Weg.cpp"
Finished building: ../src/Weg.cpp
 
Building target: Aufgabenblock_2
Invoking: MacOS X C++ Linker
g++  -o "Aufgabenblock_2"  ./src/Fahrrad.o ./src/Fahrzeug.o ./src/PKW.o ./src/Simulationsobjekt.o ./src/Verhalten.o ./src/Weg.o ./src/main.o   
Finished building target: Aufgabenblock_2
 
15:57:56 **** Incremental Build of configuration Debug for project Aufgabenblock_2 ****
make all 
Building file: ../src/Fahrzeug.cpp
Invoking: GCC C++ Compiler
g++ -std=c++17 -O0 -g3 -Wall -c -fmessage-length=0 -MMD -MP -MF"src/Fahrzeug.d" -MT"src/Fahrzeug.o" -o "src/Fahrzeug.o" "../src/Fahrzeug.cpp"
Finished building: ../src/Fahrzeug.cpp
 
Building file: ../src/Weg.cpp
Invoking: GCC C++ Compiler
g++ -std=c++17 -O0 -g3 -Wall -c -fmessage-length=0 -MMD -MP -MF"src/Weg.d" -MT"src/Weg.o" -o "src/Weg.o" "../src/Weg.cpp"
Finished building: ../src/Weg.cpp
 
Building target: Aufgabenblock_2
Invoking: MacOS X C++ Linker
g++  -o "Aufgabenblock_2"  ./src/Fahrrad.o ./src/Fahrzeug.o ./src/PKW.o ./src/Simulationsobjekt.o ./src/Verhalten.o ./src/Weg.o ./src/main.o   
Finished building target: Aufgabenblock_2
 
16:01:16 **** Incremental Build of configuration Debug for project Aufgabenblock_2 ****
make all 
Building file: ../src/Fahrzeug.cpp
Invoking: GCC C++ Compiler
g++ -std=c++17 -O0 -g3 -Wall -c -fmessage-length=0 -MMD -MP -MF"src/Fahrzeug.d" -MT"src/Fahrzeug.o" -o "src/Fahrzeug.o" "../src/Fahrzeug.cpp"
Finished building: ../src/Fahrzeug.cpp
 
Building file: ../src/main.cpp
Invoking: GCC C++ Compiler
g++ -std=c++17 -O0 -g3 -Wall -c -fmessage-length=0 -MMD -MP -MF"src/main.d" -MT"src/main.o" -o "src/main.o" "../src/main.cpp"
Finished building: ../src/main.cpp
 
Building target: Aufgabenblock_2
Invoking: MacOS X C++ Linker
g++  -o "Aufgabenblock_2"  ./src/Fahrrad.o ./src/Fahrzeug.o ./src/PKW.o ./src/Simulationsobjekt.o ./src/Verhalten.o ./src/Weg.o ./src/main.o   
Finished building target: Aufgabenblock_2
 
16:01:41 **** Incremental Build of configuration Debug for project Aufgabenblock_2 ****
make all 
make: Nothing to be done for `all'.
16:02:04 **** Incremental Build of configuration Debug for project Aufgabenblock_2 ****
make all 
Building file: ../src/main.cpp
Invoking: GCC C++ Compiler
g++ -std=c++17 -O0 -g3 -Wall -c -fmessage-length=0 -MMD -MP -MF"src/main.d" -MT"src/main.o" -o "src/main.o" "../src/main.cpp"
Finished building: ../src/main.cpp
 
Building target: Aufgabenblock_2
Invoking: MacOS X C++ Linker
g++  -o "Aufgabenblock_2"  ./src/Fahrrad.o ./src/Fahrzeug.o ./src/PKW.o ./src/Simulationsobjekt.o ./src/Verhalten.o ./src/Weg.o ./src/main.o   
Finished building target: Aufgabenblock_2
 
16:02:11 **** Incremental Build of configuration Debug for project Aufgabenblock_2 ****
make all 
make: Nothing to be done for `all'.
16:03:07 **** Incremental Build of configuration Debug for project Aufgabenblock_2 ****
make all 
make: Nothing to be done for `all'.
16:03:16 **** Build of configuration Debug for project Aufgabenblock_1 ****
make all 
make: Nothing to be done for `all'.
16:04:14 **** Incremental Build of configuration Debug for project Aufgabenblock_2 ****
make all 
make: Nothing to be done for `all'.
16:09:02 **** Incremental Build of configuration Debug for project Aufgabenblock_2 ****
make all 
Building file: ../src/Fahrrad.cpp
Invoking: GCC C++ Compiler
g++ -std=c++17 -O0 -g3 -Wall -c -fmessage-length=0 -MMD -MP -MF"src/Fahrrad.d" -MT"src/Fahrrad.o" -o "src/Fahrrad.o" "../src/Fahrrad.cpp"
Finished building: ../src/Fahrrad.cpp
 
Building file: ../src/Fahrzeug.cpp
Invoking: GCC C++ Compiler
g++ -std=c++17 -O0 -g3 -Wall -c -fmessage-length=0 -MMD -MP -MF"src/Fahrzeug.d" -MT"src/Fahrzeug.o" -o "src/Fahrzeug.o" "../src/Fahrzeug.cpp"
Finished building: ../src/Fahrzeug.cpp
 
Building file: ../src/PKW.cpp
Invoking: GCC C++ Compiler
g++ -std=c++17 -O0 -g3 -Wall -c -fmessage-length=0 -MMD -MP -MF"src/PKW.d" -MT"src/PKW.o" -o "src/PKW.o" "../src/PKW.cpp"
Finished building: ../src/PKW.cpp
 
Building file: ../src/Simulationsobjekt.cpp
Invoking: GCC C++ Compiler
g++ -std=c++17 -O0 -g3 -Wall -c -fmessage-length=0 -MMD -MP -MF"src/Simulationsobjekt.d" -MT"src/Simulationsobjekt.o" -o "src/Simulationsobjekt.o" "../src/Simulationsobjekt.cpp"
Finished building: ../src/Simulationsobjekt.cpp
 
Building file: ../src/Verhalten.cpp
Invoking: GCC C++ Compiler
g++ -std=c++17 -O0 -g3 -Wall -c -fmessage-length=0 -MMD -MP -MF"src/Verhalten.d" -MT"src/Verhalten.o" -o "src/Verhalten.o" "../src/Verhalten.cpp"
Finished building: ../src/Verhalten.cpp
 
Building file: ../src/Weg.cpp
Invoking: GCC C++ Compiler
g++ -std=c++17 -O0 -g3 -Wall -c -fmessage-length=0 -MMD -MP -MF"src/Weg.d" -MT"src/Weg.o" -o "src/Weg.o" "../src/Weg.cpp"
Finished building: ../src/Weg.cpp
 
Building file: ../src/main.cpp
Invoking: GCC C++ Compiler
g++ -std=c++17 -O0 -g3 -Wall -c -fmessage-length=0 -MMD -MP -MF"src/main.d" -MT"src/main.o" -o "src/main.o" "../src/main.cpp"
Finished building: ../src/main.cpp
 
Building target: Aufgabenblock_2
Invoking: MacOS X C++ Linker
g++  -o "Aufgabenblock_2"  ./src/Fahrrad.o ./src/Fahrzeug.o ./src/PKW.o ./src/Simulationsobjekt.o ./src/Verhalten.o ./src/Weg.o ./src/main.o   
Finished building target: Aufgabenblock_2
 
